This is pdfTeX, Version 3.14159265-2.6-1.40.19 (TeX Live 2018/W32TeX) (preloaded format=pdflatex 2019.7.18)  18 APR 2022 15:14
entering extended mode
 restricted \write18 enabled.
 %&-line parsing enabled.
**Introduction.tex
(./Introduction.tex
LaTeX2e <2018-04-01> patch level 2
Babel <3.18> and hyphenation patterns for 84 language(s) loaded.
! Undefined control sequence.
<argument> \undefinedpagestyle 
                               
l.3 \pagestyle{myheadings}
                          
The control sequence at the end of the top line
of your error message was never \def'ed. If you have
misspelled it (e.g., `\hobx'), type `I' and the correct
spelling (e.g., `I\hbox'). Otherwise just continue,
and I'll forget about whatever was undefined.

! Undefined control sequence.
l.6 \chapter
            {ç»ªè®º}\label{ch1}
The control sequence at the end of the top line
of your error message was never \def'ed. If you have
misspelled it (e.g., `\hobx'), type `I' and the correct
spelling (e.g., `I\hbox'). Otherwise just continue,
and I'll forget about whatever was undefined.


! Package inputenc Error: Unicode character ç»ª (U+7EEA)
(inputenc)                not set up for use with LaTeX.

See the inputenc package documentation for explanation.
Type  H <return>  for immediate help.
 ...                                              
                                                  
l.6 \chapter{ç»ª
                è®º}\label{ch1}
You may provide a definition with
\DeclareUnicodeCharacter 


! Package inputenc Error: Unicode character è®º (U+8BBA)
(inputenc)                not set up for use with LaTeX.

See the inputenc package documentation for explanation.
Type  H <return>  for immediate help.
 ...                                              
                                                  
l.6 \chapter{ç»ªè®º
                   }\label{ch1}
You may provide a definition with
\DeclareUnicodeCharacter 

! Undefined control sequence.
l.10 \section
             {æ—¶æ»å¤æ‚ç½‘ç»œæ¦‚è¿°}\setcounter{equation}{0}
The control sequence at the end of the top line
of your error message was never \def'ed. If you have
misspelled it (e.g., `\hobx'), type `I' and the correct
spelling (e.g., `I\hbox'). Otherwise just continue,
and I'll forget about whatever was undefined.


! Package inputenc Error: Unicode character æ—¶ (U+65F6)
(inputenc)                not set up for use with LaTeX.

See the inputenc package documentation for explanation.
Type  H <return>  for immediate help.
 ...                                              
                                                  
l.10 \section{æ—¶
                 æ»å¤æ‚ç½‘ç»œæ¦‚è¿°}\setcounter{equation}{0}
You may provide a definition with
\DeclareUnicodeCharacter 


! Package inputenc Error: Unicode character æ» (U+6EDE)
(inputenc)                not set up for use with LaTeX.

See the inputenc package documentation for explanation.
Type  H <return>  for immediate help.
 ...                                              
                                                  
l.10 \section{æ—¶æ»
                    å¤æ‚ç½‘ç»œæ¦‚è¿°}\setcounter{equation}{0}
You may provide a definition with
\DeclareUnicodeCharacter 


! Package inputenc Error: Unicode character å¤ (U+590D)
(inputenc)                not set up for use with LaTeX.

See the inputenc package documentation for explanation.
Type  H <return>  for immediate help.
 ...                                              
                                                  
l.10 \section{æ—¶æ»å¤
                       æ‚ç½‘ç»œæ¦‚è¿°}\setcounter{equation}{0}
You may provide a definition with
\DeclareUnicodeCharacter 


! Package inputenc Error: Unicode character æ‚ (U+6742)
(inputenc)                not set up for use with LaTeX.

See the inputenc package documentation for explanation.
Type  H <return>  for immediate help.
 ...                                              
                                                  
l.10 \section{æ—¶æ»å¤æ‚
                          ç½‘ç»œæ¦‚è¿°}\setcounter{equation}{0}
You may provide a definition with
\DeclareUnicodeCharacter 


! Package inputenc Error: Unicode character ç½‘ (U+7F51)
(inputenc)                not set up for use with LaTeX.

See the inputenc package documentation for explanation.
Type  H <return>  for immediate help.
 ...                                              
                                                  
l.10 \section{æ—¶æ»å¤æ‚ç½‘
                             ç»œæ¦‚è¿°}\setcounter{equation}{0}
You may provide a definition with
\DeclareUnicodeCharacter 


! Package inputenc Error: Unicode character ç»œ (U+7EDC)
(inputenc)                not set up for use with LaTeX.

See the inputenc package documentation for explanation.
Type  H <return>  for immediate help.
 ...                                              
                                                  
l.10 \section{æ—¶æ»å¤æ‚ç½‘ç»œ
                                æ¦‚è¿°}\setcounter{equation}{0}
You may provide a definition with
\DeclareUnicodeCharacter 


! Package inputenc Error: Unicode character æ¦‚ (U+6982)
(inputenc)                not set up for use with LaTeX.

See the inputenc package documentation for explanation.
Type  H <return>  for immediate help.
 ...                                              
                                                  
l.10 \section{æ—¶æ»å¤æ‚ç½‘ç»œæ¦‚
                                   è¿°}\setcounter{equation}{0}
You may provide a definition with
\DeclareUnicodeCharacter 


! Package inputenc Error: Unicode character è¿° (U+8FF0)
(inputenc)                not set up for use with LaTeX.

See the inputenc package documentation for explanation.
Type  H <return>  for immediate help.
 ...                                              
                                                  
l.10 \section{æ—¶æ»å¤æ‚ç½‘ç»œæ¦‚è¿°
                                      }\setcounter{equation}{0}
You may provide a definition with
\DeclareUnicodeCharacter 


! Package inputenc Error: Unicode character ä» (U+4ECE)
(inputenc)                not set up for use with LaTeX.

See the inputenc package documentation for explanation.
Type  H <return>  for immediate help.
 ...                                              
                                                  
l.11 ä»
        ç”Ÿæ€ç³»ç»Ÿåˆ°ç¤¾ä¼šç³»ç»Ÿï¼Œä»äººé™…å…³ç³»ç½‘åˆ°ä¸‡ç»´ç½‘ï¼Œå¹¿æ³...

You may provide a definition with
\DeclareUnicodeCharacter 


! Package inputenc Error: Unicode character ç”Ÿ (U+751F)
(inputenc)                not set up for use with LaTeX.

See the inputenc package documentation for explanation.
Type  H <return>  for immediate help.
 ...                                              
                                                  
l.11 ä»ç”Ÿ
           æ€ç³»ç»Ÿåˆ°ç¤¾ä¼šç³»ç»Ÿï¼Œä»äººé™…å…³ç³»ç½‘åˆ°ä¸‡ç»´ç½‘ï¼Œå¹¿æ³...

You may provide a definition with
\DeclareUnicodeCharacter 


! Package inputenc Error: Unicode character æ€ (U+6001)
(inputenc)                not set up for use with LaTeX.

See the inputenc package documentation for explanation.
Type  H <return>  for immediate help.
 ...                                              
                                                  
l.11 ä»ç”Ÿæ€
              ç³»ç»Ÿåˆ°ç¤¾ä¼šç³»ç»Ÿï¼Œä»äººé™…å…³ç³»ç½‘åˆ°ä¸‡ç»´ç½‘ï¼Œå¹¿æ³...

You may provide a definition with
\DeclareUnicodeCharacter 


! Package inputenc Error: Unicode character ç³» (U+7CFB)
(inputenc)                not set up for use with LaTeX.

See the inputenc package documentation for explanation.
Type  H <return>  for immediate help.
 ...                                              
                                                  
l.11 ä»ç”Ÿæ€ç³»
                 ç»Ÿåˆ°ç¤¾ä¼šç³»ç»Ÿï¼Œä»äººé™…å…³ç³»ç½‘åˆ°ä¸‡ç»´ç½‘ï¼Œå¹¿æ³...

You may provide a definition with
\DeclareUnicodeCharacter 


! Package inputenc Error: Unicode character ç»Ÿ (U+7EDF)
(inputenc)                not set up for use with LaTeX.

See the inputenc package documentation for explanation.
Type  H <return>  for immediate help.
 ...                                              
                                                  
l.11 ä»ç”Ÿæ€ç³»ç»Ÿ
                    åˆ°ç¤¾ä¼šç³»ç»Ÿï¼Œä»äººé™…å…³ç³»ç½‘åˆ°ä¸‡ç»´ç½‘ï¼Œå¹¿æ³...

You may provide a definition with
\DeclareUnicodeCharacter 


! Package inputenc Error: Unicode character åˆ° (U+5230)
(inputenc)                not set up for use with LaTeX.

See the inputenc package documentation for explanation.
Type  H <return>  for immediate help.
 ...                                              
                                                  
l.11 ä»ç”Ÿæ€ç³»ç»Ÿåˆ°
                       ç¤¾ä¼šç³»ç»Ÿï¼Œä»äººé™…å…³ç³»ç½‘åˆ°ä¸‡ç»´ç½‘ï¼Œå¹¿æ³...

You may provide a definition with
\DeclareUnicodeCharacter 


! Package inputenc Error: Unicode character ç¤¾ (U+793E)
(inputenc)                not set up for use with LaTeX.

See the inputenc package documentation for explanation.
Type  H <return>  for immediate help.
 ...                                              
                                                  
l.11 ä»ç”Ÿæ€ç³»ç»Ÿåˆ°ç¤¾
                          ä¼šç³»ç»Ÿï¼Œä»äººé™…å…³ç³»ç½‘åˆ°ä¸‡ç»´ç½‘ï¼Œå¹¿æ³...

You may provide a definition with
\DeclareUnicodeCharacter 


! Package inputenc Error: Unicode character ä¼š (U+4F1A)
(inputenc)                not set up for use with LaTeX.

See the inputenc package documentation for explanation.
Type  H <return>  for immediate help.
 ...                                              
                                                  
l.11 ä»ç”Ÿæ€ç³»ç»Ÿåˆ°ç¤¾ä¼š
                             ç³»ç»Ÿï¼Œä»äººé™…å…³ç³»ç½‘åˆ°ä¸‡ç»´ç½‘ï¼Œå¹¿æ³...

You may provide a definition with
\DeclareUnicodeCharacter 


! Package inputenc Error: Unicode character ç³» (U+7CFB)
(inputenc)                not set up for use with LaTeX.

See the inputenc package documentation for explanation.
Type  H <return>  for immediate help.
 ...                                              
                                                  
l.11 ä»ç”Ÿæ€ç³»ç»Ÿåˆ°ç¤¾ä¼šç³»
                                ç»Ÿï¼Œä»äººé™…å…³ç³»ç½‘åˆ°ä¸‡ç»´ç½‘ï¼Œå¹¿æ³...

You may provide a definition with
\DeclareUnicodeCharacter 


! Package inputenc Error: Unicode character ç»Ÿ (U+7EDF)
(inputenc)                not set up for use with LaTeX.

See the inputenc package documentation for explanation.
Type  H <return>  for immediate help.
 ...                                              
                                                  
l.11 ä»ç”Ÿæ€ç³»ç»Ÿåˆ°ç¤¾ä¼šç³»ç»Ÿ
                                   ï¼Œä»äººé™…å…³ç³»ç½‘åˆ°ä¸‡ç»´ç½‘ï¼Œå¹¿æ³...

You may provide a definition with
\DeclareUnicodeCharacter 


! Package inputenc Error: Unicode character ï¼Œ (U+FF0C)
(inputenc)                not set up for use with LaTeX.

See the inputenc package documentation for explanation.
Type  H <return>  for immediate help.
 ...                                              
                                                  
l.11 ä»ç”Ÿæ€ç³»ç»Ÿåˆ°ç¤¾ä¼šç³»ç»Ÿï¼Œ
                                      ä»äººé™…å…³ç³»ç½‘åˆ°ä¸‡ç»´ç½‘ï¼Œå¹¿æ³...

You may provide a definition with
\DeclareUnicodeCharacter 


! Package inputenc Error: Unicode character ä» (U+4ECE)
(inputenc)                not set up for use with LaTeX.

See the inputenc package documentation for explanation.
Type  H <return>  for immediate help.
 ...                                              
                                                  
l.11 ä»ç”Ÿæ€ç³»ç»Ÿåˆ°ç¤¾ä¼šç³»ç»Ÿï¼Œä»
                                         äººé™…å…³ç³»ç½‘åˆ°ä¸‡ç»´ç½‘ï¼Œå¹¿æ³...

You may provide a definition with
\DeclareUnicodeCharacter 


! Package inputenc Error: Unicode character äºº (U+4EBA)
(inputenc)                not set up for use with LaTeX.

See the inputenc package documentation for explanation.
Type  H <return>  for immediate help.
 ...                                              
                                                  
l.11 ä»ç”Ÿæ€ç³»ç»Ÿåˆ°ç¤¾ä¼šç³»ç»Ÿï¼Œä»äºº
                                            é™…å…³ç³»ç½‘åˆ°ä¸‡ç»´ç½‘ï¼Œå¹¿æ³...

You may provide a definition with
\DeclareUnicodeCharacter 


! Package inputenc Error: Unicode character é™… (U+9645)
(inputenc)                not set up for use with LaTeX.

See the inputenc package documentation for explanation.
Type  H <return>  for immediate help.
 ...                                              
                                                  
l.11 ä»ç”Ÿæ€ç³»ç»Ÿåˆ°ç¤¾ä¼šç³»ç»Ÿï¼Œä»äººé™…
                                               å…³ç³»ç½‘åˆ°ä¸‡ç»´ç½‘ï¼Œå¹¿æ³...

You may provide a definition with
\DeclareUnicodeCharacter 


! Package inputenc Error: Unicode character å…³ (U+5173)
(inputenc)                not set up for use with LaTeX.

See the inputenc package documentation for explanation.
Type  H <return>  for immediate help.
 ...                                              
                                                  
l.11 ä»ç”Ÿæ€ç³»ç»Ÿåˆ°ç¤¾ä¼šç³»ç»Ÿï¼Œä»äººé™…å…³
                                                  ç³»ç½‘åˆ°ä¸‡ç»´ç½‘ï¼Œå¹¿æ³...

You may provide a definition with
\DeclareUnicodeCharacter 


! Package inputenc Error: Unicode character ç³» (U+7CFB)
(inputenc)                not set up for use with LaTeX.

See the inputenc package documentation for explanation.
Type  H <return>  for immediate help.
 ...                                              
                                                  
l.11 ...æ€ç³»ç»Ÿåˆ°ç¤¾ä¼šç³»ç»Ÿï¼Œä»äººé™…å…³ç³»
                                                  ç½‘åˆ°ä¸‡ç»´ç½‘ï¼Œå¹¿æ³›å­...

You may provide a definition with
\DeclareUnicodeCharacter 


! Package inputenc Error: Unicode character ç½‘ (U+7F51)
(inputenc)                not set up for use with LaTeX.

See the inputenc package documentation for explanation.
Type  H <return>  for immediate help.
 ...                                              
                                                  
l.11 ...ç³»ç»Ÿåˆ°ç¤¾ä¼šç³»ç»Ÿï¼Œä»äººé™…å…³ç³»ç½‘
                                                  åˆ°ä¸‡ç»´ç½‘ï¼Œå¹¿æ³›å­˜åœ...

You may provide a definition with
\DeclareUnicodeCharacter 


! Package inputenc Error: Unicode character åˆ° (U+5230)
(inputenc)                not set up for use with LaTeX.

See the inputenc package documentation for explanation.
Type  H <return>  for immediate help.
 ...                                              
                                                  
l.11 ...ç»Ÿåˆ°ç¤¾ä¼šç³»ç»Ÿï¼Œä»äººé™…å…³ç³»ç½‘åˆ°
                                                  ä¸‡ç»´ç½‘ï¼Œå¹¿æ³›å­˜åœ¨äº...

You may provide a definition with
\DeclareUnicodeCharacter 


! Package inputenc Error: Unicode character ä¸‡ (U+4E07)
(inputenc)                not set up for use with LaTeX.

See the inputenc package documentation for explanation.
Type  H <return>  for immediate help.
 ...                                              
                                                  
l.11 ...åˆ°ç¤¾ä¼šç³»ç»Ÿï¼Œä»äººé™…å…³ç³»ç½‘åˆ°ä¸‡
                                                  ç»´ç½‘ï¼Œå¹¿æ³›å­˜åœ¨äºè‡...

You may provide a definition with
\DeclareUnicodeCharacter 


! Package inputenc Error: Unicode character ç»´ (U+7EF4)
(inputenc)                not set up for use with LaTeX.

See the inputenc package documentation for explanation.
Type  H <return>  for immediate help.
 ...                                              
                                                  
l.11 ...ç¤¾ä¼šç³»ç»Ÿï¼Œä»äººé™…å…³ç³»ç½‘åˆ°ä¸‡ç»´
                                                  ç½‘ï¼Œå¹¿æ³›å­˜åœ¨äºè‡ªç„...

You may provide a definition with
\DeclareUnicodeCharacter 


! Package inputenc Error: Unicode character ç½‘ (U+7F51)
(inputenc)                not set up for use with LaTeX.

See the inputenc package documentation for explanation.
Type  H <return>  for immediate help.
 ...                                              
                                                  
l.11 ...ä¼šç³»ç»Ÿï¼Œä»äººé™…å…³ç³»ç½‘åˆ°ä¸‡ç»´ç½‘
                                                  ï¼Œå¹¿æ³›å­˜åœ¨äºè‡ªç„¶ç•...

You may provide a definition with
\DeclareUnicodeCharacter 


! Package inputenc Error: Unicode character ï¼Œ (U+FF0C)
(inputenc)                not set up for use with LaTeX.

See the inputenc package documentation for explanation.
Type  H <return>  for immediate help.
 ...                                              
                                                  
l.11 ...ç³»ç»Ÿï¼Œä»äººé™…å…³ç³»ç½‘åˆ°ä¸‡ç»´ç½‘ï¼Œ
                                                  å¹¿æ³›å­˜åœ¨äºè‡ªç„¶ç•Œå’...

You may provide a definition with
\DeclareUnicodeCharacter 


! Package inputenc Error: Unicode character å¹¿ (U+5E7F)
(inputenc)                not set up for use with LaTeX.

See the inputenc package documentation for explanation.
Type  H <return>  for immediate help.
 ...                                              
                                                  
l.11 ...ç»Ÿï¼Œä»äººé™…å…³ç³»ç½‘åˆ°ä¸‡ç»´ç½‘ï¼Œå¹¿
                                                  æ³›å­˜åœ¨äºè‡ªç„¶ç•Œå’Œäº...

You may provide a definition with
\DeclareUnicodeCharacter 


! Package inputenc Error: Unicode character æ³› (U+6CDB)
(inputenc)                not set up for use with LaTeX.

See the inputenc package documentation for explanation.
Type  H <return>  for immediate help.
 ...                                              
                                                  
l.11 ...ï¼Œä»äººé™…å…³ç³»ç½‘åˆ°ä¸‡ç»´ç½‘ï¼Œå¹¿æ³›
                                                  å­˜åœ¨äºè‡ªç„¶ç•Œå’Œäººç±...

You may provide a definition with
\DeclareUnicodeCharacter 


! Package inputenc Error: Unicode character å­˜ (U+5B58)
(inputenc)                not set up for use with LaTeX.

See the inputenc package documentation for explanation.
Type  H <return>  for immediate help.
 ...                                              
                                                  
l.11 ...ä»äººé™…å…³ç³»ç½‘åˆ°ä¸‡ç»´ç½‘ï¼Œå¹¿æ³›å­˜
                                                  åœ¨äºè‡ªç„¶ç•Œå’Œäººç±»ç¤...

You may provide a definition with
\DeclareUnicodeCharacter 


! Package inputenc Error: Unicode character åœ¨ (U+5728)
(inputenc)                not set up for use with LaTeX.

See the inputenc package documentation for explanation.
Type  H <return>  for immediate help.
 ...                                              
                                                  
l.11 ...äººé™…å…³ç³»ç½‘åˆ°ä¸‡ç»´ç½‘ï¼Œå¹¿æ³›å­˜åœ¨
                                                  äºè‡ªç„¶ç•Œå’Œäººç±»ç¤¾ä¼...

You may provide a definition with
\DeclareUnicodeCharacter 


! Package inputenc Error: Unicode character äº (U+4E8E)
(inputenc)                not set up for use with LaTeX.

See the inputenc package documentation for explanation.
Type  H <return>  for immediate help.
 ...                                              
                                                  
l.11 ...é™…å…³ç³»ç½‘åˆ°ä¸‡ç»´ç½‘ï¼Œå¹¿æ³›å­˜åœ¨äº
                                                  è‡ªç„¶ç•Œå’Œäººç±»ç¤¾ä¼šä¸...

You may provide a definition with
\DeclareUnicodeCharacter 


! Package inputenc Error: Unicode character è‡ª (U+81EA)
(inputenc)                not set up for use with LaTeX.

See the inputenc package documentation for explanation.
Type  H <return>  for immediate help.
 ...                                              
                                                  
l.11 ...å…³ç³»ç½‘åˆ°ä¸‡ç»´ç½‘ï¼Œå¹¿æ³›å­˜åœ¨äºè‡ª
                                                  ç„¶ç•Œå’Œäººç±»ç¤¾ä¼šä¸­çš...

You may provide a definition with
\DeclareUnicodeCharacter 


! Package inputenc Error: Unicode character ç„¶ (U+7136)
(inputenc)                not set up for use with LaTeX.

See the inputenc package documentation for explanation.
Type  H <return>  for immediate help.
 ...                                              
                                                  
l.11 ...ç³»ç½‘åˆ°ä¸‡ç»´ç½‘ï¼Œå¹¿æ³›å­˜åœ¨äºè‡ªç„¶
                                                  ç•Œå’Œäººç±»ç¤¾ä¼šä¸­çš„å¤...

You may provide a definition with
\DeclareUnicodeCharacter 


! Package inputenc Error: Unicode character ç•Œ (U+754C)
(inputenc)                not set up for use with LaTeX.

See the inputenc package documentation for explanation.
Type  H <return>  for immediate help.
 ...                                              
                                                  
l.11 ...ç½‘åˆ°ä¸‡ç»´ç½‘ï¼Œå¹¿æ³›å­˜åœ¨äºè‡ªç„¶ç•Œ
                                                  å’Œäººç±»ç¤¾ä¼šä¸­çš„å¤æ...

You may provide a definition with
\DeclareUnicodeCharacter 


! Package inputenc Error: Unicode character å’Œ (U+548C)
(inputenc)                not set up for use with LaTeX.

See the inputenc package documentation for explanation.
Type  H <return>  for immediate help.
 ...                                              
                                                  
l.11 ...åˆ°ä¸‡ç»´ç½‘ï¼Œå¹¿æ³›å­˜åœ¨äºè‡ªç„¶ç•Œå’Œ
                                                  äººç±»ç¤¾ä¼šä¸­çš„å¤æ‚ç³...

You may provide a definition with
\DeclareUnicodeCharacter 


! Package inputenc Error: Unicode character äºº (U+4EBA)
(inputenc)                not set up for use with LaTeX.

See the inputenc package documentation for explanation.
Type  H <return>  for immediate help.
 ...                                              
                                                  
l.11 ...ä¸‡ç»´ç½‘ï¼Œå¹¿æ³›å­˜åœ¨äºè‡ªç„¶ç•Œå’Œäºº
                                                  ç±»ç¤¾ä¼šä¸­çš„å¤æ‚ç³»ç»...

You may provide a definition with
\DeclareUnicodeCharacter 


! Package inputenc Error: Unicode character ç±» (U+7C7B)
(inputenc)                not set up for use with LaTeX.

See the inputenc package documentation for explanation.
Type  H <return>  for immediate help.
 ...                                              
                                                  
l.11 ...ç»´ç½‘ï¼Œå¹¿æ³›å­˜åœ¨äºè‡ªç„¶ç•Œå’Œäººç±»
                                                  ç¤¾ä¼šä¸­çš„å¤æ‚ç³»ç»Ÿéƒ...

You may provide a definition with
\DeclareUnicodeCharacter 


! Package inputenc Error: Unicode character ç¤¾ (U+793E)
(inputenc)                not set up for use with LaTeX.

See the inputenc package documentation for explanation.
Type  H <return>  for immediate help.
 ...                                              
                                                  
l.11 ...ç½‘ï¼Œå¹¿æ³›å­˜åœ¨äºè‡ªç„¶ç•Œå’Œäººç±»ç¤¾
                                                  ä¼šä¸­çš„å¤æ‚ç³»ç»Ÿéƒ½å...

You may provide a definition with
\DeclareUnicodeCharacter 


! Package inputenc Error: Unicode character ä¼š (U+4F1A)
(inputenc)                not set up for use with LaTeX.

See the inputenc package documentation for explanation.
Type  H <return>  for immediate help.
 ...                                              
                                                  
l.11 ...ï¼Œå¹¿æ³›å­˜åœ¨äºè‡ªç„¶ç•Œå’Œäººç±»ç¤¾ä¼š
                                                  ä¸­çš„å¤æ‚ç³»ç»Ÿéƒ½å¯ä»...

You may provide a definition with
\DeclareUnicodeCharacter 


! Package inputenc Error: Unicode character ä¸­ (U+4E2D)
(inputenc)                not set up for use with LaTeX.

See the inputenc package documentation for explanation.
Type  H <return>  for immediate help.
 ...                                              
                                                  
l.11 ...å¹¿æ³›å­˜åœ¨äºè‡ªç„¶ç•Œå’Œäººç±»ç¤¾ä¼šä¸­
                                                  çš„å¤æ‚ç³»ç»Ÿéƒ½å¯ä»¥ç”...

You may provide a definition with
\DeclareUnicodeCharacter 


! Package inputenc Error: Unicode character çš„ (U+7684)
(inputenc)                not set up for use with LaTeX.

See the inputenc package documentation for explanation.
Type  H <return>  for immediate help.
 ...                                              
                                                  
l.11 ...æ³›å­˜åœ¨äºè‡ªç„¶ç•Œå’Œäººç±»ç¤¾ä¼šä¸­çš„
                                                  å¤æ‚ç³»ç»Ÿéƒ½å¯ä»¥ç”±ç›...

You may provide a definition with
\DeclareUnicodeCharacter 


! Package inputenc Error: Unicode character å¤ (U+590D)
(inputenc)                not set up for use with LaTeX.

See the inputenc package documentation for explanation.
Type  H <return>  for immediate help.
 ...                                              
                                                  
l.11 ...å­˜åœ¨äºè‡ªç„¶ç•Œå’Œäººç±»ç¤¾ä¼šä¸­çš„å¤
                                                  æ‚ç³»ç»Ÿéƒ½å¯ä»¥ç”±ç›¸åº...

You may provide a definition with
\DeclareUnicodeCharacter 


! Package inputenc Error: Unicode character æ‚ (U+6742)
(inputenc)                not set up for use with LaTeX.

See the inputenc package documentation for explanation.
Type  H <return>  for immediate help.
 ...                                              
                                                  
l.11 ...åœ¨äºè‡ªç„¶ç•Œå’Œäººç±»ç¤¾ä¼šä¸­çš„å¤æ‚
                                                  ç³»ç»Ÿéƒ½å¯ä»¥ç”±ç›¸åº”çš...

You may provide a definition with
\DeclareUnicodeCharacter 


! Package inputenc Error: Unicode character ç³» (U+7CFB)
(inputenc)                not set up for use with LaTeX.

See the inputenc package documentation for explanation.
Type  H <return>  for immediate help.
 ...                                              
                                                  
l.11 ...äºè‡ªç„¶ç•Œå’Œäººç±»ç¤¾ä¼šä¸­çš„å¤æ‚ç³»
                                                  ç»Ÿéƒ½å¯ä»¥ç”±ç›¸åº”çš„å¤...

You may provide a definition with
\DeclareUnicodeCharacter 


! Package inputenc Error: Unicode character ç»Ÿ (U+7EDF)
(inputenc)                not set up for use with LaTeX.

See the inputenc package documentation for explanation.
Type  H <return>  for immediate help.
 ...                                              
                                                  
l.11 ...è‡ªç„¶ç•Œå’Œäººç±»ç¤¾ä¼šä¸­çš„å¤æ‚ç³»ç»Ÿ
                                                  éƒ½å¯ä»¥ç”±ç›¸åº”çš„å¤æ...

You may provide a definition with
\DeclareUnicodeCharacter 


! Package inputenc Error: Unicode character éƒ½ (U+90FD)
(inputenc)                not set up for use with LaTeX.

See the inputenc package documentation for explanation.
Type  H <return>  for immediate help.
 ...                                              
                                                  
l.11 ...ç„¶ç•Œå’Œäººç±»ç¤¾ä¼šä¸­çš„å¤æ‚ç³»ç»Ÿéƒ½
                                                  å¯ä»¥ç”±ç›¸åº”çš„å¤æ‚ç½...

You may provide a definition with
\DeclareUnicodeCharacter 


! Package inputenc Error: Unicode character å¯ (U+53EF)
(inputenc)                not set up for use with LaTeX.

See the inputenc package documentation for explanation.
Type  H <return>  for immediate help.
 ...                                              
                                                  
l.11 ...ç•Œå’Œäººç±»ç¤¾ä¼šä¸­çš„å¤æ‚ç³»ç»Ÿéƒ½å¯
                                                  ä»¥ç”±ç›¸åº”çš„å¤æ‚ç½‘ç»...

You may provide a definition with
\DeclareUnicodeCharacter 


! Package inputenc Error: Unicode character ä»¥ (U+4EE5)
(inputenc)                not set up for use with LaTeX.

See the inputenc package documentation for explanation.
Type  H <return>  for immediate help.
 ...                                              
                                                  
l.11 ...å’Œäººç±»ç¤¾ä¼šä¸­çš„å¤æ‚ç³»ç»Ÿéƒ½å¯ä»¥
                                                  ç”±ç›¸åº”çš„å¤æ‚ç½‘ç»œæ¨...

You may provide a definition with
\DeclareUnicodeCharacter 


! Package inputenc Error: Unicode character ç”± (U+7531)
(inputenc)                not set up for use with LaTeX.

See the inputenc package documentation for explanation.
Type  H <return>  for immediate help.
 ...                                              
                                                  
l.11 ...äººç±»ç¤¾ä¼šä¸­çš„å¤æ‚ç³»ç»Ÿéƒ½å¯ä»¥ç”±
                                                  ç›¸åº”çš„å¤æ‚ç½‘ç»œæ¨¡å...

You may provide a definition with
\DeclareUnicodeCharacter 


! Package inputenc Error: Unicode character ç›¸ (U+76F8)
(inputenc)                not set up for use with LaTeX.

See the inputenc package documentation for explanation.
Type  H <return>  for immediate help.
 ...                                              
                                                  
l.11 ...ç±»ç¤¾ä¼šä¸­çš„å¤æ‚ç³»ç»Ÿéƒ½å¯ä»¥ç”±ç›¸
                                                  åº”çš„å¤æ‚ç½‘ç»œæ¨¡å‹åˆ...

You may provide a definition with
\DeclareUnicodeCharacter 


! Package inputenc Error: Unicode character åº” (U+5E94)
(inputenc)                not set up for use with LaTeX.

See the inputenc package documentation for explanation.
Type  H <return>  for immediate help.
 ...                                              
                                                  
l.11 ...ç¤¾ä¼šä¸­çš„å¤æ‚ç³»ç»Ÿéƒ½å¯ä»¥ç”±ç›¸åº”
                                                  çš„å¤æ‚ç½‘ç»œæ¨¡å‹åˆ»ç”...

You may provide a definition with
\DeclareUnicodeCharacter 


! Package inputenc Error: Unicode character çš„ (U+7684)
(inputenc)                not set up for use with LaTeX.

See the inputenc package documentation for explanation.
Type  H <return>  for immediate help.
 ...                                              
                                                  
l.11 ...ä¼šä¸­çš„å¤æ‚ç³»ç»Ÿéƒ½å¯ä»¥ç”±ç›¸åº”çš„
                                                  å¤æ‚ç½‘ç»œæ¨¡å‹åˆ»ç”»ã€...

You may provide a definition with
\DeclareUnicodeCharacter 


! Package inputenc Error: Unicode character å¤ (U+590D)
(inputenc)                not set up for use with LaTeX.

See the inputenc package documentation for explanation.
Type  H <return>  for immediate help.
 ...                                              
                                                  
l.11 ...ä¸­çš„å¤æ‚ç³»ç»Ÿéƒ½å¯ä»¥ç”±ç›¸åº”çš„å¤
                                                  æ‚ç½‘ç»œæ¨¡å‹åˆ»ç”»ã€‚å¤...

You may provide a definition with
\DeclareUnicodeCharacter 


! Package inputenc Error: Unicode character æ‚ (U+6742)
(inputenc)                not set up for use with LaTeX.

See the inputenc package documentation for explanation.
Type  H <return>  for immediate help.
 ...                                              
                                                  
l.11 ...çš„å¤æ‚ç³»ç»Ÿéƒ½å¯ä»¥ç”±ç›¸åº”çš„å¤æ‚
                                                  ç½‘ç»œæ¨¡å‹åˆ»ç”»ã€‚å¤æ...

You may provide a definition with
\DeclareUnicodeCharacter 


! Package inputenc Error: Unicode character ç½‘ (U+7F51)
(inputenc)                not set up for use with LaTeX.

See the inputenc package documentation for explanation.
Type  H <return>  for immediate help.
 ...                                              
                                                  
l.11 ...å¤æ‚ç³»ç»Ÿéƒ½å¯ä»¥ç”±ç›¸åº”çš„å¤æ‚ç½‘
                                                  ç»œæ¨¡å‹åˆ»ç”»ã€‚å¤æ‚ç½...

You may provide a definition with
\DeclareUnicodeCharacter 


! Package inputenc Error: Unicode character ç»œ (U+7EDC)
(inputenc)                not set up for use with LaTeX.

See the inputenc package documentation for explanation.
Type  H <return>  for immediate help.
 ...                                              
                                                  
l.11 ...æ‚ç³»ç»Ÿéƒ½å¯ä»¥ç”±ç›¸åº”çš„å¤æ‚ç½‘ç»œ
                                                  æ¨¡å‹åˆ»ç”»ã€‚å¤æ‚ç½‘ç»...

You may provide a definition with
\DeclareUnicodeCharacter 


! Package inputenc Error: Unicode character æ¨¡ (U+6A21)
(inputenc)                not set up for use with LaTeX.

See the inputenc package documentation for explanation.
Type  H <return>  for immediate help.
 ...                                              
                                                  
l.11 ...ç³»ç»Ÿéƒ½å¯ä»¥ç”±ç›¸åº”çš„å¤æ‚ç½‘ç»œæ¨¡
                                                  å‹åˆ»ç”»ã€‚å¤æ‚ç½‘ç»œçš...

You may provide a definition with
\DeclareUnicodeCharacter 


! Package inputenc Error: Unicode character å‹ (U+578B)
(inputenc)                not set up for use with LaTeX.

See the inputenc package documentation for explanation.
Type  H <return>  for immediate help.
 ...                                              
                                                  
l.11 ...ç»Ÿéƒ½å¯ä»¥ç”±ç›¸åº”çš„å¤æ‚ç½‘ç»œæ¨¡å‹
                                                  åˆ»ç”»ã€‚å¤æ‚ç½‘ç»œçš„æ•...

You may provide a definition with
\DeclareUnicodeCharacter 


! Package inputenc Error: Unicode character åˆ» (U+523B)
(inputenc)                not set up for use with LaTeX.

See the inputenc package documentation for explanation.
Type  H <return>  for immediate help.
 ...                                              
                                                  
l.11 ...éƒ½å¯ä»¥ç”±ç›¸åº”çš„å¤æ‚ç½‘ç»œæ¨¡å‹åˆ»
                                                  ç”»ã€‚å¤æ‚ç½‘ç»œçš„æ•°å­...

You may provide a definition with
\DeclareUnicodeCharacter 


! Package inputenc Error: Unicode character ç”» (U+753B)
(inputenc)                not set up for use with LaTeX.

See the inputenc package documentation for explanation.
Type  H <return>  for immediate help.
 ...                                              
                                                  
l.11 ...å¯ä»¥ç”±ç›¸åº”çš„å¤æ‚ç½‘ç»œæ¨¡å‹åˆ»ç”»
                                                  ã€‚å¤æ‚ç½‘ç»œçš„æ•°å­¦ç...

You may provide a definition with
\DeclareUnicodeCharacter 


! Package inputenc Error: Unicode character ã€‚ (U+3002)
(inputenc)                not set up for use with LaTeX.

See the inputenc package documentation for explanation.
Type  H <return>  for immediate help.
 ...                                              
                                                  
l.11 ...ä»¥ç”±ç›¸åº”çš„å¤æ‚ç½‘ç»œæ¨¡å‹åˆ»ç”»ã€‚
                                                  å¤æ‚ç½‘ç»œçš„æ•°å­¦ç†è®...

You may provide a definition with
\DeclareUnicodeCharacter 


! Package inputenc Error: Unicode character å¤ (U+590D)
(inputenc)                not set up for use with LaTeX.

See the inputenc package documentation for explanation.
Type  H <return>  for immediate help.
 ...                                              
                                                  
l.11 ...ç”±ç›¸åº”çš„å¤æ‚ç½‘ç»œæ¨¡å‹åˆ»ç”»ã€‚å¤
                                                  æ‚ç½‘ç»œçš„æ•°å­¦ç†è®ºæ...

You may provide a definition with
\DeclareUnicodeCharacter 


! Package inputenc Error: Unicode character æ‚ (U+6742)
(inputenc)                not set up for use with LaTeX.

See the inputenc package documentation for explanation.
Type  H <return>  for immediate help.
 ...                                              
                                                  
l.11 ...ç›¸åº”çš„å¤æ‚ç½‘ç»œæ¨¡å‹åˆ»ç”»ã€‚å¤æ‚
                                                  ç½‘ç»œçš„æ•°å­¦ç†è®ºæ¥æº...

You may provide a definition with
\DeclareUnicodeCharacter 


! Package inputenc Error: Unicode character ç½‘ (U+7F51)
(inputenc)                not set up for use with LaTeX.

See the inputenc package documentation for explanation.
Type  H <return>  for immediate help.
 ...                                              
                                                  
l.11 ...åº”çš„å¤æ‚ç½‘ç»œæ¨¡å‹åˆ»ç”»ã€‚å¤æ‚ç½‘
                                                  ç»œçš„æ•°å­¦ç†è®ºæ¥æºäº...

You may provide a definition with
\DeclareUnicodeCharacter 


! Package inputenc Error: Unicode character ç»œ (U+7EDC)
(inputenc)                not set up for use with LaTeX.

See the inputenc package documentation for explanation.
Type  H <return>  for immediate help.
 ...                                              
                                                  
l.11 ...çš„å¤æ‚ç½‘ç»œæ¨¡å‹åˆ»ç”»ã€‚å¤æ‚ç½‘ç»œ
                                                  çš„æ•°å­¦ç†è®ºæ¥æºäºç»...

You may provide a definition with
\DeclareUnicodeCharacter 


! Package inputenc Error: Unicode character çš„ (U+7684)
(inputenc)                not set up for use with LaTeX.

See the inputenc package documentation for explanation.
Type  H <return>  for immediate help.
 ...                                              
                                                  
l.11 ...å¤æ‚ç½‘ç»œæ¨¡å‹åˆ»ç”»ã€‚å¤æ‚ç½‘ç»œçš„
                                                  æ•°å­¦ç†è®ºæ¥æºäºç»å…...

You may provide a definition with
\DeclareUnicodeCharacter 


! Package inputenc Error: Unicode character æ•° (U+6570)
(inputenc)                not set up for use with LaTeX.

See the inputenc package documentation for explanation.
Type  H <return>  for immediate help.
 ...                                              
                                                  
l.11 ...æ‚ç½‘ç»œæ¨¡å‹åˆ»ç”»ã€‚å¤æ‚ç½‘ç»œçš„æ•°
                                                  å­¦ç†è®ºæ¥æºäºç»å…¸çš...

You may provide a definition with
\DeclareUnicodeCharacter 


! Package inputenc Error: Unicode character å­¦ (U+5B66)
(inputenc)                not set up for use with LaTeX.

See the inputenc package documentation for explanation.
Type  H <return>  for immediate help.
 ...                                              
                                                  
l.11 ...ç½‘ç»œæ¨¡å‹åˆ»ç”»ã€‚å¤æ‚ç½‘ç»œçš„æ•°å­¦
                                                  ç†è®ºæ¥æºäºç»å…¸çš„å›...

You may provide a definition with
\DeclareUnicodeCharacter 


! Package inputenc Error: Unicode character ç† (U+7406)
(inputenc)                not set up for use with LaTeX.

See the inputenc package documentation for explanation.
Type  H <return>  for immediate help.
 ...                                              
                                                  
l.11 ...ç»œæ¨¡å‹åˆ»ç”»ã€‚å¤æ‚ç½‘ç»œçš„æ•°å­¦ç†
                                                  è®ºæ¥æºäºç»å…¸çš„å›¾è®...

You may provide a definition with
\DeclareUnicodeCharacter 


! Package inputenc Error: Unicode character è®º (U+8BBA)
(inputenc)                not set up for use with LaTeX.

See the inputenc package documentation for explanation.
Type  H <return>  for immediate help.
 ...                                              
                                                  
l.11 ...æ¨¡å‹åˆ»ç”»ã€‚å¤æ‚ç½‘ç»œçš„æ•°å­¦ç†è®º
                                                  æ¥æºäºç»å…¸çš„å›¾è®º \...

You may provide a definition with
\DeclareUnicodeCharacter 


! Package inputenc Error: Unicode character æ¥ (U+6765)
(inputenc)                not set up for use with LaTeX.

See the inputenc package documentation for explanation.
Type  H <return>  for immediate help.
 ...                                              
                                                  
l.11 ...å‹åˆ»ç”»ã€‚å¤æ‚ç½‘ç»œçš„æ•°å­¦ç†è®ºæ¥
                                                  æºäºç»å…¸çš„å›¾è®º \cit...

You may provide a definition with
\DeclareUnicodeCharacter 


! Package inputenc Error: Unicode character æº (U+6E90)
(inputenc)                not set up for use with LaTeX.

See the inputenc package documentation for explanation.
Type  H <return>  for immediate help.
 ...                                              
                                                  
l.11 ...åˆ»ç”»ã€‚å¤æ‚ç½‘ç»œçš„æ•°å­¦ç†è®ºæ¥æº
                                                  äºç»å…¸çš„å›¾è®º \cite{b...

You may provide a definition with
\DeclareUnicodeCharacter 


! Package inputenc Error: Unicode character äº (U+4E8E)
(inputenc)                not set up for use with LaTeX.

See the inputenc package documentation for explanation.
Type  H <return>  for immediate help.
 ...                                              
                                                  
l.11 ...ç”»ã€‚å¤æ‚ç½‘ç»œçš„æ•°å­¦ç†è®ºæ¥æºäº
                                                  ç»å…¸çš„å›¾è®º \cite{bond...

You may provide a definition with
\DeclareUnicodeCharacter 


! Package inputenc Error: Unicode character ç» (U+7ECF)
(inputenc)                not set up for use with LaTeX.

See the inputenc package documentation for explanation.
Type  H <return>  for immediate help.
 ...                                              
                                                  
l.11 ...ã€‚å¤æ‚ç½‘ç»œçš„æ•°å­¦ç†è®ºæ¥æºäºç»
                                                  å…¸çš„å›¾è®º \cite{bondy19...

You may provide a definition with
\DeclareUnicodeCharacter 


! Package inputenc Error: Unicode character å…¸ (U+5178)
(inputenc)                not set up for use with LaTeX.

See the inputenc package documentation for explanation.
Type  H <return>  for immediate help.
 ...                                              
                                                  
l.11 ...å¤æ‚ç½‘ç»œçš„æ•°å­¦ç†è®ºæ¥æºäºç»å…¸
                                                  çš„å›¾è®º \cite{bondy1976g...

You may provide a definition with
\DeclareUnicodeCharacter 


! Package inputenc Error: Unicode character çš„ (U+7684)
(inputenc)                not set up for use with LaTeX.

See the inputenc package documentation for explanation.
Type  H <return>  for immediate help.
 ...                                              
                                                  
l.11 ...æ‚ç½‘ç»œçš„æ•°å­¦ç†è®ºæ¥æºäºç»å…¸çš„
                                                  å›¾è®º \cite{bondy1976grap...

You may provide a definition with
\DeclareUnicodeCharacter 


! Package inputenc Error: Unicode character å›¾ (U+56FE)
(inputenc)                not set up for use with LaTeX.

See the inputenc package documentation for explanation.
Type  H <return>  for immediate help.
 ...                                              
                                                  
l.11 ...ç½‘ç»œçš„æ•°å­¦ç†è®ºæ¥æºäºç»å…¸çš„å›¾
                                                  è®º \cite{bondy1976graph}ï...

You may provide a definition with
\DeclareUnicodeCharacter 


! Package inputenc Error: Unicode character è®º (U+8BBA)
(inputenc)                not set up for use with LaTeX.

See the inputenc package documentation for explanation.
Type  H <return>  for immediate help.
 ...                                              
                                                  
l.11 ...ç»œçš„æ•°å­¦ç†è®ºæ¥æºäºç»å…¸çš„å›¾è®º
                                                   \cite{bondy1976graph}ï¼Œå...

You may provide a definition with
\DeclareUnicodeCharacter 


! LaTeX Error: Missing \begin{document}.

See the LaTeX manual or LaTeX Companion for explanation.
Type  H <return>  for immediate help.
 ...                                              
                                                  
l.11 ...ºäºç»å…¸çš„å›¾è®º \cite{bondy1976graph}
                                                  ï¼Œå…¶å‘å±•ç»å†äº†ä¸€ä¸...

You're in trouble here.  Try typing  <return>  to proceed.
If that doesn't work, type  X <return>  to quit.

Missing character: There is no [ in font nullfont!
\citation{bondy1976graph}
! Undefined control sequence.
<write> ...: Citation `\@citeb ' on page \thepage 
                                                  \space undefined\on@line .
l.11 ...ºäºç»å…¸çš„å›¾è®º \cite{bondy1976graph}
                                                  ï¼Œå…¶å‘å±•ç»å†äº†ä¸€ä¸...
The control sequence at the end of the top line
of your error message was never \def'ed. If you have
misspelled it (e.g., `\hobx'), type `I' and the correct
spelling (e.g., `I\hbox'). Otherwise just continue,
and I'll forget about whatever was undefined.


LaTeX Warning: Citation `bondy1976graph' on page  undefined on input line 11.

Missing character: There is no ] in font nullfont!

! Package inputenc Error: Unicode character ï¼Œ (U+FF0C)
(inputenc)                not set up for use with LaTeX.

See the inputenc package documentation for explanation.
Type  H <return>  for immediate help.
 ...                                              
                                                  
l.11 ...ºç»å…¸çš„å›¾è®º \cite{bondy1976graph}ï¼Œ
                                                  å…¶å‘å±•ç»å†äº†ä¸€ä¸ªæ¼...

You may provide a definition with
\DeclareUnicodeCharacter 


! Package inputenc Error: Unicode character å…¶ (U+5176)
(inputenc)                not set up for use with LaTeX.

See the inputenc package documentation for explanation.
Type  H <return>  for immediate help.
 ...                                              
                                                  
l.11 ...»å…¸çš„å›¾è®º \cite{bondy1976graph}ï¼Œå…¶
                                                  å‘å±•ç»å†äº†ä¸€ä¸ªæ¼«é•...

You may provide a definition with
\DeclareUnicodeCharacter 


! Package inputenc Error: Unicode character å‘ (U+53D1)
(inputenc)                not set up for use with LaTeX.

See the inputenc package documentation for explanation.
Type  H <return>  for immediate help.
 ...                                              
                                                  
l.11 ...…¸çš„å›¾è®º \cite{bondy1976graph}ï¼Œå…¶å‘
                                                  å±•ç»å†äº†ä¸€ä¸ªæ¼«é•¿çš...

You may provide a definition with
\DeclareUnicodeCharacter 


! Package inputenc Error: Unicode character å±• (U+5C55)
(inputenc)                not set up for use with LaTeX.

See the inputenc package documentation for explanation.
Type  H <return>  for immediate help.
 ...                                              
                                                  
l.11 ...š„å›¾è®º \cite{bondy1976graph}ï¼Œå…¶å‘å±•
                                                  ç»å†äº†ä¸€ä¸ªæ¼«é•¿çš„æ...

You may provide a definition with
\DeclareUnicodeCharacter 


! Package inputenc Error: Unicode character ç» (U+7ECF)
(inputenc)                not set up for use with LaTeX.

See the inputenc package documentation for explanation.
Type  H <return>  for immediate help.
 ...                                              
                                                  
l.11 ...›¾è®º \cite{bondy1976graph}ï¼Œå…¶å‘å±•ç»
                                                  å†äº†ä¸€ä¸ªæ¼«é•¿çš„æ¢ç´...

You may provide a definition with
\DeclareUnicodeCharacter 


! Package inputenc Error: Unicode character å† (U+5386)
(inputenc)                not set up for use with LaTeX.

See the inputenc package documentation for explanation.
Type  H <return>  for immediate help.
 ...                                              
                                                  
l.11 ...®º \cite{bondy1976graph}ï¼Œå…¶å‘å±•ç»å†
                                                  äº†ä¸€ä¸ªæ¼«é•¿çš„æ¢ç´¢è¿...

You may provide a definition with
\DeclareUnicodeCharacter 


! Package inputenc Error: Unicode character äº† (U+4E86)
(inputenc)                not set up for use with LaTeX.

See the inputenc package documentation for explanation.
Type  H <return>  for immediate help.
 ...                                              
                                                  
l.11 ...\cite{bondy1976graph}ï¼Œå…¶å‘å±•ç»å†äº†
                                                  ä¸€ä¸ªæ¼«é•¿çš„æ¢ç´¢è¿‡ç¨...

You may provide a definition with
\DeclareUnicodeCharacter 


! Package inputenc Error: Unicode character ä¸€ (U+4E00)
(inputenc)                not set up for use with LaTeX.

See the inputenc package documentation for explanation.
Type  H <return>  for immediate help.
 ...                                              
                                                  
l.11 ...te{bondy1976graph}ï¼Œå…¶å‘å±•ç»å†äº†ä¸€
                                                  ä¸ªæ¼«é•¿çš„æ¢ç´¢è¿‡ç¨‹ã€‚
You may provide a definition with
\DeclareUnicodeCharacter 


! Package inputenc Error: Unicode character ä¸ª (U+4E2A)
(inputenc)                not set up for use with LaTeX.

See the inputenc package documentation for explanation.
Type  H <return>  for immediate help.
 ...                                              
                                                  
l.11 ...bondy1976graph}ï¼Œå…¶å‘å±•ç»å†äº†ä¸€ä¸ª
                                                  æ¼«é•¿çš„æ¢ç´¢è¿‡ç¨‹ã€‚
You may provide a definition with
\DeclareUnicodeCharacter 


! Package inputenc Error: Unicode character æ¼« (U+6F2B)
(inputenc)                not set up for use with LaTeX.

See the inputenc package documentation for explanation.
Type  H <return>  for immediate help.
 ...                                              
                                                  
l.11 ...dy1976graph}ï¼Œå…¶å‘å±•ç»å†äº†ä¸€ä¸ªæ¼«
                                                  é•¿çš„æ¢ç´¢è¿‡ç¨‹ã€‚
You may provide a definition with
\DeclareUnicodeCharacter 


! Package inputenc Error: Unicode character é•¿ (U+957F)
(inputenc)                not set up for use with LaTeX.

See the inputenc package documentation for explanation.
Type  H <return>  for immediate help.
 ...                                              
                                                  
l.11 ...976graph}ï¼Œå…¶å‘å±•ç»å†äº†ä¸€ä¸ªæ¼«é•¿
                                                  çš„æ¢ç´¢è¿‡ç¨‹ã€‚
(That makes 100 errors; please try again.) 
Here is how much of TeX's memory you used:
 82 strings out of 492649
 822 string characters out of 6133384
 65848 words of memory out of 5000000
 4063 multiletter control sequences out of 15000+600000
 3948 words of font info for 15 fonts, out of 8000000 for 9000
 1141 hyphenation exceptions out of 8191
 20i,2n,27p,331b,92s stack positions out of 5000i,500n,10000p,200000b,80000s

!  ==> Fatal error occurred, no output PDF file produced!
