This is pdfTeX, Version 3.14159265-2.6-1.40.19 (TeX Live 2018/W32TeX) (preloaded format=pdflatex 2019.7.18)  8 APR 2022 15:58
entering extended mode
 restricted \write18 enabled.
 %&-line parsing enabled.
**Conclusion.tex
(./Conclusion.tex
LaTeX2e <2018-04-01> patch level 2
Babel <3.18> and hyphenation patterns for 84 language(s) loaded.
! Undefined control sequence.
<argument> \undefinedpagestyle 
                               
l.3 \pagestyle{myheadings}
                          
The control sequence at the end of the top line
of your error message was never \def'ed. If you have
misspelled it (e.g., `\hobx'), type `I' and the correct
spelling (e.g., `I\hbox'). Otherwise just continue,
and I'll forget about whatever was undefined.

! Undefined control sequence.
l.7 \chapter
            {æ€»ç»“ä¸å±•æœ›}
The control sequence at the end of the top line
of your error message was never \def'ed. If you have
misspelled it (e.g., `\hobx'), type `I' and the correct
spelling (e.g., `I\hbox'). Otherwise just continue,
and I'll forget about whatever was undefined.


! Package inputenc Error: Unicode character æ€» (U+603B)
(inputenc)                not set up for use with LaTeX.

See the inputenc package documentation for explanation.
Type  H <return>  for immediate help.
 ...                                              
                                                  
l.7 \chapter{æ€»
                ç»“ä¸å±•æœ›}
You may provide a definition with
\DeclareUnicodeCharacter 


! Package inputenc Error: Unicode character ç»“ (U+7ED3)
(inputenc)                not set up for use with LaTeX.

See the inputenc package documentation for explanation.
Type  H <return>  for immediate help.
 ...                                              
                                                  
l.7 \chapter{æ€»ç»“
                   ä¸å±•æœ›}
You may provide a definition with
\DeclareUnicodeCharacter 


! Package inputenc Error: Unicode character ä¸ (U+4E0E)
(inputenc)                not set up for use with LaTeX.

See the inputenc package documentation for explanation.
Type  H <return>  for immediate help.
 ...                                              
                                                  
l.7 \chapter{æ€»ç»“ä¸
                      å±•æœ›}
You may provide a definition with
\DeclareUnicodeCharacter 


! Package inputenc Error: Unicode character å±• (U+5C55)
(inputenc)                not set up for use with LaTeX.

See the inputenc package documentation for explanation.
Type  H <return>  for immediate help.
 ...                                              
                                                  
l.7 \chapter{æ€»ç»“ä¸å±•
                         æœ›}
You may provide a definition with
\DeclareUnicodeCharacter 


! Package inputenc Error: Unicode character æœ› (U+671B)
(inputenc)                not set up for use with LaTeX.

See the inputenc package documentation for explanation.
Type  H <return>  for immediate help.
 ...                                              
                                                  
l.7 \chapter{æ€»ç»“ä¸å±•æœ›
                            }
You may provide a definition with
\DeclareUnicodeCharacter 

! Undefined control sequence.
l.12 \section
             {æ€»ç»“}
The control sequence at the end of the top line
of your error message was never \def'ed. If you have
misspelled it (e.g., `\hobx'), type `I' and the correct
spelling (e.g., `I\hbox'). Otherwise just continue,
and I'll forget about whatever was undefined.


! Package inputenc Error: Unicode character æ€» (U+603B)
(inputenc)                not set up for use with LaTeX.

See the inputenc package documentation for explanation.
Type  H <return>  for immediate help.
 ...                                              
                                                  
l.12 \section{æ€»
                 ç»“}
You may provide a definition with
\DeclareUnicodeCharacter 


! Package inputenc Error: Unicode character ç»“ (U+7ED3)
(inputenc)                not set up for use with LaTeX.

See the inputenc package documentation for explanation.
Type  H <return>  for immediate help.
 ...                                              
                                                  
l.12 \section{æ€»ç»“
                    }
You may provide a definition with
\DeclareUnicodeCharacter 


! Package inputenc Error: Unicode character æœ¬ (U+672C)
(inputenc)                not set up for use with LaTeX.

See the inputenc package documentation for explanation.
Type  H <return>  for immediate help.
 ...                                              
                                                  
l.13 æœ¬
        æ–‡ä¸»è¦åœ¨ Lyapunov ç¨³å®šæ€§ç†è®ºæ¡†æ¶ä¸‹ï¼Œç ”ç©¶äº†å…·æœ‰è„‰å...

You may provide a definition with
\DeclareUnicodeCharacter 


! Package inputenc Error: Unicode character æ–‡ (U+6587)
(inputenc)                not set up for use with LaTeX.

See the inputenc package documentation for explanation.
Type  H <return>  for immediate help.
 ...                                              
                                                  
l.13 æœ¬æ–‡
           ä¸»è¦åœ¨ Lyapunov ç¨³å®šæ€§ç†è®ºæ¡†æ¶ä¸‹ï¼Œç ”ç©¶äº†å…·æœ‰è„‰å...

You may provide a definition with
\DeclareUnicodeCharacter 


! Package inputenc Error: Unicode character ä¸» (U+4E3B)
(inputenc)                not set up for use with LaTeX.

See the inputenc package documentation for explanation.
Type  H <return>  for immediate help.
 ...                                              
                                                  
l.13 æœ¬æ–‡ä¸»
              è¦åœ¨ Lyapunov ç¨³å®šæ€§ç†è®ºæ¡†æ¶ä¸‹ï¼Œç ”ç©¶äº†å…·æœ‰è„‰å...

You may provide a definition with
\DeclareUnicodeCharacter 


! Package inputenc Error: Unicode character è¦ (U+8981)
(inputenc)                not set up for use with LaTeX.

See the inputenc package documentation for explanation.
Type  H <return>  for immediate help.
 ...                                              
                                                  
l.13 æœ¬æ–‡ä¸»è¦
                 åœ¨ Lyapunov ç¨³å®šæ€§ç†è®ºæ¡†æ¶ä¸‹ï¼Œç ”ç©¶äº†å…·æœ‰è„‰å...

You may provide a definition with
\DeclareUnicodeCharacter 


! Package inputenc Error: Unicode character åœ¨ (U+5728)
(inputenc)                not set up for use with LaTeX.

See the inputenc package documentation for explanation.
Type  H <return>  for immediate help.
 ...                                              
                                                  
l.13 æœ¬æ–‡ä¸»è¦åœ¨
                     Lyapunov ç¨³å®šæ€§ç†è®ºæ¡†æ¶ä¸‹ï¼Œç ”ç©¶äº†å…·æœ‰è„‰å...

You may provide a definition with
\DeclareUnicodeCharacter 


! LaTeX Error: Missing \begin{document}.

See the LaTeX manual or LaTeX Companion for explanation.
Type  H <return>  for immediate help.
 ...                                              
                                                  
l.13 æœ¬æ–‡ä¸»è¦åœ¨ L
                      yapunov ç¨³å®šæ€§ç†è®ºæ¡†æ¶ä¸‹ï¼Œç ”ç©¶äº†å…·æœ‰è„‰å...

You're in trouble here.  Try typing  <return>  to proceed.
If that doesn't work, type  X <return>  to quit.

Missing character: There is no L in font nullfont!
Missing character: There is no y in font nullfont!
Missing character: There is no a in font nullfont!
Missing character: There is no p in font nullfont!
Missing character: There is no u in font nullfont!
Missing character: There is no n in font nullfont!
Missing character: There is no o in font nullfont!
Missing character: There is no v in font nullfont!

! Package inputenc Error: Unicode character ç¨³ (U+7A33)
(inputenc)                not set up for use with LaTeX.

See the inputenc package documentation for explanation.
Type  H <return>  for immediate help.
 ...                                              
                                                  
l.13 æœ¬æ–‡ä¸»è¦åœ¨ Lyapunov ç¨³
                                 å®šæ€§ç†è®ºæ¡†æ¶ä¸‹ï¼Œç ”ç©¶äº†å…·æœ‰è„‰å...

You may provide a definition with
\DeclareUnicodeCharacter 


! Package inputenc Error: Unicode character å®š (U+5B9A)
(inputenc)                not set up for use with LaTeX.

See the inputenc package documentation for explanation.
Type  H <return>  for immediate help.
 ...                                              
                                                  
l.13 æœ¬æ–‡ä¸»è¦åœ¨ Lyapunov ç¨³å®š
                                    æ€§ç†è®ºæ¡†æ¶ä¸‹ï¼Œç ”ç©¶äº†å…·æœ‰è„‰å...

You may provide a definition with
\DeclareUnicodeCharacter 


! Package inputenc Error: Unicode character æ€§ (U+6027)
(inputenc)                not set up for use with LaTeX.

See the inputenc package documentation for explanation.
Type  H <return>  for immediate help.
 ...                                              
                                                  
l.13 æœ¬æ–‡ä¸»è¦åœ¨ Lyapunov ç¨³å®šæ€§
                                       ç†è®ºæ¡†æ¶ä¸‹ï¼Œç ”ç©¶äº†å…·æœ‰è„‰å...

You may provide a definition with
\DeclareUnicodeCharacter 


! Package inputenc Error: Unicode character ç† (U+7406)
(inputenc)                not set up for use with LaTeX.

See the inputenc package documentation for explanation.
Type  H <return>  for immediate help.
 ...                                              
                                                  
l.13 æœ¬æ–‡ä¸»è¦åœ¨ Lyapunov ç¨³å®šæ€§ç†
                                          è®ºæ¡†æ¶ä¸‹ï¼Œç ”ç©¶äº†å…·æœ‰è„‰å...

You may provide a definition with
\DeclareUnicodeCharacter 


! Package inputenc Error: Unicode character è®º (U+8BBA)
(inputenc)                not set up for use with LaTeX.

See the inputenc package documentation for explanation.
Type  H <return>  for immediate help.
 ...                                              
                                                  
l.13 æœ¬æ–‡ä¸»è¦åœ¨ Lyapunov ç¨³å®šæ€§ç†è®º
                                             æ¡†æ¶ä¸‹ï¼Œç ”ç©¶äº†å…·æœ‰è„‰å...

You may provide a definition with
\DeclareUnicodeCharacter 


! Package inputenc Error: Unicode character æ¡† (U+6846)
(inputenc)                not set up for use with LaTeX.

See the inputenc package documentation for explanation.
Type  H <return>  for immediate help.
 ...                                              
                                                  
l.13 æœ¬æ–‡ä¸»è¦åœ¨ Lyapunov ç¨³å®šæ€§ç†è®ºæ¡†
                                                æ¶ä¸‹ï¼Œç ”ç©¶äº†å…·æœ‰è„‰å...

You may provide a definition with
\DeclareUnicodeCharacter 


! Package inputenc Error: Unicode character æ¶ (U+67B6)
(inputenc)                not set up for use with LaTeX.

See the inputenc package documentation for explanation.
Type  H <return>  for immediate help.
 ...                                              
                                                  
l.13 ...–‡ä¸»è¦åœ¨ Lyapunov ç¨³å®šæ€§ç†è®ºæ¡†æ¶
                                                  ä¸‹ï¼Œç ”ç©¶äº†å…·æœ‰è„‰å†...

You may provide a definition with
\DeclareUnicodeCharacter 


! Package inputenc Error: Unicode character ä¸‹ (U+4E0B)
(inputenc)                not set up for use with LaTeX.

See the inputenc package documentation for explanation.
Type  H <return>  for immediate help.
 ...                                              
                                                  
l.13 ...¸»è¦åœ¨ Lyapunov ç¨³å®šæ€§ç†è®ºæ¡†æ¶ä¸‹
                                                  ï¼Œç ”ç©¶äº†å…·æœ‰è„‰å†²æ...

You may provide a definition with
\DeclareUnicodeCharacter 


! Package inputenc Error: Unicode character ï¼Œ (U+FF0C)
(inputenc)                not set up for use with LaTeX.

See the inputenc package documentation for explanation.
Type  H <return>  for immediate help.
 ...                                              
                                                  
l.13 ...¦åœ¨ Lyapunov ç¨³å®šæ€§ç†è®ºæ¡†æ¶ä¸‹ï¼Œ
                                                  ç ”ç©¶äº†å…·æœ‰è„‰å†²æ§åˆ...

You may provide a definition with
\DeclareUnicodeCharacter 


! Package inputenc Error: Unicode character ç ” (U+7814)
(inputenc)                not set up for use with LaTeX.

See the inputenc package documentation for explanation.
Type  H <return>  for immediate help.
 ...                                              
                                                  
l.13 ...œ¨ Lyapunov ç¨³å®šæ€§ç†è®ºæ¡†æ¶ä¸‹ï¼Œç ”
                                                  ç©¶äº†å…·æœ‰è„‰å†²æ§åˆ¶çš...

You may provide a definition with
\DeclareUnicodeCharacter 


! Package inputenc Error: Unicode character ç©¶ (U+7A76)
(inputenc)                not set up for use with LaTeX.

See the inputenc package documentation for explanation.
Type  H <return>  for immediate help.
 ...                                              
                                                  
l.13 ...Lyapunov ç¨³å®šæ€§ç†è®ºæ¡†æ¶ä¸‹ï¼Œç ”ç©¶
                                                  äº†å…·æœ‰è„‰å†²æ§åˆ¶çš„æ—...

You may provide a definition with
\DeclareUnicodeCharacter 


! Package inputenc Error: Unicode character äº† (U+4E86)
(inputenc)                not set up for use with LaTeX.

See the inputenc package documentation for explanation.
Type  H <return>  for immediate help.
 ...                                              
                                                  
l.13 ...punov ç¨³å®šæ€§ç†è®ºæ¡†æ¶ä¸‹ï¼Œç ”ç©¶äº†
                                                  å…·æœ‰è„‰å†²æ§åˆ¶çš„æ—¶æ»...

You may provide a definition with
\DeclareUnicodeCharacter 


! Package inputenc Error: Unicode character å…· (U+5177)
(inputenc)                not set up for use with LaTeX.

See the inputenc package documentation for explanation.
Type  H <return>  for immediate help.
 ...                                              
                                                  
l.13 ...ov ç¨³å®šæ€§ç†è®ºæ¡†æ¶ä¸‹ï¼Œç ”ç©¶äº†å…·
                                                  æœ‰è„‰å†²æ§åˆ¶çš„æ—¶æ»å¤...

You may provide a definition with
\DeclareUnicodeCharacter 


! Package inputenc Error: Unicode character æœ‰ (U+6709)
(inputenc)                not set up for use with LaTeX.

See the inputenc package documentation for explanation.
Type  H <return>  for immediate help.
 ...                                              
                                                  
l.13 ...ç¨³å®šæ€§ç†è®ºæ¡†æ¶ä¸‹ï¼Œç ”ç©¶äº†å…·æœ‰
                                                  è„‰å†²æ§åˆ¶çš„æ—¶æ»å¤æ...

You may provide a definition with
\DeclareUnicodeCharacter 


! Package inputenc Error: Unicode character è„‰ (U+8109)
(inputenc)                not set up for use with LaTeX.

See the inputenc package documentation for explanation.
Type  H <return>  for immediate help.
 ...                                              
                                                  
l.13 ...å®šæ€§ç†è®ºæ¡†æ¶ä¸‹ï¼Œç ”ç©¶äº†å…·æœ‰è„‰
                                                  å†²æ§åˆ¶çš„æ—¶æ»å¤æ‚ç½...

You may provide a definition with
\DeclareUnicodeCharacter 


! Package inputenc Error: Unicode character å†² (U+51B2)
(inputenc)                not set up for use with LaTeX.

See the inputenc package documentation for explanation.
Type  H <return>  for immediate help.
 ...                                              
                                                  
l.13 ...æ€§ç†è®ºæ¡†æ¶ä¸‹ï¼Œç ”ç©¶äº†å…·æœ‰è„‰å†²
                                                  æ§åˆ¶çš„æ—¶æ»å¤æ‚ç½‘ç»...

You may provide a definition with
\DeclareUnicodeCharacter 


! Package inputenc Error: Unicode character æ§ (U+63A7)
(inputenc)                not set up for use with LaTeX.

See the inputenc package documentation for explanation.
Type  H <return>  for immediate help.
 ...                                              
                                                  
l.13 ...ç†è®ºæ¡†æ¶ä¸‹ï¼Œç ”ç©¶äº†å…·æœ‰è„‰å†²æ§
                                                  åˆ¶çš„æ—¶æ»å¤æ‚ç½‘ç»œçš...

You may provide a definition with
\DeclareUnicodeCharacter 


! Package inputenc Error: Unicode character åˆ¶ (U+5236)
(inputenc)                not set up for use with LaTeX.

See the inputenc package documentation for explanation.
Type  H <return>  for immediate help.
 ...                                              
                                                  
l.13 ...è®ºæ¡†æ¶ä¸‹ï¼Œç ”ç©¶äº†å…·æœ‰è„‰å†²æ§åˆ¶
                                                  çš„æ—¶æ»å¤æ‚ç½‘ç»œçš„åŠ...

You may provide a definition with
\DeclareUnicodeCharacter 


! Package inputenc Error: Unicode character çš„ (U+7684)
(inputenc)                not set up for use with LaTeX.

See the inputenc package documentation for explanation.
Type  H <return>  for immediate help.
 ...                                              
                                                  
l.13 ...æ¡†æ¶ä¸‹ï¼Œç ”ç©¶äº†å…·æœ‰è„‰å†²æ§åˆ¶çš„
                                                  æ—¶æ»å¤æ‚ç½‘ç»œçš„åŠ¨åŠ...

You may provide a definition with
\DeclareUnicodeCharacter 


! Package inputenc Error: Unicode character æ—¶ (U+65F6)
(inputenc)                not set up for use with LaTeX.

See the inputenc package documentation for explanation.
Type  H <return>  for immediate help.
 ...                                              
                                                  
l.13 ...æ¶ä¸‹ï¼Œç ”ç©¶äº†å…·æœ‰è„‰å†²æ§åˆ¶çš„æ—¶
                                                  æ»å¤æ‚ç½‘ç»œçš„åŠ¨åŠ›å­...

You may provide a definition with
\DeclareUnicodeCharacter 


! Package inputenc Error: Unicode character æ» (U+6EDE)
(inputenc)                not set up for use with LaTeX.

See the inputenc package documentation for explanation.
Type  H <return>  for immediate help.
 ...                                              
                                                  
l.13 ...ä¸‹ï¼Œç ”ç©¶äº†å…·æœ‰è„‰å†²æ§åˆ¶çš„æ—¶æ»
                                                  å¤æ‚ç½‘ç»œçš„åŠ¨åŠ›å­¦è¡...

You may provide a definition with
\DeclareUnicodeCharacter 


! Package inputenc Error: Unicode character å¤ (U+590D)
(inputenc)                not set up for use with LaTeX.

See the inputenc package documentation for explanation.
Type  H <return>  for immediate help.
 ...                                              
                                                  
l.13 ...ï¼Œç ”ç©¶äº†å…·æœ‰è„‰å†²æ§åˆ¶çš„æ—¶æ»å¤
                                                  æ‚ç½‘ç»œçš„åŠ¨åŠ›å­¦è¡Œä¸...

You may provide a definition with
\DeclareUnicodeCharacter 


! Package inputenc Error: Unicode character æ‚ (U+6742)
(inputenc)                not set up for use with LaTeX.

See the inputenc package documentation for explanation.
Type  H <return>  for immediate help.
 ...                                              
                                                  
l.13 ...ç ”ç©¶äº†å…·æœ‰è„‰å†²æ§åˆ¶çš„æ—¶æ»å¤æ‚
                                                  ç½‘ç»œçš„åŠ¨åŠ›å­¦è¡Œä¸ºã€‚
You may provide a definition with
\DeclareUnicodeCharacter 


! Package inputenc Error: Unicode character ç½‘ (U+7F51)
(inputenc)                not set up for use with LaTeX.

See the inputenc package documentation for explanation.
Type  H <return>  for immediate help.
 ...                                              
                                                  
l.13 ...ç©¶äº†å…·æœ‰è„‰å†²æ§åˆ¶çš„æ—¶æ»å¤æ‚ç½‘
                                                  ç»œçš„åŠ¨åŠ›å­¦è¡Œä¸ºã€‚
You may provide a definition with
\DeclareUnicodeCharacter 


! Package inputenc Error: Unicode character ç»œ (U+7EDC)
(inputenc)                not set up for use with LaTeX.

See the inputenc package documentation for explanation.
Type  H <return>  for immediate help.
 ...                                              
                                                  
l.13 ...äº†å…·æœ‰è„‰å†²æ§åˆ¶çš„æ—¶æ»å¤æ‚ç½‘ç»œ
                                                  çš„åŠ¨åŠ›å­¦è¡Œä¸ºã€‚
You may provide a definition with
\DeclareUnicodeCharacter 


! Package inputenc Error: Unicode character çš„ (U+7684)
(inputenc)                not set up for use with LaTeX.

See the inputenc package documentation for explanation.
Type  H <return>  for immediate help.
 ...                                              
                                                  
l.13 ...å…·æœ‰è„‰å†²æ§åˆ¶çš„æ—¶æ»å¤æ‚ç½‘ç»œçš„
                                                  åŠ¨åŠ›å­¦è¡Œä¸ºã€‚
You may provide a definition with
\DeclareUnicodeCharacter 


! Package inputenc Error: Unicode character åŠ¨ (U+52A8)
(inputenc)                not set up for use with LaTeX.

See the inputenc package documentation for explanation.
Type  H <return>  for immediate help.
 ...                                              
                                                  
l.13 ...æœ‰è„‰å†²æ§åˆ¶çš„æ—¶æ»å¤æ‚ç½‘ç»œçš„åŠ¨
                                                  åŠ›å­¦è¡Œä¸ºã€‚
You may provide a definition with
\DeclareUnicodeCharacter 


! Package inputenc Error: Unicode character åŠ› (U+529B)
(inputenc)                not set up for use with LaTeX.

See the inputenc package documentation for explanation.
Type  H <return>  for immediate help.
 ...                                              
                                                  
l.13 ...è„‰å†²æ§åˆ¶çš„æ—¶æ»å¤æ‚ç½‘ç»œçš„åŠ¨åŠ›
                                                  å­¦è¡Œä¸ºã€‚
You may provide a definition with
\DeclareUnicodeCharacter 


! Package inputenc Error: Unicode character å­¦ (U+5B66)
(inputenc)                not set up for use with LaTeX.

See the inputenc package documentation for explanation.
Type  H <return>  for immediate help.
 ...                                              
                                                  
l.13 ...å†²æ§åˆ¶çš„æ—¶æ»å¤æ‚ç½‘ç»œçš„åŠ¨åŠ›å­¦
                                                  è¡Œä¸ºã€‚
You may provide a definition with
\DeclareUnicodeCharacter 


! Package inputenc Error: Unicode character è¡Œ (U+884C)
(inputenc)                not set up for use with LaTeX.

See the inputenc package documentation for explanation.
Type  H <return>  for immediate help.
 ...                                              
                                                  
l.13 ...æ§åˆ¶çš„æ—¶æ»å¤æ‚ç½‘ç»œçš„åŠ¨åŠ›å­¦è¡Œ
                                                  ä¸ºã€‚
You may provide a definition with
\DeclareUnicodeCharacter 


! Package inputenc Error: Unicode character ä¸º (U+4E3A)
(inputenc)                not set up for use with LaTeX.

See the inputenc package documentation for explanation.
Type  H <return>  for immediate help.
 ...                                              
                                                  
l.13 ...åˆ¶çš„æ—¶æ»å¤æ‚ç½‘ç»œçš„åŠ¨åŠ›å­¦è¡Œä¸º
                                                  ã€‚
You may provide a definition with
\DeclareUnicodeCharacter 


! Package inputenc Error: Unicode character ã€‚ (U+3002)
(inputenc)                not set up for use with LaTeX.

See the inputenc package documentation for explanation.
Type  H <return>  for immediate help.
 ...                                              
                                                  
l.13 ...çš„æ—¶æ»å¤æ‚ç½‘ç»œçš„åŠ¨åŠ›å­¦è¡Œä¸ºã€‚
                                                  
You may provide a definition with
\DeclareUnicodeCharacter 


! Package inputenc Error: Unicode character é€š (U+901A)
(inputenc)                not set up for use with LaTeX.

See the inputenc package documentation for explanation.
Type  H <return>  for immediate help.
 ...                                              
                                                  
l.14 é€š
        è¿‡è®¾è®¡ä¸åŒç±»å‹çš„è„‰å†²æ§åˆ¶ï¼ŒåŒ…æ‹¬æ··æ‚è„‰å†²æ§åˆ¶ï¼Œäº...

You may provide a definition with
\DeclareUnicodeCharacter 


! Package inputenc Error: Unicode character è¿‡ (U+8FC7)
(inputenc)                not set up for use with LaTeX.

See the inputenc package documentation for explanation.
Type  H <return>  for immediate help.
 ...                                              
                                                  
l.14 é€šè¿‡
           è®¾è®¡ä¸åŒç±»å‹çš„è„‰å†²æ§åˆ¶ï¼ŒåŒ…æ‹¬æ··æ‚è„‰å†²æ§åˆ¶ï¼Œäº...

You may provide a definition with
\DeclareUnicodeCharacter 


! Package inputenc Error: Unicode character è®¾ (U+8BBE)
(inputenc)                not set up for use with LaTeX.

See the inputenc package documentation for explanation.
Type  H <return>  for immediate help.
 ...                                              
                                                  
l.14 é€šè¿‡è®¾
              è®¡ä¸åŒç±»å‹çš„è„‰å†²æ§åˆ¶ï¼ŒåŒ…æ‹¬æ··æ‚è„‰å†²æ§åˆ¶ï¼Œäº...

You may provide a definition with
\DeclareUnicodeCharacter 


! Package inputenc Error: Unicode character è®¡ (U+8BA1)
(inputenc)                not set up for use with LaTeX.

See the inputenc package documentation for explanation.
Type  H <return>  for immediate help.
 ...                                              
                                                  
l.14 é€šè¿‡è®¾è®¡
                 ä¸åŒç±»å‹çš„è„‰å†²æ§åˆ¶ï¼ŒåŒ…æ‹¬æ··æ‚è„‰å†²æ§åˆ¶ï¼Œäº...

You may provide a definition with
\DeclareUnicodeCharacter 


! Package inputenc Error: Unicode character ä¸ (U+4E0D)
(inputenc)                not set up for use with LaTeX.

See the inputenc package documentation for explanation.
Type  H <return>  for immediate help.
 ...                                              
                                                  
l.14 é€šè¿‡è®¾è®¡ä¸
                    åŒç±»å‹çš„è„‰å†²æ§åˆ¶ï¼ŒåŒ…æ‹¬æ··æ‚è„‰å†²æ§åˆ¶ï¼Œäº...

You may provide a definition with
\DeclareUnicodeCharacter 


! Package inputenc Error: Unicode character åŒ (U+540C)
(inputenc)                not set up for use with LaTeX.

See the inputenc package documentation for explanation.
Type  H <return>  for immediate help.
 ...                                              
                                                  
l.14 é€šè¿‡è®¾è®¡ä¸åŒ
                       ç±»å‹çš„è„‰å†²æ§åˆ¶ï¼ŒåŒ…æ‹¬æ··æ‚è„‰å†²æ§åˆ¶ï¼Œäº...

You may provide a definition with
\DeclareUnicodeCharacter 


! Package inputenc Error: Unicode character ç±» (U+7C7B)
(inputenc)                not set up for use with LaTeX.

See the inputenc package documentation for explanation.
Type  H <return>  for immediate help.
 ...                                              
                                                  
l.14 é€šè¿‡è®¾è®¡ä¸åŒç±»
                          å‹çš„è„‰å†²æ§åˆ¶ï¼ŒåŒ…æ‹¬æ··æ‚è„‰å†²æ§åˆ¶ï¼Œäº...

You may provide a definition with
\DeclareUnicodeCharacter 


! Package inputenc Error: Unicode character å‹ (U+578B)
(inputenc)                not set up for use with LaTeX.

See the inputenc package documentation for explanation.
Type  H <return>  for immediate help.
 ...                                              
                                                  
l.14 é€šè¿‡è®¾è®¡ä¸åŒç±»å‹
                             çš„è„‰å†²æ§åˆ¶ï¼ŒåŒ…æ‹¬æ··æ‚è„‰å†²æ§åˆ¶ï¼Œäº...

You may provide a definition with
\DeclareUnicodeCharacter 


! Package inputenc Error: Unicode character çš„ (U+7684)
(inputenc)                not set up for use with LaTeX.

See the inputenc package documentation for explanation.
Type  H <return>  for immediate help.
 ...                                              
                                                  
l.14 é€šè¿‡è®¾è®¡ä¸åŒç±»å‹çš„
                                è„‰å†²æ§åˆ¶ï¼ŒåŒ…æ‹¬æ··æ‚è„‰å†²æ§åˆ¶ï¼Œäº...

You may provide a definition with
\DeclareUnicodeCharacter 


! Package inputenc Error: Unicode character è„‰ (U+8109)
(inputenc)                not set up for use with LaTeX.

See the inputenc package documentation for explanation.
Type  H <return>  for immediate help.
 ...                                              
                                                  
l.14 é€šè¿‡è®¾è®¡ä¸åŒç±»å‹çš„è„‰
                                   å†²æ§åˆ¶ï¼ŒåŒ…æ‹¬æ··æ‚è„‰å†²æ§åˆ¶ï¼Œäº...

You may provide a definition with
\DeclareUnicodeCharacter 


! Package inputenc Error: Unicode character å†² (U+51B2)
(inputenc)                not set up for use with LaTeX.

See the inputenc package documentation for explanation.
Type  H <return>  for immediate help.
 ...                                              
                                                  
l.14 é€šè¿‡è®¾è®¡ä¸åŒç±»å‹çš„è„‰å†²
                                      æ§åˆ¶ï¼ŒåŒ…æ‹¬æ··æ‚è„‰å†²æ§åˆ¶ï¼Œäº...

You may provide a definition with
\DeclareUnicodeCharacter 


! Package inputenc Error: Unicode character æ§ (U+63A7)
(inputenc)                not set up for use with LaTeX.

See the inputenc package documentation for explanation.
Type  H <return>  for immediate help.
 ...                                              
                                                  
l.14 é€šè¿‡è®¾è®¡ä¸åŒç±»å‹çš„è„‰å†²æ§
                                         åˆ¶ï¼ŒåŒ…æ‹¬æ··æ‚è„‰å†²æ§åˆ¶ï¼Œäº...

You may provide a definition with
\DeclareUnicodeCharacter 


! Package inputenc Error: Unicode character åˆ¶ (U+5236)
(inputenc)                not set up for use with LaTeX.

See the inputenc package documentation for explanation.
Type  H <return>  for immediate help.
 ...                                              
                                                  
l.14 é€šè¿‡è®¾è®¡ä¸åŒç±»å‹çš„è„‰å†²æ§åˆ¶
                                            ï¼ŒåŒ…æ‹¬æ··æ‚è„‰å†²æ§åˆ¶ï¼Œäº...

You may provide a definition with
\DeclareUnicodeCharacter 


! Package inputenc Error: Unicode character ï¼Œ (U+FF0C)
(inputenc)                not set up for use with LaTeX.

See the inputenc package documentation for explanation.
Type  H <return>  for immediate help.
 ...                                              
                                                  
l.14 é€šè¿‡è®¾è®¡ä¸åŒç±»å‹çš„è„‰å†²æ§åˆ¶ï¼Œ
                                               åŒ…æ‹¬æ··æ‚è„‰å†²æ§åˆ¶ï¼Œäº...

You may provide a definition with
\DeclareUnicodeCharacter 


! Package inputenc Error: Unicode character åŒ… (U+5305)
(inputenc)                not set up for use with LaTeX.

See the inputenc package documentation for explanation.
Type  H <return>  for immediate help.
 ...                                              
                                                  
l.14 é€šè¿‡è®¾è®¡ä¸åŒç±»å‹çš„è„‰å†²æ§åˆ¶ï¼ŒåŒ…
                                                  æ‹¬æ··æ‚è„‰å†²æ§åˆ¶ï¼Œäº...

You may provide a definition with
\DeclareUnicodeCharacter 


! Package inputenc Error: Unicode character æ‹¬ (U+62EC)
(inputenc)                not set up for use with LaTeX.

See the inputenc package documentation for explanation.
Type  H <return>  for immediate help.
 ...                                              
                                                  
l.14 ...è®¾è®¡ä¸åŒç±»å‹çš„è„‰å†²æ§åˆ¶ï¼ŒåŒ…æ‹¬
                                                  æ··æ‚è„‰å†²æ§åˆ¶ï¼Œäº‹ä»...

You may provide a definition with
\DeclareUnicodeCharacter 


! Package inputenc Error: Unicode character æ·· (U+6DF7)
(inputenc)                not set up for use with LaTeX.

See the inputenc package documentation for explanation.
Type  H <return>  for immediate help.
 ...                                              
                                                  
l.14 ...è®¡ä¸åŒç±»å‹çš„è„‰å†²æ§åˆ¶ï¼ŒåŒ…æ‹¬æ··
                                                  æ‚è„‰å†²æ§åˆ¶ï¼Œäº‹ä»¶è§...

You may provide a definition with
\DeclareUnicodeCharacter 


! Package inputenc Error: Unicode character æ‚ (U+6742)
(inputenc)                not set up for use with LaTeX.

See the inputenc package documentation for explanation.
Type  H <return>  for immediate help.
 ...                                              
                                                  
l.14 ...ä¸åŒç±»å‹çš„è„‰å†²æ§åˆ¶ï¼ŒåŒ…æ‹¬æ··æ‚
                                                  è„‰å†²æ§åˆ¶ï¼Œäº‹ä»¶è§¦å...

You may provide a definition with
\DeclareUnicodeCharacter 


! Package inputenc Error: Unicode character è„‰ (U+8109)
(inputenc)                not set up for use with LaTeX.

See the inputenc package documentation for explanation.
Type  H <return>  for immediate help.
 ...                                              
                                                  
l.14 ...åŒç±»å‹çš„è„‰å†²æ§åˆ¶ï¼ŒåŒ…æ‹¬æ··æ‚è„‰
                                                  å†²æ§åˆ¶ï¼Œäº‹ä»¶è§¦å‘è„...

You may provide a definition with
\DeclareUnicodeCharacter 


! Package inputenc Error: Unicode character å†² (U+51B2)
(inputenc)                not set up for use with LaTeX.

See the inputenc package documentation for explanation.
Type  H <return>  for immediate help.
 ...                                              
                                                  
l.14 ...ç±»å‹çš„è„‰å†²æ§åˆ¶ï¼ŒåŒ…æ‹¬æ··æ‚è„‰å†²
                                                  æ§åˆ¶ï¼Œäº‹ä»¶è§¦å‘è„‰å†...

You may provide a definition with
\DeclareUnicodeCharacter 


! Package inputenc Error: Unicode character æ§ (U+63A7)
(inputenc)                not set up for use with LaTeX.

See the inputenc package documentation for explanation.
Type  H <return>  for immediate help.
 ...                                              
                                                  
l.14 ...å‹çš„è„‰å†²æ§åˆ¶ï¼ŒåŒ…æ‹¬æ··æ‚è„‰å†²æ§
                                                  åˆ¶ï¼Œäº‹ä»¶è§¦å‘è„‰å†²æ...

You may provide a definition with
\DeclareUnicodeCharacter 


! Package inputenc Error: Unicode character åˆ¶ (U+5236)
(inputenc)                not set up for use with LaTeX.

See the inputenc package documentation for explanation.
Type  H <return>  for immediate help.
 ...                                              
                                                  
l.14 ...çš„è„‰å†²æ§åˆ¶ï¼ŒåŒ…æ‹¬æ··æ‚è„‰å†²æ§åˆ¶
                                                  ï¼Œäº‹ä»¶è§¦å‘è„‰å†²æ§åˆ...

You may provide a definition with
\DeclareUnicodeCharacter 


! Package inputenc Error: Unicode character ï¼Œ (U+FF0C)
(inputenc)                not set up for use with LaTeX.

See the inputenc package documentation for explanation.
Type  H <return>  for immediate help.
 ...                                              
                                                  
l.14 ...è„‰å†²æ§åˆ¶ï¼ŒåŒ…æ‹¬æ··æ‚è„‰å†²æ§åˆ¶ï¼Œ
                                                  äº‹ä»¶è§¦å‘è„‰å†²æ§åˆ¶ï¼...

You may provide a definition with
\DeclareUnicodeCharacter 


! Package inputenc Error: Unicode character äº‹ (U+4E8B)
(inputenc)                not set up for use with LaTeX.

See the inputenc package documentation for explanation.
Type  H <return>  for immediate help.
 ...                                              
                                                  
l.14 ...å†²æ§åˆ¶ï¼ŒåŒ…æ‹¬æ··æ‚è„‰å†²æ§åˆ¶ï¼Œäº‹
                                                  ä»¶è§¦å‘è„‰å†²æ§åˆ¶ï¼Œåˆ...

You may provide a definition with
\DeclareUnicodeCharacter 


! Package inputenc Error: Unicode character ä»¶ (U+4EF6)
(inputenc)                not set up for use with LaTeX.

See the inputenc package documentation for explanation.
Type  H <return>  for immediate help.
 ...                                              
                                                  
l.14 ...æ§åˆ¶ï¼ŒåŒ…æ‹¬æ··æ‚è„‰å†²æ§åˆ¶ï¼Œäº‹ä»¶
                                                  è§¦å‘è„‰å†²æ§åˆ¶ï¼Œåˆ†å¸...

You may provide a definition with
\DeclareUnicodeCharacter 


! Package inputenc Error: Unicode character è§¦ (U+89E6)
(inputenc)                not set up for use with LaTeX.

See the inputenc package documentation for explanation.
Type  H <return>  for immediate help.
 ...                                              
                                                  
l.14 ...åˆ¶ï¼ŒåŒ…æ‹¬æ··æ‚è„‰å†²æ§åˆ¶ï¼Œäº‹ä»¶è§¦
                                                  å‘è„‰å†²æ§åˆ¶ï¼Œåˆ†å¸ƒå¼...

You may provide a definition with
\DeclareUnicodeCharacter 


! Package inputenc Error: Unicode character å‘ (U+53D1)
(inputenc)                not set up for use with LaTeX.

See the inputenc package documentation for explanation.
Type  H <return>  for immediate help.
 ...                                              
                                                  
l.14 ...ï¼ŒåŒ…æ‹¬æ··æ‚è„‰å†²æ§åˆ¶ï¼Œäº‹ä»¶è§¦å‘
                                                  è„‰å†²æ§åˆ¶ï¼Œåˆ†å¸ƒå¼çš...

You may provide a definition with
\DeclareUnicodeCharacter 


! Package inputenc Error: Unicode character è„‰ (U+8109)
(inputenc)                not set up for use with LaTeX.

See the inputenc package documentation for explanation.
Type  H <return>  for immediate help.
 ...                                              
                                                  
l.14 ...åŒ…æ‹¬æ··æ‚è„‰å†²æ§åˆ¶ï¼Œäº‹ä»¶è§¦å‘è„‰
                                                  å†²æ§åˆ¶ï¼Œåˆ†å¸ƒå¼çš„é¥...

You may provide a definition with
\DeclareUnicodeCharacter 


! Package inputenc Error: Unicode character å†² (U+51B2)
(inputenc)                not set up for use with LaTeX.

See the inputenc package documentation for explanation.
Type  H <return>  for immediate help.
 ...                                              
                                                  
l.14 ...æ‹¬æ··æ‚è„‰å†²æ§åˆ¶ï¼Œäº‹ä»¶è§¦å‘è„‰å†²
                                                  æ§åˆ¶ï¼Œåˆ†å¸ƒå¼çš„é¥±å’...

You may provide a definition with
\DeclareUnicodeCharacter 


! Package inputenc Error: Unicode character æ§ (U+63A7)
(inputenc)                not set up for use with LaTeX.

See the inputenc package documentation for explanation.
Type  H <return>  for immediate help.
 ...                                              
                                                  
l.14 ...æ··æ‚è„‰å†²æ§åˆ¶ï¼Œäº‹ä»¶è§¦å‘è„‰å†²æ§
                                                  åˆ¶ï¼Œåˆ†å¸ƒå¼çš„é¥±å’Œè„...

You may provide a definition with
\DeclareUnicodeCharacter 


! Package inputenc Error: Unicode character åˆ¶ (U+5236)
(inputenc)                not set up for use with LaTeX.

See the inputenc package documentation for explanation.
Type  H <return>  for immediate help.
 ...                                              
                                                  
l.14 ...æ‚è„‰å†²æ§åˆ¶ï¼Œäº‹ä»¶è§¦å‘è„‰å†²æ§åˆ¶
                                                  ï¼Œåˆ†å¸ƒå¼çš„é¥±å’Œè„‰å†...

You may provide a definition with
\DeclareUnicodeCharacter 


! Package inputenc Error: Unicode character ï¼Œ (U+FF0C)
(inputenc)                not set up for use with LaTeX.

See the inputenc package documentation for explanation.
Type  H <return>  for immediate help.
 ...                                              
                                                  
l.14 ...è„‰å†²æ§åˆ¶ï¼Œäº‹ä»¶è§¦å‘è„‰å†²æ§åˆ¶ï¼Œ
                                                  åˆ†å¸ƒå¼çš„é¥±å’Œè„‰å†²æ...

You may provide a definition with
\DeclareUnicodeCharacter 


! Package inputenc Error: Unicode character åˆ† (U+5206)
(inputenc)                not set up for use with LaTeX.

See the inputenc package documentation for explanation.
Type  H <return>  for immediate help.
 ...                                              
                                                  
l.14 ...å†²æ§åˆ¶ï¼Œäº‹ä»¶è§¦å‘è„‰å†²æ§åˆ¶ï¼Œåˆ†
                                                  å¸ƒå¼çš„é¥±å’Œè„‰å†²æ§åˆ...

You may provide a definition with
\DeclareUnicodeCharacter 


! Package inputenc Error: Unicode character å¸ƒ (U+5E03)
(inputenc)                not set up for use with LaTeX.

See the inputenc package documentation for explanation.
Type  H <return>  for immediate help.
 ...                                              
                                                  
l.14 ...æ§åˆ¶ï¼Œäº‹ä»¶è§¦å‘è„‰å†²æ§åˆ¶ï¼Œåˆ†å¸ƒ
                                                  å¼çš„é¥±å’Œè„‰å†²æ§åˆ¶ç­...

You may provide a definition with
\DeclareUnicodeCharacter 


! Package inputenc Error: Unicode character å¼ (U+5F0F)
(inputenc)                not set up for use with LaTeX.

See the inputenc package documentation for explanation.
Type  H <return>  for immediate help.
 ...                                              
                                                  
l.14 ...åˆ¶ï¼Œäº‹ä»¶è§¦å‘è„‰å†²æ§åˆ¶ï¼Œåˆ†å¸ƒå¼
                                                  çš„é¥±å’Œè„‰å†²æ§åˆ¶ç­‰ï¼...

You may provide a definition with
\DeclareUnicodeCharacter 


! Package inputenc Error: Unicode character çš„ (U+7684)
(inputenc)                not set up for use with LaTeX.

See the inputenc package documentation for explanation.
Type  H <return>  for immediate help.
 ...                                              
                                                  
l.14 ...ï¼Œäº‹ä»¶è§¦å‘è„‰å†²æ§åˆ¶ï¼Œåˆ†å¸ƒå¼çš„
                                                  é¥±å’Œè„‰å†²æ§åˆ¶ç­‰ï¼Œåˆ...

You may provide a definition with
\DeclareUnicodeCharacter 


! Package inputenc Error: Unicode character é¥± (U+9971)
(inputenc)                not set up for use with LaTeX.

See the inputenc package documentation for explanation.
Type  H <return>  for immediate help.
 ...                                              
                                                  
l.14 ...äº‹ä»¶è§¦å‘è„‰å†²æ§åˆ¶ï¼Œåˆ†å¸ƒå¼çš„é¥±
                                                  å’Œè„‰å†²æ§åˆ¶ç­‰ï¼Œåˆ©ç”...

You may provide a definition with
\DeclareUnicodeCharacter 


! Package inputenc Error: Unicode character å’Œ (U+548C)
(inputenc)                not set up for use with LaTeX.

See the inputenc package documentation for explanation.
Type  H <return>  for immediate help.
 ...                                              
                                                  
l.14 ...ä»¶è§¦å‘è„‰å†²æ§åˆ¶ï¼Œåˆ†å¸ƒå¼çš„é¥±å’Œ
                                                  è„‰å†²æ§åˆ¶ç­‰ï¼Œåˆ©ç”¨æ—...

You may provide a definition with
\DeclareUnicodeCharacter 


! Package inputenc Error: Unicode character è„‰ (U+8109)
(inputenc)                not set up for use with LaTeX.

See the inputenc package documentation for explanation.
Type  H <return>  for immediate help.
 ...                                              
                                                  
l.14 ...è§¦å‘è„‰å†²æ§åˆ¶ï¼Œåˆ†å¸ƒå¼çš„é¥±å’Œè„‰
                                                  å†²æ§åˆ¶ç­‰ï¼Œåˆ©ç”¨æ—¶æ»...

You may provide a definition with
\DeclareUnicodeCharacter 


! Package inputenc Error: Unicode character å†² (U+51B2)
(inputenc)                not set up for use with LaTeX.

See the inputenc package documentation for explanation.
Type  H <return>  for immediate help.
 ...                                              
                                                  
l.14 ...å‘è„‰å†²æ§åˆ¶ï¼Œåˆ†å¸ƒå¼çš„é¥±å’Œè„‰å†²
                                                  æ§åˆ¶ç­‰ï¼Œåˆ©ç”¨æ—¶æ»ç³...

You may provide a definition with
\DeclareUnicodeCharacter 


! Package inputenc Error: Unicode character æ§ (U+63A7)
(inputenc)                not set up for use with LaTeX.

See the inputenc package documentation for explanation.
Type  H <return>  for immediate help.
 ...                                              
                                                  
l.14 ...è„‰å†²æ§åˆ¶ï¼Œåˆ†å¸ƒå¼çš„é¥±å’Œè„‰å†²æ§
                                                  åˆ¶ç­‰ï¼Œåˆ©ç”¨æ—¶æ»ç³»ç»...

You may provide a definition with
\DeclareUnicodeCharacter 


! Package inputenc Error: Unicode character åˆ¶ (U+5236)
(inputenc)                not set up for use with LaTeX.

See the inputenc package documentation for explanation.
Type  H <return>  for immediate help.
 ...                                              
                                                  
l.14 ...å†²æ§åˆ¶ï¼Œåˆ†å¸ƒå¼çš„é¥±å’Œè„‰å†²æ§åˆ¶
                                                  ç­‰ï¼Œåˆ©ç”¨æ—¶æ»ç³»ç»Ÿç...

You may provide a definition with
\DeclareUnicodeCharacter 


! Package inputenc Error: Unicode character ç­‰ (U+7B49)
(inputenc)                not set up for use with LaTeX.

See the inputenc package documentation for explanation.
Type  H <return>  for immediate help.
 ...                                              
                                                  
l.14 ...æ§åˆ¶ï¼Œåˆ†å¸ƒå¼çš„é¥±å’Œè„‰å†²æ§åˆ¶ç­‰
                                                  ï¼Œåˆ©ç”¨æ—¶æ»ç³»ç»Ÿç†è®...

You may provide a definition with
\DeclareUnicodeCharacter 


! Package inputenc Error: Unicode character ï¼Œ (U+FF0C)
(inputenc)                not set up for use with LaTeX.

See the inputenc package documentation for explanation.
Type  H <return>  for immediate help.
 ...                                              
                                                  
l.14 ...åˆ¶ï¼Œåˆ†å¸ƒå¼çš„é¥±å’Œè„‰å†²æ§åˆ¶ç­‰ï¼Œ
                                                  åˆ©ç”¨æ—¶æ»ç³»ç»Ÿç†è®ºã€...

You may provide a definition with
\DeclareUnicodeCharacter 


! Package inputenc Error: Unicode character åˆ© (U+5229)
(inputenc)                not set up for use with LaTeX.

See the inputenc package documentation for explanation.
Type  H <return>  for immediate help.
 ...                                              
                                                  
l.14 ...ï¼Œåˆ†å¸ƒå¼çš„é¥±å’Œè„‰å†²æ§åˆ¶ç­‰ï¼Œåˆ©
                                                  ç”¨æ—¶æ»ç³»ç»Ÿç†è®ºã€è„...

You may provide a definition with
\DeclareUnicodeCharacter 


! Package inputenc Error: Unicode character ç”¨ (U+7528)
(inputenc)                not set up for use with LaTeX.

See the inputenc package documentation for explanation.
Type  H <return>  for immediate help.
 ...                                              
                                                  
l.14 ...åˆ†å¸ƒå¼çš„é¥±å’Œè„‰å†²æ§åˆ¶ç­‰ï¼Œåˆ©ç”¨
                                                  æ—¶æ»ç³»ç»Ÿç†è®ºã€è„‰å†...

You may provide a definition with
\DeclareUnicodeCharacter 


! Package inputenc Error: Unicode character æ—¶ (U+65F6)
(inputenc)                not set up for use with LaTeX.

See the inputenc package documentation for explanation.
Type  H <return>  for immediate help.
 ...                                              
                                                  
l.14 ...å¸ƒå¼çš„é¥±å’Œè„‰å†²æ§åˆ¶ç­‰ï¼Œåˆ©ç”¨æ—¶
                                                  æ»ç³»ç»Ÿç†è®ºã€è„‰å†²æ...

You may provide a definition with
\DeclareUnicodeCharacter 


! Package inputenc Error: Unicode character æ» (U+6EDE)
(inputenc)                not set up for use with LaTeX.

See the inputenc package documentation for explanation.
Type  H <return>  for immediate help.
 ...                                              
                                                  
l.14 ...å¼çš„é¥±å’Œè„‰å†²æ§åˆ¶ç­‰ï¼Œåˆ©ç”¨æ—¶æ»
                                                  ç³»ç»Ÿç†è®ºã€è„‰å†²æ§åˆ...

You may provide a definition with
\DeclareUnicodeCharacter 


! Package inputenc Error: Unicode character ç³» (U+7CFB)
(inputenc)                not set up for use with LaTeX.

See the inputenc package documentation for explanation.
Type  H <return>  for immediate help.
 ...                                              
                                                  
l.14 ...çš„é¥±å’Œè„‰å†²æ§åˆ¶ç­‰ï¼Œåˆ©ç”¨æ—¶æ»ç³»
                                                  ç»Ÿç†è®ºã€è„‰å†²æ§åˆ¶ç...

You may provide a definition with
\DeclareUnicodeCharacter 


! Package inputenc Error: Unicode character ç»Ÿ (U+7EDF)
(inputenc)                not set up for use with LaTeX.

See the inputenc package documentation for explanation.
Type  H <return>  for immediate help.
 ...                                              
                                                  
l.14 ...é¥±å’Œè„‰å†²æ§åˆ¶ç­‰ï¼Œåˆ©ç”¨æ—¶æ»ç³»ç»Ÿ
                                                  ç†è®ºã€è„‰å†²æ§åˆ¶ç†è®...

You may provide a definition with
\DeclareUnicodeCharacter 


! Package inputenc Error: Unicode character ç† (U+7406)
(inputenc)                not set up for use with LaTeX.

See the inputenc package documentation for explanation.
Type  H <return>  for immediate help.
 ...                                              
                                                  
l.14 ...å’Œè„‰å†²æ§åˆ¶ç­‰ï¼Œåˆ©ç”¨æ—¶æ»ç³»ç»Ÿç†
                                                  è®ºã€è„‰å†²æ§åˆ¶ç†è®ºä»...

You may provide a definition with
\DeclareUnicodeCharacter 


! Package inputenc Error: Unicode character è®º (U+8BBA)
(inputenc)                not set up for use with LaTeX.

See the inputenc package documentation for explanation.
Type  H <return>  for immediate help.
 ...                                              
                                                  
l.14 ...è„‰å†²æ§åˆ¶ç­‰ï¼Œåˆ©ç”¨æ—¶æ»ç³»ç»Ÿç†è®º
                                                  ã€è„‰å†²æ§åˆ¶ç†è®ºä»¥å...
(That makes 100 errors; please try again.) 
Here is how much of TeX's memory you used:
 82 strings out of 492649
 811 string characters out of 6133384
 67747 words of memory out of 5000000
 4064 multiletter control sequences out of 15000+600000
 3640 words of font info for 14 fonts, out of 8000000 for 9000
 1141 hyphenation exceptions out of 8191
 17i,0n,14p,537b,33s stack positions out of 5000i,500n,10000p,200000b,80000s

!  ==> Fatal error occurred, no output PDF file produced!
