This is pdfTeX, Version 3.14159265-2.6-1.40.19 (TeX Live 2018/W32TeX) (preloaded format=pdflatex 2019.7.18)  3 APR 2022 20:27
entering extended mode
 restricted \write18 enabled.
 %&-line parsing enabled.
**ch2.tex
(./ch2.tex
LaTeX2e <2018-04-01> patch level 2
Babel <3.18> and hyphenation patterns for 84 language(s) loaded.
! Undefined control sequence.
<argument> \undefinedpagestyle 
                               
l.3 \pagestyle{myheadings}
                          
The control sequence at the end of the top line
of your error message was never \def'ed. If you have
misspelled it (e.g., `\hobx'), type `I' and the correct
spelling (e.g., `I\hbox'). Otherwise just continue,
and I'll forget about whatever was undefined.

! Undefined control sequence.
l.7 \chapter
            {æ··æ‚è„‰å†²æ§åˆ¶ä¸‹è€¦åˆçš„å¤šç¨³æ€æ—¶æ»å¿†é˜»ç¥ç»ç½‘ç»œ...
The control sequence at the end of the top line
of your error message was never \def'ed. If you have
misspelled it (e.g., `\hobx'), type `I' and the correct
spelling (e.g., `I\hbox'). Otherwise just continue,
and I'll forget about whatever was undefined.


! Package inputenc Error: Unicode character æ·· (U+6DF7)
(inputenc)                not set up for use with LaTeX.

See the inputenc package documentation for explanation.
Type  H <return>  for immediate help.
 ...                                              
                                                  
l.7 \chapter{æ··
                æ‚è„‰å†²æ§åˆ¶ä¸‹è€¦åˆçš„å¤šç¨³æ€æ—¶æ»å¿†é˜»ç¥ç»ç½‘ç»œ...

You may provide a definition with
\DeclareUnicodeCharacter 


! Package inputenc Error: Unicode character æ‚ (U+6742)
(inputenc)                not set up for use with LaTeX.

See the inputenc package documentation for explanation.
Type  H <return>  for immediate help.
 ...                                              
                                                  
l.7 \chapter{æ··æ‚
                   è„‰å†²æ§åˆ¶ä¸‹è€¦åˆçš„å¤šç¨³æ€æ—¶æ»å¿†é˜»ç¥ç»ç½‘ç»œ...

You may provide a definition with
\DeclareUnicodeCharacter 


! Package inputenc Error: Unicode character è„‰ (U+8109)
(inputenc)                not set up for use with LaTeX.

See the inputenc package documentation for explanation.
Type  H <return>  for immediate help.
 ...                                              
                                                  
l.7 \chapter{æ··æ‚è„‰
                      å†²æ§åˆ¶ä¸‹è€¦åˆçš„å¤šç¨³æ€æ—¶æ»å¿†é˜»ç¥ç»ç½‘ç»œ...

You may provide a definition with
\DeclareUnicodeCharacter 


! Package inputenc Error: Unicode character å†² (U+51B2)
(inputenc)                not set up for use with LaTeX.

See the inputenc package documentation for explanation.
Type  H <return>  for immediate help.
 ...                                              
                                                  
l.7 \chapter{æ··æ‚è„‰å†²
                         æ§åˆ¶ä¸‹è€¦åˆçš„å¤šç¨³æ€æ—¶æ»å¿†é˜»ç¥ç»ç½‘ç»œ...

You may provide a definition with
\DeclareUnicodeCharacter 


! Package inputenc Error: Unicode character æ§ (U+63A7)
(inputenc)                not set up for use with LaTeX.

See the inputenc package documentation for explanation.
Type  H <return>  for immediate help.
 ...                                              
                                                  
l.7 \chapter{æ··æ‚è„‰å†²æ§
                            åˆ¶ä¸‹è€¦åˆçš„å¤šç¨³æ€æ—¶æ»å¿†é˜»ç¥ç»ç½‘ç»œ...

You may provide a definition with
\DeclareUnicodeCharacter 


! Package inputenc Error: Unicode character åˆ¶ (U+5236)
(inputenc)                not set up for use with LaTeX.

See the inputenc package documentation for explanation.
Type  H <return>  for immediate help.
 ...                                              
                                                  
l.7 \chapter{æ··æ‚è„‰å†²æ§åˆ¶
                               ä¸‹è€¦åˆçš„å¤šç¨³æ€æ—¶æ»å¿†é˜»ç¥ç»ç½‘ç»œ...

You may provide a definition with
\DeclareUnicodeCharacter 


! Package inputenc Error: Unicode character ä¸‹ (U+4E0B)
(inputenc)                not set up for use with LaTeX.

See the inputenc package documentation for explanation.
Type  H <return>  for immediate help.
 ...                                              
                                                  
l.7 \chapter{æ··æ‚è„‰å†²æ§åˆ¶ä¸‹
                                  è€¦åˆçš„å¤šç¨³æ€æ—¶æ»å¿†é˜»ç¥ç»ç½‘ç»œ...

You may provide a definition with
\DeclareUnicodeCharacter 


! Package inputenc Error: Unicode character è€¦ (U+8026)
(inputenc)                not set up for use with LaTeX.

See the inputenc package documentation for explanation.
Type  H <return>  for immediate help.
 ...                                              
                                                  
l.7 \chapter{æ··æ‚è„‰å†²æ§åˆ¶ä¸‹è€¦
                                     åˆçš„å¤šç¨³æ€æ—¶æ»å¿†é˜»ç¥ç»ç½‘ç»œ...

You may provide a definition with
\DeclareUnicodeCharacter 


! Package inputenc Error: Unicode character åˆ (U+5408)
(inputenc)                not set up for use with LaTeX.

See the inputenc package documentation for explanation.
Type  H <return>  for immediate help.
 ...                                              
                                                  
l.7 \chapter{æ··æ‚è„‰å†²æ§åˆ¶ä¸‹è€¦åˆ
                                        çš„å¤šç¨³æ€æ—¶æ»å¿†é˜»ç¥ç»ç½‘ç»œ...

You may provide a definition with
\DeclareUnicodeCharacter 


! Package inputenc Error: Unicode character çš„ (U+7684)
(inputenc)                not set up for use with LaTeX.

See the inputenc package documentation for explanation.
Type  H <return>  for immediate help.
 ...                                              
                                                  
l.7 \chapter{æ··æ‚è„‰å†²æ§åˆ¶ä¸‹è€¦åˆçš„
                                           å¤šç¨³æ€æ—¶æ»å¿†é˜»ç¥ç»ç½‘ç»œ...

You may provide a definition with
\DeclareUnicodeCharacter 


! Package inputenc Error: Unicode character å¤š (U+591A)
(inputenc)                not set up for use with LaTeX.

See the inputenc package documentation for explanation.
Type  H <return>  for immediate help.
 ...                                              
                                                  
l.7 \chapter{æ··æ‚è„‰å†²æ§åˆ¶ä¸‹è€¦åˆçš„å¤š
                                              ç¨³æ€æ—¶æ»å¿†é˜»ç¥ç»ç½‘ç»œ...

You may provide a definition with
\DeclareUnicodeCharacter 


! Package inputenc Error: Unicode character ç¨³ (U+7A33)
(inputenc)                not set up for use with LaTeX.

See the inputenc package documentation for explanation.
Type  H <return>  for immediate help.
 ...                                              
                                                  
l.7 \chapter{æ··æ‚è„‰å†²æ§åˆ¶ä¸‹è€¦åˆçš„å¤šç¨³
                                                 æ€æ—¶æ»å¿†é˜»ç¥ç»ç½‘ç»œ...

You may provide a definition with
\DeclareUnicodeCharacter 


! Package inputenc Error: Unicode character æ€ (U+6001)
(inputenc)                not set up for use with LaTeX.

See the inputenc package documentation for explanation.
Type  H <return>  for immediate help.
 ...                                              
                                                  
l.7 ...ter{æ··æ‚è„‰å†²æ§åˆ¶ä¸‹è€¦åˆçš„å¤šç¨³æ€
                                                  æ—¶æ»å¿†é˜»ç¥ç»ç½‘ç»œçš...

You may provide a definition with
\DeclareUnicodeCharacter 


! Package inputenc Error: Unicode character æ—¶ (U+65F6)
(inputenc)                not set up for use with LaTeX.

See the inputenc package documentation for explanation.
Type  H <return>  for immediate help.
 ...                                              
                                                  
l.7 ...{æ··æ‚è„‰å†²æ§åˆ¶ä¸‹è€¦åˆçš„å¤šç¨³æ€æ—¶
                                                  æ»å¿†é˜»ç¥ç»ç½‘ç»œçš„å¤...

You may provide a definition with
\DeclareUnicodeCharacter 


! Package inputenc Error: Unicode character æ» (U+6EDE)
(inputenc)                not set up for use with LaTeX.

See the inputenc package documentation for explanation.
Type  H <return>  for immediate help.
 ...                                              
                                                  
l.7 ...·æ‚è„‰å†²æ§åˆ¶ä¸‹è€¦åˆçš„å¤šç¨³æ€æ—¶æ»
                                                  å¿†é˜»ç¥ç»ç½‘ç»œçš„å¤šå...

You may provide a definition with
\DeclareUnicodeCharacter 


! Package inputenc Error: Unicode character å¿† (U+5FC6)
(inputenc)                not set up for use with LaTeX.

See the inputenc package documentation for explanation.
Type  H <return>  for immediate help.
 ...                                              
                                                  
l.7 ...‚è„‰å†²æ§åˆ¶ä¸‹è€¦åˆçš„å¤šç¨³æ€æ—¶æ»å¿†
                                                  é˜»ç¥ç»ç½‘ç»œçš„å¤šåŒæ­...

You may provide a definition with
\DeclareUnicodeCharacter 


! Package inputenc Error: Unicode character é˜» (U+963B)
(inputenc)                not set up for use with LaTeX.

See the inputenc package documentation for explanation.
Type  H <return>  for immediate help.
 ...                                              
                                                  
l.7 ...‰å†²æ§åˆ¶ä¸‹è€¦åˆçš„å¤šç¨³æ€æ—¶æ»å¿†é˜»
                                                  ç¥ç»ç½‘ç»œçš„å¤šåŒæ­¥åˆ...

You may provide a definition with
\DeclareUnicodeCharacter 


! Package inputenc Error: Unicode character ç¥ (U+795E)
(inputenc)                not set up for use with LaTeX.

See the inputenc package documentation for explanation.
Type  H <return>  for immediate help.
 ...                                              
                                                  
l.7 ...²æ§åˆ¶ä¸‹è€¦åˆçš„å¤šç¨³æ€æ—¶æ»å¿†é˜»ç¥
                                                  ç»ç½‘ç»œçš„å¤šåŒæ­¥åˆ†æ...

You may provide a definition with
\DeclareUnicodeCharacter 


! Package inputenc Error: Unicode character ç» (U+7ECF)
(inputenc)                not set up for use with LaTeX.

See the inputenc package documentation for explanation.
Type  H <return>  for immediate help.
 ...                                              
                                                  
l.7 ...§åˆ¶ä¸‹è€¦åˆçš„å¤šç¨³æ€æ—¶æ»å¿†é˜»ç¥ç»
                                                  ç½‘ç»œçš„å¤šåŒæ­¥åˆ†æ}\...

You may provide a definition with
\DeclareUnicodeCharacter 


! Package inputenc Error: Unicode character ç½‘ (U+7F51)
(inputenc)                not set up for use with LaTeX.

See the inputenc package documentation for explanation.
Type  H <return>  for immediate help.
 ...                                              
                                                  
l.7 ...¶ä¸‹è€¦åˆçš„å¤šç¨³æ€æ—¶æ»å¿†é˜»ç¥ç»ç½‘
                                                  ç»œçš„å¤šåŒæ­¥åˆ†æ}\lab...

You may provide a definition with
\DeclareUnicodeCharacter 


! Package inputenc Error: Unicode character ç»œ (U+7EDC)
(inputenc)                not set up for use with LaTeX.

See the inputenc package documentation for explanation.
Type  H <return>  for immediate help.
 ...                                              
                                                  
l.7 ...‹è€¦åˆçš„å¤šç¨³æ€æ—¶æ»å¿†é˜»ç¥ç»ç½‘ç»œ
                                                  çš„å¤šåŒæ­¥åˆ†æ}\label{...

You may provide a definition with
\DeclareUnicodeCharacter 


! Package inputenc Error: Unicode character çš„ (U+7684)
(inputenc)                not set up for use with LaTeX.

See the inputenc package documentation for explanation.
Type  H <return>  for immediate help.
 ...                                              
                                                  
l.7 ...¦åˆçš„å¤šç¨³æ€æ—¶æ»å¿†é˜»ç¥ç»ç½‘ç»œçš„
                                                  å¤šåŒæ­¥åˆ†æ}\label{ch2}
You may provide a definition with
\DeclareUnicodeCharacter 


! Package inputenc Error: Unicode character å¤š (U+591A)
(inputenc)                not set up for use with LaTeX.

See the inputenc package documentation for explanation.
Type  H <return>  for immediate help.
 ...                                              
                                                  
l.7 ...ˆçš„å¤šç¨³æ€æ—¶æ»å¿†é˜»ç¥ç»ç½‘ç»œçš„å¤š
                                                  åŒæ­¥åˆ†æ}\label{ch2}
You may provide a definition with
\DeclareUnicodeCharacter 


! Package inputenc Error: Unicode character åŒ (U+540C)
(inputenc)                not set up for use with LaTeX.

See the inputenc package documentation for explanation.
Type  H <return>  for immediate help.
 ...                                              
                                                  
l.7 ...„å¤šç¨³æ€æ—¶æ»å¿†é˜»ç¥ç»ç½‘ç»œçš„å¤šåŒ
                                                  æ­¥åˆ†æ}\label{ch2}
You may provide a definition with
\DeclareUnicodeCharacter 


! Package inputenc Error: Unicode character æ­¥ (U+6B65)
(inputenc)                not set up for use with LaTeX.

See the inputenc package documentation for explanation.
Type  H <return>  for immediate help.
 ...                                              
                                                  
l.7 ...šç¨³æ€æ—¶æ»å¿†é˜»ç¥ç»ç½‘ç»œçš„å¤šåŒæ­¥
                                                  åˆ†æ}\label{ch2}
You may provide a definition with
\DeclareUnicodeCharacter 


! Package inputenc Error: Unicode character åˆ† (U+5206)
(inputenc)                not set up for use with LaTeX.

See the inputenc package documentation for explanation.
Type  H <return>  for immediate help.
 ...                                              
                                                  
l.7 ...³æ€æ—¶æ»å¿†é˜»ç¥ç»ç½‘ç»œçš„å¤šåŒæ­¥åˆ†
                                                  æ}\label{ch2}
You may provide a definition with
\DeclareUnicodeCharacter 


! Package inputenc Error: Unicode character æ (U+6790)
(inputenc)                not set up for use with LaTeX.

See the inputenc package documentation for explanation.
Type  H <return>  for immediate help.
 ...                                              
                                                  
l.7 ...æ—¶æ»å¿†é˜»ç¥ç»ç½‘ç»œçš„å¤šåŒæ­¥åˆ†æ
                                                  }\label{ch2}
You may provide a definition with
\DeclareUnicodeCharacter 

! Undefined control sequence.
l.10 \section
             {å¼•è¨€}
The control sequence at the end of the top line
of your error message was never \def'ed. If you have
misspelled it (e.g., `\hobx'), type `I' and the correct
spelling (e.g., `I\hbox'). Otherwise just continue,
and I'll forget about whatever was undefined.


! Package inputenc Error: Unicode character å¼• (U+5F15)
(inputenc)                not set up for use with LaTeX.

See the inputenc package documentation for explanation.
Type  H <return>  for immediate help.
 ...                                              
                                                  
l.10 \section{å¼•
                 è¨€}
You may provide a definition with
\DeclareUnicodeCharacter 


! Package inputenc Error: Unicode character è¨€ (U+8A00)
(inputenc)                not set up for use with LaTeX.

See the inputenc package documentation for explanation.
Type  H <return>  for immediate help.
 ...                                              
                                                  
l.10 \section{å¼•è¨€
                    }
You may provide a definition with
\DeclareUnicodeCharacter 


! Package inputenc Error: Unicode character åŸº (U+57FA)
(inputenc)                not set up for use with LaTeX.

See the inputenc package documentation for explanation.
Type  H <return>  for immediate help.
 ...                                              
                                                  
l.11 åŸº
        äºç‰©ç†ä¸–ç•Œçš„å¯¹ç§°æ€§ï¼Œè”¡å°‘æ£ åœ¨ 1971 å¹´é¦–æ¬¡æå‡ºäº†å¿...

You may provide a definition with
\DeclareUnicodeCharacter 


! Package inputenc Error: Unicode character äº (U+4E8E)
(inputenc)                not set up for use with LaTeX.

See the inputenc package documentation for explanation.
Type  H <return>  for immediate help.
 ...                                              
                                                  
l.11 åŸºäº
           ç‰©ç†ä¸–ç•Œçš„å¯¹ç§°æ€§ï¼Œè”¡å°‘æ£ åœ¨ 1971 å¹´é¦–æ¬¡æå‡ºäº†å¿...

You may provide a definition with
\DeclareUnicodeCharacter 


! Package inputenc Error: Unicode character ç‰© (U+7269)
(inputenc)                not set up for use with LaTeX.

See the inputenc package documentation for explanation.
Type  H <return>  for immediate help.
 ...                                              
                                                  
l.11 åŸºäºç‰©
              ç†ä¸–ç•Œçš„å¯¹ç§°æ€§ï¼Œè”¡å°‘æ£ åœ¨ 1971 å¹´é¦–æ¬¡æå‡ºäº†å¿...

You may provide a definition with
\DeclareUnicodeCharacter 


! Package inputenc Error: Unicode character ç† (U+7406)
(inputenc)                not set up for use with LaTeX.

See the inputenc package documentation for explanation.
Type  H <return>  for immediate help.
 ...                                              
                                                  
l.11 åŸºäºç‰©ç†
                 ä¸–ç•Œçš„å¯¹ç§°æ€§ï¼Œè”¡å°‘æ£ åœ¨ 1971 å¹´é¦–æ¬¡æå‡ºäº†å¿...

You may provide a definition with
\DeclareUnicodeCharacter 


! Package inputenc Error: Unicode character ä¸– (U+4E16)
(inputenc)                not set up for use with LaTeX.

See the inputenc package documentation for explanation.
Type  H <return>  for immediate help.
 ...                                              
                                                  
l.11 åŸºäºç‰©ç†ä¸–
                    ç•Œçš„å¯¹ç§°æ€§ï¼Œè”¡å°‘æ£ åœ¨ 1971 å¹´é¦–æ¬¡æå‡ºäº†å¿...

You may provide a definition with
\DeclareUnicodeCharacter 


! Package inputenc Error: Unicode character ç•Œ (U+754C)
(inputenc)                not set up for use with LaTeX.

See the inputenc package documentation for explanation.
Type  H <return>  for immediate help.
 ...                                              
                                                  
l.11 åŸºäºç‰©ç†ä¸–ç•Œ
                       çš„å¯¹ç§°æ€§ï¼Œè”¡å°‘æ£ åœ¨ 1971 å¹´é¦–æ¬¡æå‡ºäº†å¿...

You may provide a definition with
\DeclareUnicodeCharacter 


! Package inputenc Error: Unicode character çš„ (U+7684)
(inputenc)                not set up for use with LaTeX.

See the inputenc package documentation for explanation.
Type  H <return>  for immediate help.
 ...                                              
                                                  
l.11 åŸºäºç‰©ç†ä¸–ç•Œçš„
                          å¯¹ç§°æ€§ï¼Œè”¡å°‘æ£ åœ¨ 1971 å¹´é¦–æ¬¡æå‡ºäº†å¿...

You may provide a definition with
\DeclareUnicodeCharacter 


! Package inputenc Error: Unicode character å¯¹ (U+5BF9)
(inputenc)                not set up for use with LaTeX.

See the inputenc package documentation for explanation.
Type  H <return>  for immediate help.
 ...                                              
                                                  
l.11 åŸºäºç‰©ç†ä¸–ç•Œçš„å¯¹
                             ç§°æ€§ï¼Œè”¡å°‘æ£ åœ¨ 1971 å¹´é¦–æ¬¡æå‡ºäº†å¿...

You may provide a definition with
\DeclareUnicodeCharacter 


! Package inputenc Error: Unicode character ç§° (U+79F0)
(inputenc)                not set up for use with LaTeX.

See the inputenc package documentation for explanation.
Type  H <return>  for immediate help.
 ...                                              
                                                  
l.11 åŸºäºç‰©ç†ä¸–ç•Œçš„å¯¹ç§°
                                æ€§ï¼Œè”¡å°‘æ£ åœ¨ 1971 å¹´é¦–æ¬¡æå‡ºäº†å¿...

You may provide a definition with
\DeclareUnicodeCharacter 


! Package inputenc Error: Unicode character æ€§ (U+6027)
(inputenc)                not set up for use with LaTeX.

See the inputenc package documentation for explanation.
Type  H <return>  for immediate help.
 ...                                              
                                                  
l.11 åŸºäºç‰©ç†ä¸–ç•Œçš„å¯¹ç§°æ€§
                                   ï¼Œè”¡å°‘æ£ åœ¨ 1971 å¹´é¦–æ¬¡æå‡ºäº†å¿...

You may provide a definition with
\DeclareUnicodeCharacter 


! Package inputenc Error: Unicode character ï¼Œ (U+FF0C)
(inputenc)                not set up for use with LaTeX.

See the inputenc package documentation for explanation.
Type  H <return>  for immediate help.
 ...                                              
                                                  
l.11 åŸºäºç‰©ç†ä¸–ç•Œçš„å¯¹ç§°æ€§ï¼Œ
                                      è”¡å°‘æ£ åœ¨ 1971 å¹´é¦–æ¬¡æå‡ºäº†å¿...

You may provide a definition with
\DeclareUnicodeCharacter 


! Package inputenc Error: Unicode character è”¡ (U+8521)
(inputenc)                not set up for use with LaTeX.

See the inputenc package documentation for explanation.
Type  H <return>  for immediate help.
 ...                                              
                                                  
l.11 åŸºäºç‰©ç†ä¸–ç•Œçš„å¯¹ç§°æ€§ï¼Œè”¡
                                         å°‘æ£ åœ¨ 1971 å¹´é¦–æ¬¡æå‡ºäº†å¿...

You may provide a definition with
\DeclareUnicodeCharacter 


! Package inputenc Error: Unicode character å°‘ (U+5C11)
(inputenc)                not set up for use with LaTeX.

See the inputenc package documentation for explanation.
Type  H <return>  for immediate help.
 ...                                              
                                                  
l.11 åŸºäºç‰©ç†ä¸–ç•Œçš„å¯¹ç§°æ€§ï¼Œè”¡å°‘
                                            æ£ åœ¨ 1971 å¹´é¦–æ¬¡æå‡ºäº†å¿...

You may provide a definition with
\DeclareUnicodeCharacter 


! Package inputenc Error: Unicode character æ£  (U+68E0)
(inputenc)                not set up for use with LaTeX.

See the inputenc package documentation for explanation.
Type  H <return>  for immediate help.
 ...                                              
                                                  
l.11 åŸºäºç‰©ç†ä¸–ç•Œçš„å¯¹ç§°æ€§ï¼Œè”¡å°‘æ£ 
                                               åœ¨ 1971 å¹´é¦–æ¬¡æå‡ºäº†å¿...

You may provide a definition with
\DeclareUnicodeCharacter 


! Package inputenc Error: Unicode character åœ¨ (U+5728)
(inputenc)                not set up for use with LaTeX.

See the inputenc package documentation for explanation.
Type  H <return>  for immediate help.
 ...                                              
                                                  
l.11 åŸºäºç‰©ç†ä¸–ç•Œçš„å¯¹ç§°æ€§ï¼Œè”¡å°‘æ£ åœ¨
                                                   1971 å¹´é¦–æ¬¡æå‡ºäº†å¿...

You may provide a definition with
\DeclareUnicodeCharacter 


! LaTeX Error: Missing \begin{document}.

See the LaTeX manual or LaTeX Companion for explanation.
Type  H <return>  for immediate help.
 ...                                              
                                                  
l.11 ...ç‰©ç†ä¸–ç•Œçš„å¯¹ç§°æ€§ï¼Œè”¡å°‘æ£ åœ¨ 1
                                                  971 å¹´é¦–æ¬¡æå‡ºäº†å¿†é...

You're in trouble here.  Try typing  <return>  to proceed.
If that doesn't work, type  X <return>  to quit.

Missing character: There is no 1 in font nullfont!
Missing character: There is no 9 in font nullfont!
Missing character: There is no 7 in font nullfont!
Missing character: There is no 1 in font nullfont!

! Package inputenc Error: Unicode character å¹´ (U+5E74)
(inputenc)                not set up for use with LaTeX.

See the inputenc package documentation for explanation.
Type  H <return>  for immediate help.
 ...                                              
                                                  
l.11 ...ä¸–ç•Œçš„å¯¹ç§°æ€§ï¼Œè”¡å°‘æ£ åœ¨ 1971 å¹´
                                                  é¦–æ¬¡æå‡ºäº†å¿†é˜»å™¨çš...

You may provide a definition with
\DeclareUnicodeCharacter 


! Package inputenc Error: Unicode character é¦– (U+9996)
(inputenc)                not set up for use with LaTeX.

See the inputenc package documentation for explanation.
Type  H <return>  for immediate help.
 ...                                              
                                                  
l.11 ...ç•Œçš„å¯¹ç§°æ€§ï¼Œè”¡å°‘æ£ åœ¨ 1971 å¹´é¦–
                                                  æ¬¡æå‡ºäº†å¿†é˜»å™¨çš„æ¦...

You may provide a definition with
\DeclareUnicodeCharacter 


! Package inputenc Error: Unicode character æ¬¡ (U+6B21)
(inputenc)                not set up for use with LaTeX.

See the inputenc package documentation for explanation.
Type  H <return>  for immediate help.
 ...                                              
                                                  
l.11 ...çš„å¯¹ç§°æ€§ï¼Œè”¡å°‘æ£ åœ¨ 1971 å¹´é¦–æ¬¡
                                                  æå‡ºäº†å¿†é˜»å™¨çš„æ¦‚å¿...

You may provide a definition with
\DeclareUnicodeCharacter 


! Package inputenc Error: Unicode character æ (U+63D0)
(inputenc)                not set up for use with LaTeX.

See the inputenc package documentation for explanation.
Type  H <return>  for immediate help.
 ...                                              
                                                  
l.11 ...å¯¹ç§°æ€§ï¼Œè”¡å°‘æ£ åœ¨ 1971 å¹´é¦–æ¬¡æ
                                                  å‡ºäº†å¿†é˜»å™¨çš„æ¦‚å¿µï¼...

You may provide a definition with
\DeclareUnicodeCharacter 


! Package inputenc Error: Unicode character å‡º (U+51FA)
(inputenc)                not set up for use with LaTeX.

See the inputenc package documentation for explanation.
Type  H <return>  for immediate help.
 ...                                              
                                                  
l.11 ...ç§°æ€§ï¼Œè”¡å°‘æ£ åœ¨ 1971 å¹´é¦–æ¬¡æå‡º
                                                  äº†å¿†é˜»å™¨çš„æ¦‚å¿µï¼Œä»...

You may provide a definition with
\DeclareUnicodeCharacter 


! Package inputenc Error: Unicode character äº† (U+4E86)
(inputenc)                not set up for use with LaTeX.

See the inputenc package documentation for explanation.
Type  H <return>  for immediate help.
 ...                                              
                                                  
l.11 ...æ€§ï¼Œè”¡å°‘æ£ åœ¨ 1971 å¹´é¦–æ¬¡æå‡ºäº†
                                                  å¿†é˜»å™¨çš„æ¦‚å¿µï¼Œä»£è¡...

You may provide a definition with
\DeclareUnicodeCharacter 


! Package inputenc Error: Unicode character å¿† (U+5FC6)
(inputenc)                not set up for use with LaTeX.

See the inputenc package documentation for explanation.
Type  H <return>  for immediate help.
 ...                                              
                                                  
l.11 ...ï¼Œè”¡å°‘æ£ åœ¨ 1971 å¹´é¦–æ¬¡æå‡ºäº†å¿†
                                                  é˜»å™¨çš„æ¦‚å¿µï¼Œä»£è¡¨ç...

You may provide a definition with
\DeclareUnicodeCharacter 


! Package inputenc Error: Unicode character é˜» (U+963B)
(inputenc)                not set up for use with LaTeX.

See the inputenc package documentation for explanation.
Type  H <return>  for immediate help.
 ...                                              
                                                  
l.11 ...è”¡å°‘æ£ åœ¨ 1971 å¹´é¦–æ¬¡æå‡ºäº†å¿†é˜»
                                                  å™¨çš„æ¦‚å¿µï¼Œä»£è¡¨ç€ç”...

You may provide a definition with
\DeclareUnicodeCharacter 


! Package inputenc Error: Unicode character å™¨ (U+5668)
(inputenc)                not set up for use with LaTeX.

See the inputenc package documentation for explanation.
Type  H <return>  for immediate help.
 ...                                              
                                                  
l.11 ...å°‘æ£ åœ¨ 1971 å¹´é¦–æ¬¡æå‡ºäº†å¿†é˜»å™¨
                                                  çš„æ¦‚å¿µï¼Œä»£è¡¨ç€ç”µè...

You may provide a definition with
\DeclareUnicodeCharacter 


! Package inputenc Error: Unicode character çš„ (U+7684)
(inputenc)                not set up for use with LaTeX.

See the inputenc package documentation for explanation.
Type  H <return>  for immediate help.
 ...                                              
                                                  
l.11 ...æ£ åœ¨ 1971 å¹´é¦–æ¬¡æå‡ºäº†å¿†é˜»å™¨çš„
                                                  æ¦‚å¿µï¼Œä»£è¡¨ç€ç”µè·ä¸...

You may provide a definition with
\DeclareUnicodeCharacter 


! Package inputenc Error: Unicode character æ¦‚ (U+6982)
(inputenc)                not set up for use with LaTeX.

See the inputenc package documentation for explanation.
Type  H <return>  for immediate help.
 ...                                              
                                                  
l.11 ...åœ¨ 1971 å¹´é¦–æ¬¡æå‡ºäº†å¿†é˜»å™¨çš„æ¦‚
                                                  å¿µï¼Œä»£è¡¨ç€ç”µè·ä¸ç£...

You may provide a definition with
\DeclareUnicodeCharacter 


! Package inputenc Error: Unicode character å¿µ (U+5FF5)
(inputenc)                not set up for use with LaTeX.

See the inputenc package documentation for explanation.
Type  H <return>  for immediate help.
 ...                                              
                                                  
l.11 ... 1971 å¹´é¦–æ¬¡æå‡ºäº†å¿†é˜»å™¨çš„æ¦‚å¿µ
                                                  ï¼Œä»£è¡¨ç€ç”µè·ä¸ç£é€...

You may provide a definition with
\DeclareUnicodeCharacter 


! Package inputenc Error: Unicode character ï¼Œ (U+FF0C)
(inputenc)                not set up for use with LaTeX.

See the inputenc package documentation for explanation.
Type  H <return>  for immediate help.
 ...                                              
                                                  
l.11 ...71 å¹´é¦–æ¬¡æå‡ºäº†å¿†é˜»å™¨çš„æ¦‚å¿µï¼Œ
                                                  ä»£è¡¨ç€ç”µè·ä¸ç£é€šé‡...

You may provide a definition with
\DeclareUnicodeCharacter 


! Package inputenc Error: Unicode character ä»£ (U+4EE3)
(inputenc)                not set up for use with LaTeX.

See the inputenc package documentation for explanation.
Type  H <return>  for immediate help.
 ...                                              
                                                  
l.11 ...å¹´é¦–æ¬¡æå‡ºäº†å¿†é˜»å™¨çš„æ¦‚å¿µï¼Œä»£
                                                  è¡¨ç€ç”µè·ä¸ç£é€šé‡ä¹...

You may provide a definition with
\DeclareUnicodeCharacter 


! Package inputenc Error: Unicode character è¡¨ (U+8868)
(inputenc)                not set up for use with LaTeX.

See the inputenc package documentation for explanation.
Type  H <return>  for immediate help.
 ...                                              
                                                  
l.11 ...é¦–æ¬¡æå‡ºäº†å¿†é˜»å™¨çš„æ¦‚å¿µï¼Œä»£è¡¨
                                                  ç€ç”µè·ä¸ç£é€šé‡ä¹‹é—...

You may provide a definition with
\DeclareUnicodeCharacter 


! Package inputenc Error: Unicode character ç€ (U+7740)
(inputenc)                not set up for use with LaTeX.

See the inputenc package documentation for explanation.
Type  H <return>  for immediate help.
 ...                                              
                                                  
l.11 ...æ¬¡æå‡ºäº†å¿†é˜»å™¨çš„æ¦‚å¿µï¼Œä»£è¡¨ç€
                                                  ç”µè·ä¸ç£é€šé‡ä¹‹é—´çš...

You may provide a definition with
\DeclareUnicodeCharacter 


! Package inputenc Error: Unicode character ç”µ (U+7535)
(inputenc)                not set up for use with LaTeX.

See the inputenc package documentation for explanation.
Type  H <return>  for immediate help.
 ...                                              
                                                  
l.11 ...æå‡ºäº†å¿†é˜»å™¨çš„æ¦‚å¿µï¼Œä»£è¡¨ç€ç”µ
                                                  è·ä¸ç£é€šé‡ä¹‹é—´çš„å…...

You may provide a definition with
\DeclareUnicodeCharacter 


! Package inputenc Error: Unicode character è· (U+8377)
(inputenc)                not set up for use with LaTeX.

See the inputenc package documentation for explanation.
Type  H <return>  for immediate help.
 ...                                              
                                                  
l.11 ...å‡ºäº†å¿†é˜»å™¨çš„æ¦‚å¿µï¼Œä»£è¡¨ç€ç”µè·
                                                  ä¸ç£é€šé‡ä¹‹é—´çš„å…³ç³...

You may provide a definition with
\DeclareUnicodeCharacter 


! Package inputenc Error: Unicode character ä¸ (U+4E0E)
(inputenc)                not set up for use with LaTeX.

See the inputenc package documentation for explanation.
Type  H <return>  for immediate help.
 ...                                              
                                                  
l.11 ...äº†å¿†é˜»å™¨çš„æ¦‚å¿µï¼Œä»£è¡¨ç€ç”µè·ä¸
                                                  ç£é€šé‡ä¹‹é—´çš„å…³ç³»ã€...

You may provide a definition with
\DeclareUnicodeCharacter 


! Package inputenc Error: Unicode character ç£ (U+78C1)
(inputenc)                not set up for use with LaTeX.

See the inputenc package documentation for explanation.
Type  H <return>  for immediate help.
 ...                                              
                                                  
l.11 ...å¿†é˜»å™¨çš„æ¦‚å¿µï¼Œä»£è¡¨ç€ç”µè·ä¸ç£
                                                  é€šé‡ä¹‹é—´çš„å…³ç³»ã€‚20...

You may provide a definition with
\DeclareUnicodeCharacter 


! Package inputenc Error: Unicode character é€š (U+901A)
(inputenc)                not set up for use with LaTeX.

See the inputenc package documentation for explanation.
Type  H <return>  for immediate help.
 ...                                              
                                                  
l.11 ...é˜»å™¨çš„æ¦‚å¿µï¼Œä»£è¡¨ç€ç”µè·ä¸ç£é€š
                                                  é‡ä¹‹é—´çš„å…³ç³»ã€‚2008 ...

You may provide a definition with
\DeclareUnicodeCharacter 


! Package inputenc Error: Unicode character é‡ (U+91CF)
(inputenc)                not set up for use with LaTeX.

See the inputenc package documentation for explanation.
Type  H <return>  for immediate help.
 ...                                              
                                                  
l.11 ...å™¨çš„æ¦‚å¿µï¼Œä»£è¡¨ç€ç”µè·ä¸ç£é€šé‡
                                                  ä¹‹é—´çš„å…³ç³»ã€‚2008 å¹´...

You may provide a definition with
\DeclareUnicodeCharacter 


! Package inputenc Error: Unicode character ä¹‹ (U+4E4B)
(inputenc)                not set up for use with LaTeX.

See the inputenc package documentation for explanation.
Type  H <return>  for immediate help.
 ...                                              
                                                  
l.11 ...çš„æ¦‚å¿µï¼Œä»£è¡¨ç€ç”µè·ä¸ç£é€šé‡ä¹‹
                                                  é—´çš„å…³ç³»ã€‚2008 å¹´ï¼Œ...

You may provide a definition with
\DeclareUnicodeCharacter 


! Package inputenc Error: Unicode character é—´ (U+95F4)
(inputenc)                not set up for use with LaTeX.

See the inputenc package documentation for explanation.
Type  H <return>  for immediate help.
 ...                                              
                                                  
l.11 ...æ¦‚å¿µï¼Œä»£è¡¨ç€ç”µè·ä¸ç£é€šé‡ä¹‹é—´
                                                  çš„å…³ç³»ã€‚2008 å¹´ï¼Œæƒ ...

You may provide a definition with
\DeclareUnicodeCharacter 


! Package inputenc Error: Unicode character çš„ (U+7684)
(inputenc)                not set up for use with LaTeX.

See the inputenc package documentation for explanation.
Type  H <return>  for immediate help.
 ...                                              
                                                  
l.11 ...å¿µï¼Œä»£è¡¨ç€ç”µè·ä¸ç£é€šé‡ä¹‹é—´çš„
                                                  å…³ç³»ã€‚2008 å¹´ï¼Œæƒ æ™®...

You may provide a definition with
\DeclareUnicodeCharacter 


! Package inputenc Error: Unicode character å…³ (U+5173)
(inputenc)                not set up for use with LaTeX.

See the inputenc package documentation for explanation.
Type  H <return>  for immediate help.
 ...                                              
                                                  
l.11 ...ï¼Œä»£è¡¨ç€ç”µè·ä¸ç£é€šé‡ä¹‹é—´çš„å…³
                                                  ç³»ã€‚2008 å¹´ï¼Œæƒ æ™®å®...

You may provide a definition with
\DeclareUnicodeCharacter 


! Package inputenc Error: Unicode character ç³» (U+7CFB)
(inputenc)                not set up for use with LaTeX.

See the inputenc package documentation for explanation.
Type  H <return>  for immediate help.
 ...                                              
                                                  
l.11 ...ä»£è¡¨ç€ç”µè·ä¸ç£é€šé‡ä¹‹é—´çš„å…³ç³»
                                                  ã€‚2008 å¹´ï¼Œæƒ æ™®å®éªŒ...

You may provide a definition with
\DeclareUnicodeCharacter 


! Package inputenc Error: Unicode character ã€‚ (U+3002)
(inputenc)                not set up for use with LaTeX.

See the inputenc package documentation for explanation.
Type  H <return>  for immediate help.
 ...                                              
                                                  
l.11 ...è¡¨ç€ç”µè·ä¸ç£é€šé‡ä¹‹é—´çš„å…³ç³»ã€‚
                                                  2008 å¹´ï¼Œæƒ æ™®å®éªŒå®¤...

You may provide a definition with
\DeclareUnicodeCharacter 

Missing character: There is no 2 in font nullfont!
Missing character: There is no 0 in font nullfont!
Missing character: There is no 0 in font nullfont!
Missing character: There is no 8 in font nullfont!

! Package inputenc Error: Unicode character å¹´ (U+5E74)
(inputenc)                not set up for use with LaTeX.

See the inputenc package documentation for explanation.
Type  H <return>  for immediate help.
 ...                                              
                                                  
l.11 ...µè·ä¸ç£é€šé‡ä¹‹é—´çš„å…³ç³»ã€‚2008 å¹´
                                                  ï¼Œæƒ æ™®å®éªŒå®¤é¦–æ¬¡å...

You may provide a definition with
\DeclareUnicodeCharacter 


! Package inputenc Error: Unicode character ï¼Œ (U+FF0C)
(inputenc)                not set up for use with LaTeX.

See the inputenc package documentation for explanation.
Type  H <return>  for immediate help.
 ...                                              
                                                  
l.11 ...·ä¸ç£é€šé‡ä¹‹é—´çš„å…³ç³»ã€‚2008 å¹´ï¼Œ
                                                  æƒ æ™®å®éªŒå®¤é¦–æ¬¡åšå‡...

You may provide a definition with
\DeclareUnicodeCharacter 


! Package inputenc Error: Unicode character æƒ  (U+60E0)
(inputenc)                not set up for use with LaTeX.

See the inputenc package documentation for explanation.
Type  H <return>  for immediate help.
 ...                                              
                                                  
l.11 ...ç£é€šé‡ä¹‹é—´çš„å…³ç³»ã€‚2008 å¹´ï¼Œæƒ 
                                                  æ™®å®éªŒå®¤é¦–æ¬¡åšå‡ºäº...

You may provide a definition with
\DeclareUnicodeCharacter 


! Package inputenc Error: Unicode character æ™® (U+666E)
(inputenc)                not set up for use with LaTeX.

See the inputenc package documentation for explanation.
Type  H <return>  for immediate help.
 ...                                              
                                                  
l.11 ...é€šé‡ä¹‹é—´çš„å…³ç³»ã€‚2008 å¹´ï¼Œæƒ æ™®
                                                  å®éªŒå®¤é¦–æ¬¡åšå‡ºäº†çº...

You may provide a definition with
\DeclareUnicodeCharacter 


! Package inputenc Error: Unicode character å® (U+5B9E)
(inputenc)                not set up for use with LaTeX.

See the inputenc package documentation for explanation.
Type  H <return>  for immediate help.
 ...                                              
                                                  
l.11 ...šé‡ä¹‹é—´çš„å…³ç³»ã€‚2008 å¹´ï¼Œæƒ æ™®å®
                                                  éªŒå®¤é¦–æ¬¡åšå‡ºäº†çº³ç±...

You may provide a definition with
\DeclareUnicodeCharacter 


! Package inputenc Error: Unicode character éªŒ (U+9A8C)
(inputenc)                not set up for use with LaTeX.

See the inputenc package documentation for explanation.
Type  H <return>  for immediate help.
 ...                                              
                                                  
l.11 ...ä¹‹é—´çš„å…³ç³»ã€‚2008 å¹´ï¼Œæƒ æ™®å®éªŒ
                                                  å®¤é¦–æ¬¡åšå‡ºäº†çº³ç±³å¿...

You may provide a definition with
\DeclareUnicodeCharacter 


! Package inputenc Error: Unicode character å®¤ (U+5BA4)
(inputenc)                not set up for use with LaTeX.

See the inputenc package documentation for explanation.
Type  H <return>  for immediate help.
 ...                                              
                                                  
l.11 ...‹é—´çš„å…³ç³»ã€‚2008 å¹´ï¼Œæƒ æ™®å®éªŒå®¤
                                                  é¦–æ¬¡åšå‡ºäº†çº³ç±³å¿†é˜...

You may provide a definition with
\DeclareUnicodeCharacter 


! Package inputenc Error: Unicode character é¦– (U+9996)
(inputenc)                not set up for use with LaTeX.

See the inputenc package documentation for explanation.
Type  H <return>  for immediate help.
 ...                                              
                                                  
l.11 ...´çš„å…³ç³»ã€‚2008 å¹´ï¼Œæƒ æ™®å®éªŒå®¤é¦–
                                                  æ¬¡åšå‡ºäº†çº³ç±³å¿†é˜»å™...

You may provide a definition with
\DeclareUnicodeCharacter 


! Package inputenc Error: Unicode character æ¬¡ (U+6B21)
(inputenc)                not set up for use with LaTeX.

See the inputenc package documentation for explanation.
Type  H <return>  for immediate help.
 ...                                              
                                                  
l.11 ...„å…³ç³»ã€‚2008 å¹´ï¼Œæƒ æ™®å®éªŒå®¤é¦–æ¬¡
                                                  åšå‡ºäº†çº³ç±³å¿†é˜»å™¨ä»...

You may provide a definition with
\DeclareUnicodeCharacter 


! Package inputenc Error: Unicode character åš (U+505A)
(inputenc)                not set up for use with LaTeX.

See the inputenc package documentation for explanation.
Type  H <return>  for immediate help.
 ...                                              
                                                  
l.11 ...³ç³»ã€‚2008 å¹´ï¼Œæƒ æ™®å®éªŒå®¤é¦–æ¬¡åš
                                                  å‡ºäº†çº³ç±³å¿†é˜»å™¨ä»¶ï¼...

You may provide a definition with
\DeclareUnicodeCharacter 


! Package inputenc Error: Unicode character å‡º (U+51FA)
(inputenc)                not set up for use with LaTeX.

See the inputenc package documentation for explanation.
Type  H <return>  for immediate help.
 ...                                              
                                                  
l.11 ...»ã€‚2008 å¹´ï¼Œæƒ æ™®å®éªŒå®¤é¦–æ¬¡åšå‡º
                                                  äº†çº³ç±³å¿†é˜»å™¨ä»¶ï¼Œ ç...

You may provide a definition with
\DeclareUnicodeCharacter 


! Package inputenc Error: Unicode character äº† (U+4E86)
(inputenc)                not set up for use with LaTeX.

See the inputenc package documentation for explanation.
Type  H <return>  for immediate help.
 ...                                              
                                                  
l.11 ...‚2008 å¹´ï¼Œæƒ æ™®å®éªŒå®¤é¦–æ¬¡åšå‡ºäº†
                                                  çº³ç±³å¿†é˜»å™¨ä»¶ï¼Œ ç”±æ...

You may provide a definition with
\DeclareUnicodeCharacter 


! Package inputenc Error: Unicode character çº³ (U+7EB3)
(inputenc)                not set up for use with LaTeX.

See the inputenc package documentation for explanation.
Type  H <return>  for immediate help.
 ...                                              
                                                  
l.11 ...08 å¹´ï¼Œæƒ æ™®å®éªŒå®¤é¦–æ¬¡åšå‡ºäº†çº³
                                                  ç±³å¿†é˜»å™¨ä»¶ï¼Œ ç”±æ­¤æ...

You may provide a definition with
\DeclareUnicodeCharacter 


! Package inputenc Error: Unicode character ç±³ (U+7C73)
(inputenc)                not set up for use with LaTeX.

See the inputenc package documentation for explanation.
Type  H <return>  for immediate help.
 ...                                              
                                                  
l.11 ...å¹´ï¼Œæƒ æ™®å®éªŒå®¤é¦–æ¬¡åšå‡ºäº†çº³ç±³
                                                  å¿†é˜»å™¨ä»¶ï¼Œ ç”±æ­¤æ€è...

You may provide a definition with
\DeclareUnicodeCharacter 


! Package inputenc Error: Unicode character å¿† (U+5FC6)
(inputenc)                not set up for use with LaTeX.

See the inputenc package documentation for explanation.
Type  H <return>  for immediate help.
 ...                                              
                                                  
l.11 ...ï¼Œæƒ æ™®å®éªŒå®¤é¦–æ¬¡åšå‡ºäº†çº³ç±³å¿†
                                                  é˜»å™¨ä»¶ï¼Œ ç”±æ­¤æ€èµ·ä...

You may provide a definition with
\DeclareUnicodeCharacter 


! Package inputenc Error: Unicode character é˜» (U+963B)
(inputenc)                not set up for use with LaTeX.

See the inputenc package documentation for explanation.
Type  H <return>  for immediate help.
 ...                                              
                                                  
l.11 ...æƒ æ™®å®éªŒå®¤é¦–æ¬¡åšå‡ºäº†çº³ç±³å¿†é˜»
                                                  å™¨ä»¶ï¼Œ ç”±æ­¤æ€èµ·äº†å...

You may provide a definition with
\DeclareUnicodeCharacter 


! Package inputenc Error: Unicode character å™¨ (U+5668)
(inputenc)                not set up for use with LaTeX.

See the inputenc package documentation for explanation.
Type  H <return>  for immediate help.
 ...                                              
                                                  
l.11 ...æ™®å®éªŒå®¤é¦–æ¬¡åšå‡ºäº†çº³ç±³å¿†é˜»å™¨
                                                  ä»¶ï¼Œ ç”±æ­¤æ€èµ·äº†å¿†é...

You may provide a definition with
\DeclareUnicodeCharacter 


! Package inputenc Error: Unicode character ä»¶ (U+4EF6)
(inputenc)                not set up for use with LaTeX.

See the inputenc package documentation for explanation.
Type  H <return>  for immediate help.
 ...                                              
                                                  
l.11 ...å®éªŒå®¤é¦–æ¬¡åšå‡ºäº†çº³ç±³å¿†é˜»å™¨ä»¶
                                                  ï¼Œ ç”±æ­¤æ€èµ·äº†å¿†é˜»ç...

You may provide a definition with
\DeclareUnicodeCharacter 


! Package inputenc Error: Unicode character ï¼Œ (U+FF0C)
(inputenc)                not set up for use with LaTeX.

See the inputenc package documentation for explanation.
Type  H <return>  for immediate help.
 ...                                              
                                                  
l.11 ...éªŒå®¤é¦–æ¬¡åšå‡ºäº†çº³ç±³å¿†é˜»å™¨ä»¶ï¼Œ
                                                   ç”±æ­¤æ€èµ·äº†å¿†é˜»ç¥ç...

You may provide a definition with
\DeclareUnicodeCharacter 


! Package inputenc Error: Unicode character ç”± (U+7531)
(inputenc)                not set up for use with LaTeX.

See the inputenc package documentation for explanation.
Type  H <return>  for immediate help.
 ...                                              
                                                  
l.11 ...®¤é¦–æ¬¡åšå‡ºäº†çº³ç±³å¿†é˜»å™¨ä»¶ï¼Œ ç”±
                                                  æ­¤æ€èµ·äº†å¿†é˜»ç¥ç»ç½...

You may provide a definition with
\DeclareUnicodeCharacter 


! Package inputenc Error: Unicode character æ­¤ (U+6B64)
(inputenc)                not set up for use with LaTeX.

See the inputenc package documentation for explanation.
Type  H <return>  for immediate help.
 ...                                              
                                                  
l.11 ...¦–æ¬¡åšå‡ºäº†çº³ç±³å¿†é˜»å™¨ä»¶ï¼Œ ç”±æ­¤
                                                  æ€èµ·äº†å¿†é˜»ç¥ç»ç½‘ç»...

You may provide a definition with
\DeclareUnicodeCharacter 


! Package inputenc Error: Unicode character æ€ (U+6380)
(inputenc)                not set up for use with LaTeX.

See the inputenc package documentation for explanation.
Type  H <return>  for immediate help.
 ...                                              
                                                  
l.11 ...¬¡åšå‡ºäº†çº³ç±³å¿†é˜»å™¨ä»¶ï¼Œ ç”±æ­¤æ€
                                                  èµ·äº†å¿†é˜»ç¥ç»ç½‘ç»œçš...

You may provide a definition with
\DeclareUnicodeCharacter 


! Package inputenc Error: Unicode character èµ· (U+8D77)
(inputenc)                not set up for use with LaTeX.

See the inputenc package documentation for explanation.
Type  H <return>  for immediate help.
 ...                                              
                                                  
l.11 ...šå‡ºäº†çº³ç±³å¿†é˜»å™¨ä»¶ï¼Œ ç”±æ­¤æ€èµ·
                                                  äº†å¿†é˜»ç¥ç»ç½‘ç»œçš„ç ...

You may provide a definition with
\DeclareUnicodeCharacter 


! Package inputenc Error: Unicode character äº† (U+4E86)
(inputenc)                not set up for use with LaTeX.

See the inputenc package documentation for explanation.
Type  H <return>  for immediate help.
 ...                                              
                                                  
l.11 ...‡ºäº†çº³ç±³å¿†é˜»å™¨ä»¶ï¼Œ ç”±æ­¤æ€èµ·äº†
                                                  å¿†é˜»ç¥ç»ç½‘ç»œçš„ç ”ç©...
(That makes 100 errors; please try again.) 
Here is how much of TeX's memory you used:
 98 strings out of 492649
 875 string characters out of 6133384
 83576 words of memory out of 5000000
 4080 multiletter control sequences out of 15000+600000
 3640 words of font info for 14 fonts, out of 8000000 for 9000
 1141 hyphenation exceptions out of 8191
 17i,0n,14p,266b,54s stack positions out of 5000i,500n,10000p,200000b,80000s

!  ==> Fatal error occurred, no output PDF file produced!
