This is pdfTeX, Version 3.14159265-2.6-1.40.19 (TeX Live 2018/W32TeX) (preloaded format=pdflatex 2019.7.18)  4 APR 2022 17:00
entering extended mode
 restricted \write18 enabled.
 %&-line parsing enabled.
**Abstract.tex
(./Abstract.tex
LaTeX2e <2018-04-01> patch level 2
Babel <3.18> and hyphenation patterns for 84 language(s) loaded.

! LaTeX Error: Missing \begin{document}.

See the LaTeX manual or LaTeX Companion for explanation.
Type  H <return>  for immediate help.
 ...                                              
                                                  
l.5 \begin{center}
                  
You're in trouble here.  Try typing  <return>  to proceed.
If that doesn't work, type  X <return>  to quit.


Overfull \hbox (20.0pt too wide) in paragraph at lines 5--5
[] 
 []

! Undefined control sequence.
l.6  {\heiti
            \zihao{3} å…·æœ‰è„‰å†²æ§åˆ¶çš„æ—¶æ»å¤æ‚ç½‘ç»œçš„åŠ¨åŠ›å­¦åˆ†...
The control sequence at the end of the top line
of your error message was never \def'ed. If you have
misspelled it (e.g., `\hobx'), type `I' and the correct
spelling (e.g., `I\hbox'). Otherwise just continue,
and I'll forget about whatever was undefined.

! Undefined control sequence.
l.6  {\heiti\zihao
                  {3} å…·æœ‰è„‰å†²æ§åˆ¶çš„æ—¶æ»å¤æ‚ç½‘ç»œçš„åŠ¨åŠ›å­¦åˆ†...
The control sequence at the end of the top line
of your error message was never \def'ed. If you have
misspelled it (e.g., `\hobx'), type `I' and the correct
spelling (e.g., `I\hbox'). Otherwise just continue,
and I'll forget about whatever was undefined.

Missing character: There is no 3 in font nullfont!

! Package inputenc Error: Unicode character å…· (U+5177)
(inputenc)                not set up for use with LaTeX.

See the inputenc package documentation for explanation.
Type  H <return>  for immediate help.
 ...                                              
                                                  
l.6  {\heiti\zihao{3} å…·
                         æœ‰è„‰å†²æ§åˆ¶çš„æ—¶æ»å¤æ‚ç½‘ç»œçš„åŠ¨åŠ›å­¦åˆ†...

You may provide a definition with
\DeclareUnicodeCharacter 


! Package inputenc Error: Unicode character æœ‰ (U+6709)
(inputenc)                not set up for use with LaTeX.

See the inputenc package documentation for explanation.
Type  H <return>  for immediate help.
 ...                                              
                                                  
l.6  {\heiti\zihao{3} å…·æœ‰
                            è„‰å†²æ§åˆ¶çš„æ—¶æ»å¤æ‚ç½‘ç»œçš„åŠ¨åŠ›å­¦åˆ†...

You may provide a definition with
\DeclareUnicodeCharacter 


! Package inputenc Error: Unicode character è„‰ (U+8109)
(inputenc)                not set up for use with LaTeX.

See the inputenc package documentation for explanation.
Type  H <return>  for immediate help.
 ...                                              
                                                  
l.6  {\heiti\zihao{3} å…·æœ‰è„‰
                               å†²æ§åˆ¶çš„æ—¶æ»å¤æ‚ç½‘ç»œçš„åŠ¨åŠ›å­¦åˆ†...

You may provide a definition with
\DeclareUnicodeCharacter 


! Package inputenc Error: Unicode character å†² (U+51B2)
(inputenc)                not set up for use with LaTeX.

See the inputenc package documentation for explanation.
Type  H <return>  for immediate help.
 ...                                              
                                                  
l.6  {\heiti\zihao{3} å…·æœ‰è„‰å†²
                                  æ§åˆ¶çš„æ—¶æ»å¤æ‚ç½‘ç»œçš„åŠ¨åŠ›å­¦åˆ†...

You may provide a definition with
\DeclareUnicodeCharacter 


! Package inputenc Error: Unicode character æ§ (U+63A7)
(inputenc)                not set up for use with LaTeX.

See the inputenc package documentation for explanation.
Type  H <return>  for immediate help.
 ...                                              
                                                  
l.6  {\heiti\zihao{3} å…·æœ‰è„‰å†²æ§
                                     åˆ¶çš„æ—¶æ»å¤æ‚ç½‘ç»œçš„åŠ¨åŠ›å­¦åˆ†...

You may provide a definition with
\DeclareUnicodeCharacter 


! Package inputenc Error: Unicode character åˆ¶ (U+5236)
(inputenc)                not set up for use with LaTeX.

See the inputenc package documentation for explanation.
Type  H <return>  for immediate help.
 ...                                              
                                                  
l.6  {\heiti\zihao{3} å…·æœ‰è„‰å†²æ§åˆ¶
                                        çš„æ—¶æ»å¤æ‚ç½‘ç»œçš„åŠ¨åŠ›å­¦åˆ†...

You may provide a definition with
\DeclareUnicodeCharacter 


! Package inputenc Error: Unicode character çš„ (U+7684)
(inputenc)                not set up for use with LaTeX.

See the inputenc package documentation for explanation.
Type  H <return>  for immediate help.
 ...                                              
                                                  
l.6  {\heiti\zihao{3} å…·æœ‰è„‰å†²æ§åˆ¶çš„
                                           æ—¶æ»å¤æ‚ç½‘ç»œçš„åŠ¨åŠ›å­¦åˆ†...

You may provide a definition with
\DeclareUnicodeCharacter 


! Package inputenc Error: Unicode character æ—¶ (U+65F6)
(inputenc)                not set up for use with LaTeX.

See the inputenc package documentation for explanation.
Type  H <return>  for immediate help.
 ...                                              
                                                  
l.6  {\heiti\zihao{3} å…·æœ‰è„‰å†²æ§åˆ¶çš„æ—¶
                                              æ»å¤æ‚ç½‘ç»œçš„åŠ¨åŠ›å­¦åˆ†...

You may provide a definition with
\DeclareUnicodeCharacter 


! Package inputenc Error: Unicode character æ» (U+6EDE)
(inputenc)                not set up for use with LaTeX.

See the inputenc package documentation for explanation.
Type  H <return>  for immediate help.
 ...                                              
                                                  
l.6  {\heiti\zihao{3} å…·æœ‰è„‰å†²æ§åˆ¶çš„æ—¶æ»
                                                 å¤æ‚ç½‘ç»œçš„åŠ¨åŠ›å­¦åˆ†...

You may provide a definition with
\DeclareUnicodeCharacter 


! Package inputenc Error: Unicode character å¤ (U+590D)
(inputenc)                not set up for use with LaTeX.

See the inputenc package documentation for explanation.
Type  H <return>  for immediate help.
 ...                                              
                                                  
l.6 ...iti\zihao{3} å…·æœ‰è„‰å†²æ§åˆ¶çš„æ—¶æ»å¤
                                                  æ‚ç½‘ç»œçš„åŠ¨åŠ›å­¦åˆ†æ}
You may provide a definition with
\DeclareUnicodeCharacter 


! Package inputenc Error: Unicode character æ‚ (U+6742)
(inputenc)                not set up for use with LaTeX.

See the inputenc package documentation for explanation.
Type  H <return>  for immediate help.
 ...                                              
                                                  
l.6 ...\zihao{3} å…·æœ‰è„‰å†²æ§åˆ¶çš„æ—¶æ»å¤æ‚
                                                  ç½‘ç»œçš„åŠ¨åŠ›å­¦åˆ†æ}
You may provide a definition with
\DeclareUnicodeCharacter 


! Package inputenc Error: Unicode character ç½‘ (U+7F51)
(inputenc)                not set up for use with LaTeX.

See the inputenc package documentation for explanation.
Type  H <return>  for immediate help.
 ...                                              
                                                  
l.6 ...hao{3} å…·æœ‰è„‰å†²æ§åˆ¶çš„æ—¶æ»å¤æ‚ç½‘
                                                  ç»œçš„åŠ¨åŠ›å­¦åˆ†æ}
You may provide a definition with
\DeclareUnicodeCharacter 


! Package inputenc Error: Unicode character ç»œ (U+7EDC)
(inputenc)                not set up for use with LaTeX.

See the inputenc package documentation for explanation.
Type  H <return>  for immediate help.
 ...                                              
                                                  
l.6 ...{3} å…·æœ‰è„‰å†²æ§åˆ¶çš„æ—¶æ»å¤æ‚ç½‘ç»œ
                                                  çš„åŠ¨åŠ›å­¦åˆ†æ}
You may provide a definition with
\DeclareUnicodeCharacter 


! Package inputenc Error: Unicode character çš„ (U+7684)
(inputenc)                not set up for use with LaTeX.

See the inputenc package documentation for explanation.
Type  H <return>  for immediate help.
 ...                                              
                                                  
l.6 ... å…·æœ‰è„‰å†²æ§åˆ¶çš„æ—¶æ»å¤æ‚ç½‘ç»œçš„
                                                  åŠ¨åŠ›å­¦åˆ†æ}
You may provide a definition with
\DeclareUnicodeCharacter 


! Package inputenc Error: Unicode character åŠ¨ (U+52A8)
(inputenc)                not set up for use with LaTeX.

See the inputenc package documentation for explanation.
Type  H <return>  for immediate help.
 ...                                              
                                                  
l.6 ...·æœ‰è„‰å†²æ§åˆ¶çš„æ—¶æ»å¤æ‚ç½‘ç»œçš„åŠ¨
                                                  åŠ›å­¦åˆ†æ}
You may provide a definition with
\DeclareUnicodeCharacter 


! Package inputenc Error: Unicode character åŠ› (U+529B)
(inputenc)                not set up for use with LaTeX.

See the inputenc package documentation for explanation.
Type  H <return>  for immediate help.
 ...                                              
                                                  
l.6 ...‰è„‰å†²æ§åˆ¶çš„æ—¶æ»å¤æ‚ç½‘ç»œçš„åŠ¨åŠ›
                                                  å­¦åˆ†æ}
You may provide a definition with
\DeclareUnicodeCharacter 


! Package inputenc Error: Unicode character å­¦ (U+5B66)
(inputenc)                not set up for use with LaTeX.

See the inputenc package documentation for explanation.
Type  H <return>  for immediate help.
 ...                                              
                                                  
l.6 ...‰å†²æ§åˆ¶çš„æ—¶æ»å¤æ‚ç½‘ç»œçš„åŠ¨åŠ›å­¦
                                                  åˆ†æ}
You may provide a definition with
\DeclareUnicodeCharacter 


! Package inputenc Error: Unicode character åˆ† (U+5206)
(inputenc)                not set up for use with LaTeX.

See the inputenc package documentation for explanation.
Type  H <return>  for immediate help.
 ...                                              
                                                  
l.6 ...²æ§åˆ¶çš„æ—¶æ»å¤æ‚ç½‘ç»œçš„åŠ¨åŠ›å­¦åˆ†
                                                  æ}
You may provide a definition with
\DeclareUnicodeCharacter 


! Package inputenc Error: Unicode character æ (U+6790)
(inputenc)                not set up for use with LaTeX.

See the inputenc package documentation for explanation.
Type  H <return>  for immediate help.
 ...                                              
                                                  
l.6 ...§åˆ¶çš„æ—¶æ»å¤æ‚ç½‘ç»œçš„åŠ¨åŠ›å­¦åˆ†æ
                                                  }
You may provide a definition with
\DeclareUnicodeCharacter 


! Package inputenc Error: Unicode character ã€€ (U+3000)
(inputenc)                not set up for use with LaTeX.

See the inputenc package documentation for explanation.
Type  H <return>  for immediate help.
 ...                                              
                                                  
l.7  \end{center}ã€€
                    
You may provide a definition with
\DeclareUnicodeCharacter 


Overfull \hbox (20.0pt too wide) in paragraph at lines 9--9
[] 
 []

! Undefined control sequence.
l.10  {\heiti
             \zihao{3}  æ‘˜~~~~è¦}
The control sequence at the end of the top line
of your error message was never \def'ed. If you have
misspelled it (e.g., `\hobx'), type `I' and the correct
spelling (e.g., `I\hbox'). Otherwise just continue,
and I'll forget about whatever was undefined.

! Undefined control sequence.
l.10  {\heiti\zihao
                   {3}  æ‘˜~~~~è¦}
The control sequence at the end of the top line
of your error message was never \def'ed. If you have
misspelled it (e.g., `\hobx'), type `I' and the correct
spelling (e.g., `I\hbox'). Otherwise just continue,
and I'll forget about whatever was undefined.

Missing character: There is no 3 in font nullfont!

! Package inputenc Error: Unicode character æ‘˜ (U+6458)
(inputenc)                not set up for use with LaTeX.

See the inputenc package documentation for explanation.
Type  H <return>  for immediate help.
 ...                                              
                                                  
l.10  {\heiti\zihao{3}  æ‘˜
                           ~~~~è¦}
You may provide a definition with
\DeclareUnicodeCharacter 


! Package inputenc Error: Unicode character è¦ (U+8981)
(inputenc)                not set up for use with LaTeX.

See the inputenc package documentation for explanation.
Type  H <return>  for immediate help.
 ...                                              
                                                  
l.10  {\heiti\zihao{3}  æ‘˜~~~~è¦
                                  }
You may provide a definition with
\DeclareUnicodeCharacter 


! Package inputenc Error: Unicode character ã€€ (U+3000)
(inputenc)                not set up for use with LaTeX.

See the inputenc package documentation for explanation.
Type  H <return>  for immediate help.
 ...                                              
                                                  
l.11  \end{center}ã€€
                     
You may provide a definition with
\DeclareUnicodeCharacter 


! Package inputenc Error: Unicode character å¤ (U+590D)
(inputenc)                not set up for use with LaTeX.

See the inputenc package documentation for explanation.
Type  H <return>  for immediate help.
 ...                                              
                                                  
l.18 å¤
        æ‚ç½‘ç»œæ˜¯å…·æœ‰å¤§é‡èŠ‚ç‚¹æ•°å’Œå¤šç§è¿æ¥æ‹“æ‰‘çš„ç½‘ç»œæ¨¡å...

You may provide a definition with
\DeclareUnicodeCharacter 


! Package inputenc Error: Unicode character æ‚ (U+6742)
(inputenc)                not set up for use with LaTeX.

See the inputenc package documentation for explanation.
Type  H <return>  for immediate help.
 ...                                              
                                                  
l.18 å¤æ‚
           ç½‘ç»œæ˜¯å…·æœ‰å¤§é‡èŠ‚ç‚¹æ•°å’Œå¤šç§è¿æ¥æ‹“æ‰‘çš„ç½‘ç»œæ¨¡å...

You may provide a definition with
\DeclareUnicodeCharacter 


! Package inputenc Error: Unicode character ç½‘ (U+7F51)
(inputenc)                not set up for use with LaTeX.

See the inputenc package documentation for explanation.
Type  H <return>  for immediate help.
 ...                                              
                                                  
l.18 å¤æ‚ç½‘
              ç»œæ˜¯å…·æœ‰å¤§é‡èŠ‚ç‚¹æ•°å’Œå¤šç§è¿æ¥æ‹“æ‰‘çš„ç½‘ç»œæ¨¡å...

You may provide a definition with
\DeclareUnicodeCharacter 


! Package inputenc Error: Unicode character ç»œ (U+7EDC)
(inputenc)                not set up for use with LaTeX.

See the inputenc package documentation for explanation.
Type  H <return>  for immediate help.
 ...                                              
                                                  
l.18 å¤æ‚ç½‘ç»œ
                 æ˜¯å…·æœ‰å¤§é‡èŠ‚ç‚¹æ•°å’Œå¤šç§è¿æ¥æ‹“æ‰‘çš„ç½‘ç»œæ¨¡å...

You may provide a definition with
\DeclareUnicodeCharacter 


! Package inputenc Error: Unicode character æ˜¯ (U+662F)
(inputenc)                not set up for use with LaTeX.

See the inputenc package documentation for explanation.
Type  H <return>  for immediate help.
 ...                                              
                                                  
l.18 å¤æ‚ç½‘ç»œæ˜¯
                    å…·æœ‰å¤§é‡èŠ‚ç‚¹æ•°å’Œå¤šç§è¿æ¥æ‹“æ‰‘çš„ç½‘ç»œæ¨¡å...

You may provide a definition with
\DeclareUnicodeCharacter 


! Package inputenc Error: Unicode character å…· (U+5177)
(inputenc)                not set up for use with LaTeX.

See the inputenc package documentation for explanation.
Type  H <return>  for immediate help.
 ...                                              
                                                  
l.18 å¤æ‚ç½‘ç»œæ˜¯å…·
                       æœ‰å¤§é‡èŠ‚ç‚¹æ•°å’Œå¤šç§è¿æ¥æ‹“æ‰‘çš„ç½‘ç»œæ¨¡å...

You may provide a definition with
\DeclareUnicodeCharacter 


! Package inputenc Error: Unicode character æœ‰ (U+6709)
(inputenc)                not set up for use with LaTeX.

See the inputenc package documentation for explanation.
Type  H <return>  for immediate help.
 ...                                              
                                                  
l.18 å¤æ‚ç½‘ç»œæ˜¯å…·æœ‰
                          å¤§é‡èŠ‚ç‚¹æ•°å’Œå¤šç§è¿æ¥æ‹“æ‰‘çš„ç½‘ç»œæ¨¡å...

You may provide a definition with
\DeclareUnicodeCharacter 


! Package inputenc Error: Unicode character å¤§ (U+5927)
(inputenc)                not set up for use with LaTeX.

See the inputenc package documentation for explanation.
Type  H <return>  for immediate help.
 ...                                              
                                                  
l.18 å¤æ‚ç½‘ç»œæ˜¯å…·æœ‰å¤§
                             é‡èŠ‚ç‚¹æ•°å’Œå¤šç§è¿æ¥æ‹“æ‰‘çš„ç½‘ç»œæ¨¡å...

You may provide a definition with
\DeclareUnicodeCharacter 


! Package inputenc Error: Unicode character é‡ (U+91CF)
(inputenc)                not set up for use with LaTeX.

See the inputenc package documentation for explanation.
Type  H <return>  for immediate help.
 ...                                              
                                                  
l.18 å¤æ‚ç½‘ç»œæ˜¯å…·æœ‰å¤§é‡
                                èŠ‚ç‚¹æ•°å’Œå¤šç§è¿æ¥æ‹“æ‰‘çš„ç½‘ç»œæ¨¡å...

You may provide a definition with
\DeclareUnicodeCharacter 


! Package inputenc Error: Unicode character èŠ‚ (U+8282)
(inputenc)                not set up for use with LaTeX.

See the inputenc package documentation for explanation.
Type  H <return>  for immediate help.
 ...                                              
                                                  
l.18 å¤æ‚ç½‘ç»œæ˜¯å…·æœ‰å¤§é‡èŠ‚
                                   ç‚¹æ•°å’Œå¤šç§è¿æ¥æ‹“æ‰‘çš„ç½‘ç»œæ¨¡å...

You may provide a definition with
\DeclareUnicodeCharacter 


! Package inputenc Error: Unicode character ç‚¹ (U+70B9)
(inputenc)                not set up for use with LaTeX.

See the inputenc package documentation for explanation.
Type  H <return>  for immediate help.
 ...                                              
                                                  
l.18 å¤æ‚ç½‘ç»œæ˜¯å…·æœ‰å¤§é‡èŠ‚ç‚¹
                                      æ•°å’Œå¤šç§è¿æ¥æ‹“æ‰‘çš„ç½‘ç»œæ¨¡å...

You may provide a definition with
\DeclareUnicodeCharacter 


! Package inputenc Error: Unicode character æ•° (U+6570)
(inputenc)                not set up for use with LaTeX.

See the inputenc package documentation for explanation.
Type  H <return>  for immediate help.
 ...                                              
                                                  
l.18 å¤æ‚ç½‘ç»œæ˜¯å…·æœ‰å¤§é‡èŠ‚ç‚¹æ•°
                                         å’Œå¤šç§è¿æ¥æ‹“æ‰‘çš„ç½‘ç»œæ¨¡å...

You may provide a definition with
\DeclareUnicodeCharacter 


! Package inputenc Error: Unicode character å’Œ (U+548C)
(inputenc)                not set up for use with LaTeX.

See the inputenc package documentation for explanation.
Type  H <return>  for immediate help.
 ...                                              
                                                  
l.18 å¤æ‚ç½‘ç»œæ˜¯å…·æœ‰å¤§é‡èŠ‚ç‚¹æ•°å’Œ
                                            å¤šç§è¿æ¥æ‹“æ‰‘çš„ç½‘ç»œæ¨¡å...

You may provide a definition with
\DeclareUnicodeCharacter 


! Package inputenc Error: Unicode character å¤š (U+591A)
(inputenc)                not set up for use with LaTeX.

See the inputenc package documentation for explanation.
Type  H <return>  for immediate help.
 ...                                              
                                                  
l.18 å¤æ‚ç½‘ç»œæ˜¯å…·æœ‰å¤§é‡èŠ‚ç‚¹æ•°å’Œå¤š
                                               ç§è¿æ¥æ‹“æ‰‘çš„ç½‘ç»œæ¨¡å...

You may provide a definition with
\DeclareUnicodeCharacter 


! Package inputenc Error: Unicode character ç§ (U+79CD)
(inputenc)                not set up for use with LaTeX.

See the inputenc package documentation for explanation.
Type  H <return>  for immediate help.
 ...                                              
                                                  
l.18 å¤æ‚ç½‘ç»œæ˜¯å…·æœ‰å¤§é‡èŠ‚ç‚¹æ•°å’Œå¤šç§
                                                  è¿æ¥æ‹“æ‰‘çš„ç½‘ç»œæ¨¡å...

You may provide a definition with
\DeclareUnicodeCharacter 


! Package inputenc Error: Unicode character è¿ (U+8FDE)
(inputenc)                not set up for use with LaTeX.

See the inputenc package documentation for explanation.
Type  H <return>  for immediate help.
 ...                                              
                                                  
l.18 ...ç½‘ç»œæ˜¯å…·æœ‰å¤§é‡èŠ‚ç‚¹æ•°å’Œå¤šç§è¿
                                                  æ¥æ‹“æ‰‘çš„ç½‘ç»œæ¨¡å‹ï¼...

You may provide a definition with
\DeclareUnicodeCharacter 


! Package inputenc Error: Unicode character æ¥ (U+63A5)
(inputenc)                not set up for use with LaTeX.

See the inputenc package documentation for explanation.
Type  H <return>  for immediate help.
 ...                                              
                                                  
l.18 ...ç»œæ˜¯å…·æœ‰å¤§é‡èŠ‚ç‚¹æ•°å’Œå¤šç§è¿æ¥
                                                  æ‹“æ‰‘çš„ç½‘ç»œæ¨¡å‹ï¼Œå¹...

You may provide a definition with
\DeclareUnicodeCharacter 


! Package inputenc Error: Unicode character æ‹“ (U+62D3)
(inputenc)                not set up for use with LaTeX.

See the inputenc package documentation for explanation.
Type  H <return>  for immediate help.
 ...                                              
                                                  
l.18 ...æ˜¯å…·æœ‰å¤§é‡èŠ‚ç‚¹æ•°å’Œå¤šç§è¿æ¥æ‹“
                                                  æ‰‘çš„ç½‘ç»œæ¨¡å‹ï¼Œå¹¿æ³...

You may provide a definition with
\DeclareUnicodeCharacter 


! Package inputenc Error: Unicode character æ‰‘ (U+6251)
(inputenc)                not set up for use with LaTeX.

See the inputenc package documentation for explanation.
Type  H <return>  for immediate help.
 ...                                              
                                                  
l.18 ...å…·æœ‰å¤§é‡èŠ‚ç‚¹æ•°å’Œå¤šç§è¿æ¥æ‹“æ‰‘
                                                  çš„ç½‘ç»œæ¨¡å‹ï¼Œå¹¿æ³›å­...

You may provide a definition with
\DeclareUnicodeCharacter 


! Package inputenc Error: Unicode character çš„ (U+7684)
(inputenc)                not set up for use with LaTeX.

See the inputenc package documentation for explanation.
Type  H <return>  for immediate help.
 ...                                              
                                                  
l.18 ...æœ‰å¤§é‡èŠ‚ç‚¹æ•°å’Œå¤šç§è¿æ¥æ‹“æ‰‘çš„
                                                  ç½‘ç»œæ¨¡å‹ï¼Œå¹¿æ³›å­˜åœ...

You may provide a definition with
\DeclareUnicodeCharacter 


! Package inputenc Error: Unicode character ç½‘ (U+7F51)
(inputenc)                not set up for use with LaTeX.

See the inputenc package documentation for explanation.
Type  H <return>  for immediate help.
 ...                                              
                                                  
l.18 ...å¤§é‡èŠ‚ç‚¹æ•°å’Œå¤šç§è¿æ¥æ‹“æ‰‘çš„ç½‘
                                                  ç»œæ¨¡å‹ï¼Œå¹¿æ³›å­˜åœ¨äº...

You may provide a definition with
\DeclareUnicodeCharacter 


! Package inputenc Error: Unicode character ç»œ (U+7EDC)
(inputenc)                not set up for use with LaTeX.

See the inputenc package documentation for explanation.
Type  H <return>  for immediate help.
 ...                                              
                                                  
l.18 ...é‡èŠ‚ç‚¹æ•°å’Œå¤šç§è¿æ¥æ‹“æ‰‘çš„ç½‘ç»œ
                                                  æ¨¡å‹ï¼Œå¹¿æ³›å­˜åœ¨äºç...

You may provide a definition with
\DeclareUnicodeCharacter 


! Package inputenc Error: Unicode character æ¨¡ (U+6A21)
(inputenc)                not set up for use with LaTeX.

See the inputenc package documentation for explanation.
Type  H <return>  for immediate help.
 ...                                              
                                                  
l.18 ...èŠ‚ç‚¹æ•°å’Œå¤šç§è¿æ¥æ‹“æ‰‘çš„ç½‘ç»œæ¨¡
                                                  å‹ï¼Œå¹¿æ³›å­˜åœ¨äºç°å®...

You may provide a definition with
\DeclareUnicodeCharacter 


! Package inputenc Error: Unicode character å‹ (U+578B)
(inputenc)                not set up for use with LaTeX.

See the inputenc package documentation for explanation.
Type  H <return>  for immediate help.
 ...                                              
                                                  
l.18 ...ç‚¹æ•°å’Œå¤šç§è¿æ¥æ‹“æ‰‘çš„ç½‘ç»œæ¨¡å‹
                                                  ï¼Œå¹¿æ³›å­˜åœ¨äºç°å®ç”...

You may provide a definition with
\DeclareUnicodeCharacter 


! Package inputenc Error: Unicode character ï¼Œ (U+FF0C)
(inputenc)                not set up for use with LaTeX.

See the inputenc package documentation for explanation.
Type  H <return>  for immediate help.
 ...                                              
                                                  
l.18 ...æ•°å’Œå¤šç§è¿æ¥æ‹“æ‰‘çš„ç½‘ç»œæ¨¡å‹ï¼Œ
                                                  å¹¿æ³›å­˜åœ¨äºç°å®ç”Ÿæ´...

You may provide a definition with
\DeclareUnicodeCharacter 


! Package inputenc Error: Unicode character å¹¿ (U+5E7F)
(inputenc)                not set up for use with LaTeX.

See the inputenc package documentation for explanation.
Type  H <return>  for immediate help.
 ...                                              
                                                  
l.18 ...å’Œå¤šç§è¿æ¥æ‹“æ‰‘çš„ç½‘ç»œæ¨¡å‹ï¼Œå¹¿
                                                  æ³›å­˜åœ¨äºç°å®ç”Ÿæ´»ä¸...

You may provide a definition with
\DeclareUnicodeCharacter 


! Package inputenc Error: Unicode character æ³› (U+6CDB)
(inputenc)                not set up for use with LaTeX.

See the inputenc package documentation for explanation.
Type  H <return>  for immediate help.
 ...                                              
                                                  
l.18 ...å¤šç§è¿æ¥æ‹“æ‰‘çš„ç½‘ç»œæ¨¡å‹ï¼Œå¹¿æ³›
                                                  å­˜åœ¨äºç°å®ç”Ÿæ´»ä¸­ï¼...

You may provide a definition with
\DeclareUnicodeCharacter 


! Package inputenc Error: Unicode character å­˜ (U+5B58)
(inputenc)                not set up for use with LaTeX.

See the inputenc package documentation for explanation.
Type  H <return>  for immediate help.
 ...                                              
                                                  
l.18 ...ç§è¿æ¥æ‹“æ‰‘çš„ç½‘ç»œæ¨¡å‹ï¼Œå¹¿æ³›å­˜
                                                  åœ¨äºç°å®ç”Ÿæ´»ä¸­ï¼Œä¾...

You may provide a definition with
\DeclareUnicodeCharacter 


! Package inputenc Error: Unicode character åœ¨ (U+5728)
(inputenc)                not set up for use with LaTeX.

See the inputenc package documentation for explanation.
Type  H <return>  for immediate help.
 ...                                              
                                                  
l.18 ...è¿æ¥æ‹“æ‰‘çš„ç½‘ç»œæ¨¡å‹ï¼Œå¹¿æ³›å­˜åœ¨
                                                  äºç°å®ç”Ÿæ´»ä¸­ï¼Œä¾‹å¦...

You may provide a definition with
\DeclareUnicodeCharacter 


! Package inputenc Error: Unicode character äº (U+4E8E)
(inputenc)                not set up for use with LaTeX.

See the inputenc package documentation for explanation.
Type  H <return>  for immediate help.
 ...                                              
                                                  
l.18 ...æ¥æ‹“æ‰‘çš„ç½‘ç»œæ¨¡å‹ï¼Œå¹¿æ³›å­˜åœ¨äº
                                                  ç°å®ç”Ÿæ´»ä¸­ï¼Œä¾‹å¦‚ç¤...

You may provide a definition with
\DeclareUnicodeCharacter 


! Package inputenc Error: Unicode character ç° (U+73B0)
(inputenc)                not set up for use with LaTeX.

See the inputenc package documentation for explanation.
Type  H <return>  for immediate help.
 ...                                              
                                                  
l.18 ...æ‹“æ‰‘çš„ç½‘ç»œæ¨¡å‹ï¼Œå¹¿æ³›å­˜åœ¨äºç°
                                                  å®ç”Ÿæ´»ä¸­ï¼Œä¾‹å¦‚ç¤¾äº...

You may provide a definition with
\DeclareUnicodeCharacter 


! Package inputenc Error: Unicode character å® (U+5B9E)
(inputenc)                not set up for use with LaTeX.

See the inputenc package documentation for explanation.
Type  H <return>  for immediate help.
 ...                                              
                                                  
l.18 ...æ‰‘çš„ç½‘ç»œæ¨¡å‹ï¼Œå¹¿æ³›å­˜åœ¨äºç°å®
                                                  ç”Ÿæ´»ä¸­ï¼Œä¾‹å¦‚ç¤¾äº¤ç½...

You may provide a definition with
\DeclareUnicodeCharacter 


! Package inputenc Error: Unicode character ç”Ÿ (U+751F)
(inputenc)                not set up for use with LaTeX.

See the inputenc package documentation for explanation.
Type  H <return>  for immediate help.
 ...                                              
                                                  
l.18 ...çš„ç½‘ç»œæ¨¡å‹ï¼Œå¹¿æ³›å­˜åœ¨äºç°å®ç”Ÿ
                                                  æ´»ä¸­ï¼Œä¾‹å¦‚ç¤¾äº¤ç½‘ç»...

You may provide a definition with
\DeclareUnicodeCharacter 


! Package inputenc Error: Unicode character æ´» (U+6D3B)
(inputenc)                not set up for use with LaTeX.

See the inputenc package documentation for explanation.
Type  H <return>  for immediate help.
 ...                                              
                                                  
l.18 ...ç½‘ç»œæ¨¡å‹ï¼Œå¹¿æ³›å­˜åœ¨äºç°å®ç”Ÿæ´»
                                                  ä¸­ï¼Œä¾‹å¦‚ç¤¾äº¤ç½‘ç»œã€...

You may provide a definition with
\DeclareUnicodeCharacter 


! Package inputenc Error: Unicode character ä¸­ (U+4E2D)
(inputenc)                not set up for use with LaTeX.

See the inputenc package documentation for explanation.
Type  H <return>  for immediate help.
 ...                                              
                                                  
l.18 ...ç»œæ¨¡å‹ï¼Œå¹¿æ³›å­˜åœ¨äºç°å®ç”Ÿæ´»ä¸­
                                                  ï¼Œä¾‹å¦‚ç¤¾äº¤ç½‘ç»œã€ä¸...

You may provide a definition with
\DeclareUnicodeCharacter 


! Package inputenc Error: Unicode character ï¼Œ (U+FF0C)
(inputenc)                not set up for use with LaTeX.

See the inputenc package documentation for explanation.
Type  H <return>  for immediate help.
 ...                                              
                                                  
l.18 ...æ¨¡å‹ï¼Œå¹¿æ³›å­˜åœ¨äºç°å®ç”Ÿæ´»ä¸­ï¼Œ
                                                  ä¾‹å¦‚ç¤¾äº¤ç½‘ç»œã€ä¸‡ç»...

You may provide a definition with
\DeclareUnicodeCharacter 


! Package inputenc Error: Unicode character ä¾‹ (U+4F8B)
(inputenc)                not set up for use with LaTeX.

See the inputenc package documentation for explanation.
Type  H <return>  for immediate help.
 ...                                              
                                                  
l.18 ...å‹ï¼Œå¹¿æ³›å­˜åœ¨äºç°å®ç”Ÿæ´»ä¸­ï¼Œä¾‹
                                                  å¦‚ç¤¾äº¤ç½‘ç»œã€ä¸‡ç»´ç½...

You may provide a definition with
\DeclareUnicodeCharacter 


! Package inputenc Error: Unicode character å¦‚ (U+5982)
(inputenc)                not set up for use with LaTeX.

See the inputenc package documentation for explanation.
Type  H <return>  for immediate help.
 ...                                              
                                                  
l.18 ...ï¼Œå¹¿æ³›å­˜åœ¨äºç°å®ç”Ÿæ´»ä¸­ï¼Œä¾‹å¦‚
                                                  ç¤¾äº¤ç½‘ç»œã€ä¸‡ç»´ç½‘ã€...

You may provide a definition with
\DeclareUnicodeCharacter 


! Package inputenc Error: Unicode character ç¤¾ (U+793E)
(inputenc)                not set up for use with LaTeX.

See the inputenc package documentation for explanation.
Type  H <return>  for immediate help.
 ...                                              
                                                  
l.18 ...å¹¿æ³›å­˜åœ¨äºç°å®ç”Ÿæ´»ä¸­ï¼Œä¾‹å¦‚ç¤¾
                                                  äº¤ç½‘ç»œã€ä¸‡ç»´ç½‘ã€ç”...

You may provide a definition with
\DeclareUnicodeCharacter 


! Package inputenc Error: Unicode character äº¤ (U+4EA4)
(inputenc)                not set up for use with LaTeX.

See the inputenc package documentation for explanation.
Type  H <return>  for immediate help.
 ...                                              
                                                  
l.18 ...æ³›å­˜åœ¨äºç°å®ç”Ÿæ´»ä¸­ï¼Œä¾‹å¦‚ç¤¾äº¤
                                                  ç½‘ç»œã€ä¸‡ç»´ç½‘ã€ç”µç½...

You may provide a definition with
\DeclareUnicodeCharacter 


! Package inputenc Error: Unicode character ç½‘ (U+7F51)
(inputenc)                not set up for use with LaTeX.

See the inputenc package documentation for explanation.
Type  H <return>  for immediate help.
 ...                                              
                                                  
l.18 ...å­˜åœ¨äºç°å®ç”Ÿæ´»ä¸­ï¼Œä¾‹å¦‚ç¤¾äº¤ç½‘
                                                  ç»œã€ä¸‡ç»´ç½‘ã€ç”µç½‘ä»...

You may provide a definition with
\DeclareUnicodeCharacter 


! Package inputenc Error: Unicode character ç»œ (U+7EDC)
(inputenc)                not set up for use with LaTeX.

See the inputenc package documentation for explanation.
Type  H <return>  for immediate help.
 ...                                              
                                                  
l.18 ...åœ¨äºç°å®ç”Ÿæ´»ä¸­ï¼Œä¾‹å¦‚ç¤¾äº¤ç½‘ç»œ
                                                  ã€ä¸‡ç»´ç½‘ã€ç”µç½‘ä»¥å...

You may provide a definition with
\DeclareUnicodeCharacter 


! Package inputenc Error: Unicode character ã€ (U+3001)
(inputenc)                not set up for use with LaTeX.

See the inputenc package documentation for explanation.
Type  H <return>  for immediate help.
 ...                                              
                                                  
l.18 ...äºç°å®ç”Ÿæ´»ä¸­ï¼Œä¾‹å¦‚ç¤¾äº¤ç½‘ç»œã€
                                                  ä¸‡ç»´ç½‘ã€ç”µç½‘ä»¥åŠäº...

You may provide a definition with
\DeclareUnicodeCharacter 


! Package inputenc Error: Unicode character ä¸‡ (U+4E07)
(inputenc)                not set up for use with LaTeX.

See the inputenc package documentation for explanation.
Type  H <return>  for immediate help.
 ...                                              
                                                  
l.18 ...ç°å®ç”Ÿæ´»ä¸­ï¼Œä¾‹å¦‚ç¤¾äº¤ç½‘ç»œã€ä¸‡
                                                  ç»´ç½‘ã€ç”µç½‘ä»¥åŠäº¤é€...

You may provide a definition with
\DeclareUnicodeCharacter 


! Package inputenc Error: Unicode character ç»´ (U+7EF4)
(inputenc)                not set up for use with LaTeX.

See the inputenc package documentation for explanation.
Type  H <return>  for immediate help.
 ...                                              
                                                  
l.18 ...å®ç”Ÿæ´»ä¸­ï¼Œä¾‹å¦‚ç¤¾äº¤ç½‘ç»œã€ä¸‡ç»´
                                                  ç½‘ã€ç”µç½‘ä»¥åŠäº¤é€šç½...

You may provide a definition with
\DeclareUnicodeCharacter 


! Package inputenc Error: Unicode character ç½‘ (U+7F51)
(inputenc)                not set up for use with LaTeX.

See the inputenc package documentation for explanation.
Type  H <return>  for immediate help.
 ...                                              
                                                  
l.18 ...ç”Ÿæ´»ä¸­ï¼Œä¾‹å¦‚ç¤¾äº¤ç½‘ç»œã€ä¸‡ç»´ç½‘
                                                  ã€ç”µç½‘ä»¥åŠäº¤é€šç½‘ç»...

You may provide a definition with
\DeclareUnicodeCharacter 


! Package inputenc Error: Unicode character ã€ (U+3001)
(inputenc)                not set up for use with LaTeX.

See the inputenc package documentation for explanation.
Type  H <return>  for immediate help.
 ...                                              
                                                  
l.18 ...æ´»ä¸­ï¼Œä¾‹å¦‚ç¤¾äº¤ç½‘ç»œã€ä¸‡ç»´ç½‘ã€
                                                  ç”µç½‘ä»¥åŠäº¤é€šç½‘ç»œç­...

You may provide a definition with
\DeclareUnicodeCharacter 


! Package inputenc Error: Unicode character ç”µ (U+7535)
(inputenc)                not set up for use with LaTeX.

See the inputenc package documentation for explanation.
Type  H <return>  for immediate help.
 ...                                              
                                                  
l.18 ...ä¸­ï¼Œä¾‹å¦‚ç¤¾äº¤ç½‘ç»œã€ä¸‡ç»´ç½‘ã€ç”µ
                                                  ç½‘ä»¥åŠäº¤é€šç½‘ç»œç­‰ã€...

You may provide a definition with
\DeclareUnicodeCharacter 


! Package inputenc Error: Unicode character ç½‘ (U+7F51)
(inputenc)                not set up for use with LaTeX.

See the inputenc package documentation for explanation.
Type  H <return>  for immediate help.
 ...                                              
                                                  
l.18 ...ï¼Œä¾‹å¦‚ç¤¾äº¤ç½‘ç»œã€ä¸‡ç»´ç½‘ã€ç”µç½‘
                                                  ä»¥åŠäº¤é€šç½‘ç»œç­‰ã€‚åœ...

You may provide a definition with
\DeclareUnicodeCharacter 


! Package inputenc Error: Unicode character ä»¥ (U+4EE5)
(inputenc)                not set up for use with LaTeX.

See the inputenc package documentation for explanation.
Type  H <return>  for immediate help.
 ...                                              
                                                  
l.18 ...ä¾‹å¦‚ç¤¾äº¤ç½‘ç»œã€ä¸‡ç»´ç½‘ã€ç”µç½‘ä»¥
                                                  åŠäº¤é€šç½‘ç»œç­‰ã€‚åœ¨ä¿...

You may provide a definition with
\DeclareUnicodeCharacter 


! Package inputenc Error: Unicode character åŠ (U+53CA)
(inputenc)                not set up for use with LaTeX.

See the inputenc package documentation for explanation.
Type  H <return>  for immediate help.
 ...                                              
                                                  
l.18 ...å¦‚ç¤¾äº¤ç½‘ç»œã€ä¸‡ç»´ç½‘ã€ç”µç½‘ä»¥åŠ
                                                  äº¤é€šç½‘ç»œç­‰ã€‚åœ¨ä¿¡æ...

You may provide a definition with
\DeclareUnicodeCharacter 


! Package inputenc Error: Unicode character äº¤ (U+4EA4)
(inputenc)                not set up for use with LaTeX.

See the inputenc package documentation for explanation.
Type  H <return>  for immediate help.
 ...                                              
                                                  
l.18 ...ç¤¾äº¤ç½‘ç»œã€ä¸‡ç»´ç½‘ã€ç”µç½‘ä»¥åŠäº¤
                                                  é€šç½‘ç»œç­‰ã€‚åœ¨ä¿¡æ¯èµ...

You may provide a definition with
\DeclareUnicodeCharacter 


! Package inputenc Error: Unicode character é€š (U+901A)
(inputenc)                not set up for use with LaTeX.

See the inputenc package documentation for explanation.
Type  H <return>  for immediate help.
 ...                                              
                                                  
l.18 ...äº¤ç½‘ç»œã€ä¸‡ç»´ç½‘ã€ç”µç½‘ä»¥åŠäº¤é€š
                                                  ç½‘ç»œç­‰ã€‚åœ¨ä¿¡æ¯èµ„æº...

You may provide a definition with
\DeclareUnicodeCharacter 


! Package inputenc Error: Unicode character ç½‘ (U+7F51)
(inputenc)                not set up for use with LaTeX.

See the inputenc package documentation for explanation.
Type  H <return>  for immediate help.
 ...                                              
                                                  
l.18 ...ç½‘ç»œã€ä¸‡ç»´ç½‘ã€ç”µç½‘ä»¥åŠäº¤é€šç½‘
                                                  ç»œç­‰ã€‚åœ¨ä¿¡æ¯èµ„æºå’...

You may provide a definition with
\DeclareUnicodeCharacter 


! Package inputenc Error: Unicode character ç»œ (U+7EDC)
(inputenc)                not set up for use with LaTeX.

See the inputenc package documentation for explanation.
Type  H <return>  for immediate help.
 ...                                              
                                                  
l.18 ...ç»œã€ä¸‡ç»´ç½‘ã€ç”µç½‘ä»¥åŠäº¤é€šç½‘ç»œ
                                                  ç­‰ã€‚åœ¨ä¿¡æ¯èµ„æºå’Œèƒ...

You may provide a definition with
\DeclareUnicodeCharacter 


! Package inputenc Error: Unicode character ç­‰ (U+7B49)
(inputenc)                not set up for use with LaTeX.

See the inputenc package documentation for explanation.
Type  H <return>  for immediate help.
 ...                                              
                                                  
l.18 ...ã€ä¸‡ç»´ç½‘ã€ç”µç½‘ä»¥åŠäº¤é€šç½‘ç»œç­‰
                                                  ã€‚åœ¨ä¿¡æ¯èµ„æºå’Œèƒ½é‡...

You may provide a definition with
\DeclareUnicodeCharacter 


! Package inputenc Error: Unicode character ã€‚ (U+3002)
(inputenc)                not set up for use with LaTeX.

See the inputenc package documentation for explanation.
Type  H <return>  for immediate help.
 ...                                              
                                                  
l.18 ...ä¸‡ç»´ç½‘ã€ç”µç½‘ä»¥åŠäº¤é€šç½‘ç»œç­‰ã€‚
                                                  åœ¨ä¿¡æ¯èµ„æºå’Œèƒ½é‡æœ...

You may provide a definition with
\DeclareUnicodeCharacter 


! Package inputenc Error: Unicode character åœ¨ (U+5728)
(inputenc)                not set up for use with LaTeX.

See the inputenc package documentation for explanation.
Type  H <return>  for immediate help.
 ...                                              
                                                  
l.18 ...ç»´ç½‘ã€ç”µç½‘ä»¥åŠäº¤é€šç½‘ç»œç­‰ã€‚åœ¨
                                                  ä¿¡æ¯èµ„æºå’Œèƒ½é‡æœ‰é™...

You may provide a definition with
\DeclareUnicodeCharacter 


! Package inputenc Error: Unicode character ä¿¡ (U+4FE1)
(inputenc)                not set up for use with LaTeX.

See the inputenc package documentation for explanation.
Type  H <return>  for immediate help.
 ...                                              
                                                  
l.18 ...ç½‘ã€ç”µç½‘ä»¥åŠäº¤é€šç½‘ç»œç­‰ã€‚åœ¨ä¿¡
                                                  æ¯èµ„æºå’Œèƒ½é‡æœ‰é™çš...

You may provide a definition with
\DeclareUnicodeCharacter 


! Package inputenc Error: Unicode character æ¯ (U+606F)
(inputenc)                not set up for use with LaTeX.

See the inputenc package documentation for explanation.
Type  H <return>  for immediate help.
 ...                                              
                                                  
l.18 ...ã€ç”µç½‘ä»¥åŠäº¤é€šç½‘ç»œç­‰ã€‚åœ¨ä¿¡æ¯
                                                  èµ„æºå’Œèƒ½é‡æœ‰é™çš„æƒ...

You may provide a definition with
\DeclareUnicodeCharacter 


! Package inputenc Error: Unicode character èµ„ (U+8D44)
(inputenc)                not set up for use with LaTeX.

See the inputenc package documentation for explanation.
Type  H <return>  for immediate help.
 ...                                              
                                                  
l.18 ...ç”µç½‘ä»¥åŠäº¤é€šç½‘ç»œç­‰ã€‚åœ¨ä¿¡æ¯èµ„
                                                  æºå’Œèƒ½é‡æœ‰é™çš„æƒ…å†...

You may provide a definition with
\DeclareUnicodeCharacter 


! Package inputenc Error: Unicode character æº (U+6E90)
(inputenc)                not set up for use with LaTeX.

See the inputenc package documentation for explanation.
Type  H <return>  for immediate help.
 ...                                              
                                                  
l.18 ...ç½‘ä»¥åŠäº¤é€šç½‘ç»œç­‰ã€‚åœ¨ä¿¡æ¯èµ„æº
                                                  å’Œèƒ½é‡æœ‰é™çš„æƒ…å†µä¸...

You may provide a definition with
\DeclareUnicodeCharacter 


! Package inputenc Error: Unicode character å’Œ (U+548C)
(inputenc)                not set up for use with LaTeX.

See the inputenc package documentation for explanation.
Type  H <return>  for immediate help.
 ...                                              
                                                  
l.18 ...ä»¥åŠäº¤é€šç½‘ç»œç­‰ã€‚åœ¨ä¿¡æ¯èµ„æºå’Œ
                                                  èƒ½é‡æœ‰é™çš„æƒ…å†µä¸‹ï¼...

You may provide a definition with
\DeclareUnicodeCharacter 


! Package inputenc Error: Unicode character èƒ½ (U+80FD)
(inputenc)                not set up for use with LaTeX.

See the inputenc package documentation for explanation.
Type  H <return>  for immediate help.
 ...                                              
                                                  
l.18 ...åŠäº¤é€šç½‘ç»œç­‰ã€‚åœ¨ä¿¡æ¯èµ„æºå’Œèƒ½
                                                  é‡æœ‰é™çš„æƒ…å†µä¸‹ï¼Œå¤...

You may provide a definition with
\DeclareUnicodeCharacter 


! Package inputenc Error: Unicode character é‡ (U+91CF)
(inputenc)                not set up for use with LaTeX.

See the inputenc package documentation for explanation.
Type  H <return>  for immediate help.
 ...                                              
                                                  
l.18 ...äº¤é€šç½‘ç»œç­‰ã€‚åœ¨ä¿¡æ¯èµ„æºå’Œèƒ½é‡
                                                  æœ‰é™çš„æƒ…å†µä¸‹ï¼Œå¤æ...

You may provide a definition with
\DeclareUnicodeCharacter 


! Package inputenc Error: Unicode character æœ‰ (U+6709)
(inputenc)                not set up for use with LaTeX.

See the inputenc package documentation for explanation.
Type  H <return>  for immediate help.
 ...                                              
                                                  
l.18 ...é€šç½‘ç»œç­‰ã€‚åœ¨ä¿¡æ¯èµ„æºå’Œèƒ½é‡æœ‰
                                                  é™çš„æƒ…å†µä¸‹ï¼Œå¤æ‚ç½...

You may provide a definition with
\DeclareUnicodeCharacter 


! Package inputenc Error: Unicode character é™ (U+9650)
(inputenc)                not set up for use with LaTeX.

See the inputenc package documentation for explanation.
Type  H <return>  for immediate help.
 ...                                              
                                                  
l.18 ...ç½‘ç»œç­‰ã€‚åœ¨ä¿¡æ¯èµ„æºå’Œèƒ½é‡æœ‰é™
                                                  çš„æƒ…å†µä¸‹ï¼Œå¤æ‚ç½‘ç»...

You may provide a definition with
\DeclareUnicodeCharacter 


! Package inputenc Error: Unicode character çš„ (U+7684)
(inputenc)                not set up for use with LaTeX.

See the inputenc package documentation for explanation.
Type  H <return>  for immediate help.
 ...                                              
                                                  
l.18 ...ç»œç­‰ã€‚åœ¨ä¿¡æ¯èµ„æºå’Œèƒ½é‡æœ‰é™çš„
                                                  æƒ…å†µä¸‹ï¼Œå¤æ‚ç½‘ç»œçš...

You may provide a definition with
\DeclareUnicodeCharacter 


! Package inputenc Error: Unicode character æƒ… (U+60C5)
(inputenc)                not set up for use with LaTeX.

See the inputenc package documentation for explanation.
Type  H <return>  for immediate help.
 ...                                              
                                                  
l.18 ...ç­‰ã€‚åœ¨ä¿¡æ¯èµ„æºå’Œèƒ½é‡æœ‰é™çš„æƒ…
                                                  å†µä¸‹ï¼Œå¤æ‚ç½‘ç»œçš„å†...

You may provide a definition with
\DeclareUnicodeCharacter 


! Package inputenc Error: Unicode character å†µ (U+51B5)
(inputenc)                not set up for use with LaTeX.

See the inputenc package documentation for explanation.
Type  H <return>  for immediate help.
 ...                                              
                                                  
l.18 ...ã€‚åœ¨ä¿¡æ¯èµ„æºå’Œèƒ½é‡æœ‰é™çš„æƒ…å†µ
                                                  ä¸‹ï¼Œå¤æ‚ç½‘ç»œçš„å†…éƒ...

You may provide a definition with
\DeclareUnicodeCharacter 


! Package inputenc Error: Unicode character ä¸‹ (U+4E0B)
(inputenc)                not set up for use with LaTeX.

See the inputenc package documentation for explanation.
Type  H <return>  for immediate help.
 ...                                              
                                                  
l.18 ...åœ¨ä¿¡æ¯èµ„æºå’Œèƒ½é‡æœ‰é™çš„æƒ…å†µä¸‹
                                                  ï¼Œå¤æ‚ç½‘ç»œçš„å†…éƒ¨ä¿...

You may provide a definition with
\DeclareUnicodeCharacter 


! Package inputenc Error: Unicode character ï¼Œ (U+FF0C)
(inputenc)                not set up for use with LaTeX.

See the inputenc package documentation for explanation.
Type  H <return>  for immediate help.
 ...                                              
                                                  
l.18 ...ä¿¡æ¯èµ„æºå’Œèƒ½é‡æœ‰é™çš„æƒ…å†µä¸‹ï¼Œ
                                                  å¤æ‚ç½‘ç»œçš„å†…éƒ¨ä¿¡æ...

You may provide a definition with
\DeclareUnicodeCharacter 


! Package inputenc Error: Unicode character å¤ (U+590D)
(inputenc)                not set up for use with LaTeX.

See the inputenc package documentation for explanation.
Type  H <return>  for immediate help.
 ...                                              
                                                  
l.18 ...æ¯èµ„æºå’Œèƒ½é‡æœ‰é™çš„æƒ…å†µä¸‹ï¼Œå¤
                                                  æ‚ç½‘ç»œçš„å†…éƒ¨ä¿¡æ¯ä¼...

You may provide a definition with
\DeclareUnicodeCharacter 


! Package inputenc Error: Unicode character æ‚ (U+6742)
(inputenc)                not set up for use with LaTeX.

See the inputenc package documentation for explanation.
Type  H <return>  for immediate help.
 ...                                              
                                                  
l.18 ...èµ„æºå’Œèƒ½é‡æœ‰é™çš„æƒ…å†µä¸‹ï¼Œå¤æ‚
                                                  ç½‘ç»œçš„å†…éƒ¨ä¿¡æ¯ä¼ è¾...

You may provide a definition with
\DeclareUnicodeCharacter 


! Package inputenc Error: Unicode character ç½‘ (U+7F51)
(inputenc)                not set up for use with LaTeX.

See the inputenc package documentation for explanation.
Type  H <return>  for immediate help.
 ...                                              
                                                  
l.18 ...æºå’Œèƒ½é‡æœ‰é™çš„æƒ…å†µä¸‹ï¼Œå¤æ‚ç½‘
                                                  ç»œçš„å†…éƒ¨ä¿¡æ¯ä¼ è¾“ã€...

You may provide a definition with
\DeclareUnicodeCharacter 


! Package inputenc Error: Unicode character ç»œ (U+7EDC)
(inputenc)                not set up for use with LaTeX.

See the inputenc package documentation for explanation.
Type  H <return>  for immediate help.
 ...                                              
                                                  
l.18 ...å’Œèƒ½é‡æœ‰é™çš„æƒ…å†µä¸‹ï¼Œå¤æ‚ç½‘ç»œ
                                                  çš„å†…éƒ¨ä¿¡æ¯ä¼ è¾“ã€å...

You may provide a definition with
\DeclareUnicodeCharacter 


! Package inputenc Error: Unicode character çš„ (U+7684)
(inputenc)                not set up for use with LaTeX.

See the inputenc package documentation for explanation.
Type  H <return>  for immediate help.
 ...                                              
                                                  
l.18 ...èƒ½é‡æœ‰é™çš„æƒ…å†µä¸‹ï¼Œå¤æ‚ç½‘ç»œçš„
                                                  å†…éƒ¨ä¿¡æ¯ä¼ è¾“ã€åé¦...

You may provide a definition with
\DeclareUnicodeCharacter 


! Package inputenc Error: Unicode character å†… (U+5185)
(inputenc)                not set up for use with LaTeX.

See the inputenc package documentation for explanation.
Type  H <return>  for immediate help.
 ...                                              
                                                  
l.18 ...é‡æœ‰é™çš„æƒ…å†µä¸‹ï¼Œå¤æ‚ç½‘ç»œçš„å†…
                                                  éƒ¨ä¿¡æ¯ä¼ è¾“ã€åé¦ˆã€...

You may provide a definition with
\DeclareUnicodeCharacter 


! Package inputenc Error: Unicode character éƒ¨ (U+90E8)
(inputenc)                not set up for use with LaTeX.

See the inputenc package documentation for explanation.
Type  H <return>  for immediate help.
 ...                                              
                                                  
l.18 ...æœ‰é™çš„æƒ…å†µä¸‹ï¼Œå¤æ‚ç½‘ç»œçš„å†…éƒ¨
                                                  ä¿¡æ¯ä¼ è¾“ã€åé¦ˆã€è€...

You may provide a definition with
\DeclareUnicodeCharacter 


! Package inputenc Error: Unicode character ä¿¡ (U+4FE1)
(inputenc)                not set up for use with LaTeX.

See the inputenc package documentation for explanation.
Type  H <return>  for immediate help.
 ...                                              
                                                  
l.18 ...é™çš„æƒ…å†µä¸‹ï¼Œå¤æ‚ç½‘ç»œçš„å†…éƒ¨ä¿¡
                                                  æ¯ä¼ è¾“ã€åé¦ˆã€è€¦å...

You may provide a definition with
\DeclareUnicodeCharacter 


! Package inputenc Error: Unicode character æ¯ (U+606F)
(inputenc)                not set up for use with LaTeX.

See the inputenc package documentation for explanation.
Type  H <return>  for immediate help.
 ...                                              
                                                  
l.18 ...çš„æƒ…å†µä¸‹ï¼Œå¤æ‚ç½‘ç»œçš„å†…éƒ¨ä¿¡æ¯
                                                  ä¼ è¾“ã€åé¦ˆã€è€¦åˆä¸...

You may provide a definition with
\DeclareUnicodeCharacter 


! Package inputenc Error: Unicode character ä¼  (U+4F20)
(inputenc)                not set up for use with LaTeX.

See the inputenc package documentation for explanation.
Type  H <return>  for immediate help.
 ...                                              
                                                  
l.18 ...æƒ…å†µä¸‹ï¼Œå¤æ‚ç½‘ç»œçš„å†…éƒ¨ä¿¡æ¯ä¼ 
                                                  è¾“ã€åé¦ˆã€è€¦åˆä¸å...

You may provide a definition with
\DeclareUnicodeCharacter 


! Package inputenc Error: Unicode character è¾“ (U+8F93)
(inputenc)                not set up for use with LaTeX.

See the inputenc package documentation for explanation.
Type  H <return>  for immediate help.
 ...                                              
                                                  
l.18 ...å†µä¸‹ï¼Œå¤æ‚ç½‘ç»œçš„å†…éƒ¨ä¿¡æ¯ä¼ è¾“
                                                  ã€åé¦ˆã€è€¦åˆä¸å¯é...

You may provide a definition with
\DeclareUnicodeCharacter 


! Package inputenc Error: Unicode character ã€ (U+3001)
(inputenc)                not set up for use with LaTeX.

See the inputenc package documentation for explanation.
Type  H <return>  for immediate help.
 ...                                              
                                                  
l.18 ...ä¸‹ï¼Œå¤æ‚ç½‘ç»œçš„å†…éƒ¨ä¿¡æ¯ä¼ è¾“ã€
                                                  åé¦ˆã€è€¦åˆä¸å¯é¿å…...

You may provide a definition with
\DeclareUnicodeCharacter 


! Package inputenc Error: Unicode character å (U+53CD)
(inputenc)                not set up for use with LaTeX.

See the inputenc package documentation for explanation.
Type  H <return>  for immediate help.
 ...                                              
                                                  
l.18 ...ï¼Œå¤æ‚ç½‘ç»œçš„å†…éƒ¨ä¿¡æ¯ä¼ è¾“ã€å
                                                  é¦ˆã€è€¦åˆä¸å¯é¿å…åœ...

You may provide a definition with
\DeclareUnicodeCharacter 


! Package inputenc Error: Unicode character é¦ˆ (U+9988)
(inputenc)                not set up for use with LaTeX.

See the inputenc package documentation for explanation.
Type  H <return>  for immediate help.
 ...                                              
                                                  
l.18 ...å¤æ‚ç½‘ç»œçš„å†…éƒ¨ä¿¡æ¯ä¼ è¾“ã€åé¦ˆ
                                                  ã€è€¦åˆä¸å¯é¿å…åœ°ä¼...

You may provide a definition with
\DeclareUnicodeCharacter 


! Package inputenc Error: Unicode character ã€ (U+3001)
(inputenc)                not set up for use with LaTeX.

See the inputenc package documentation for explanation.
Type  H <return>  for immediate help.
 ...                                              
                                                  
l.18 ...æ‚ç½‘ç»œçš„å†…éƒ¨ä¿¡æ¯ä¼ è¾“ã€åé¦ˆã€
                                                  è€¦åˆä¸å¯é¿å…åœ°ä¼šäº...

You may provide a definition with
\DeclareUnicodeCharacter 


! Package inputenc Error: Unicode character è€¦ (U+8026)
(inputenc)                not set up for use with LaTeX.

See the inputenc package documentation for explanation.
Type  H <return>  for immediate help.
 ...                                              
                                                  
l.18 ...ç½‘ç»œçš„å†…éƒ¨ä¿¡æ¯ä¼ è¾“ã€åé¦ˆã€è€¦
                                                  åˆä¸å¯é¿å…åœ°ä¼šäº§ç”...

You may provide a definition with
\DeclareUnicodeCharacter 


! Package inputenc Error: Unicode character åˆ (U+5408)
(inputenc)                not set up for use with LaTeX.

See the inputenc package documentation for explanation.
Type  H <return>  for immediate help.
 ...                                              
                                                  
l.18 ...ç»œçš„å†…éƒ¨ä¿¡æ¯ä¼ è¾“ã€åé¦ˆã€è€¦åˆ
                                                  ä¸å¯é¿å…åœ°ä¼šäº§ç”Ÿæ—...

You may provide a definition with
\DeclareUnicodeCharacter 


! Package inputenc Error: Unicode character ä¸ (U+4E0D)
(inputenc)                not set up for use with LaTeX.

See the inputenc package documentation for explanation.
Type  H <return>  for immediate help.
 ...                                              
                                                  
l.18 ...çš„å†…éƒ¨ä¿¡æ¯ä¼ è¾“ã€åé¦ˆã€è€¦åˆä¸
                                                  å¯é¿å…åœ°ä¼šäº§ç”Ÿæ—¶æ»...

You may provide a definition with
\DeclareUnicodeCharacter 


! Package inputenc Error: Unicode character å¯ (U+53EF)
(inputenc)                not set up for use with LaTeX.

See the inputenc package documentation for explanation.
Type  H <return>  for immediate help.
 ...                                              
                                                  
l.18 ...å†…éƒ¨ä¿¡æ¯ä¼ è¾“ã€åé¦ˆã€è€¦åˆä¸å¯
                                                  é¿å…åœ°ä¼šäº§ç”Ÿæ—¶æ»ã€...

You may provide a definition with
\DeclareUnicodeCharacter 


! Package inputenc Error: Unicode character é¿ (U+907F)
(inputenc)                not set up for use with LaTeX.

See the inputenc package documentation for explanation.
Type  H <return>  for immediate help.
 ...                                              
                                                  
l.18 ...éƒ¨ä¿¡æ¯ä¼ è¾“ã€åé¦ˆã€è€¦åˆä¸å¯é¿
                                                  å…åœ°ä¼šäº§ç”Ÿæ—¶æ»ã€‚é€...

You may provide a definition with
\DeclareUnicodeCharacter 


! Package inputenc Error: Unicode character å… (U+514D)
(inputenc)                not set up for use with LaTeX.

See the inputenc package documentation for explanation.
Type  H <return>  for immediate help.
 ...                                              
                                                  
l.18 ...ä¿¡æ¯ä¼ è¾“ã€åé¦ˆã€è€¦åˆä¸å¯é¿å…
                                                  åœ°ä¼šäº§ç”Ÿæ—¶æ»ã€‚é€šå¸...

You may provide a definition with
\DeclareUnicodeCharacter 


! Package inputenc Error: Unicode character åœ° (U+5730)
(inputenc)                not set up for use with LaTeX.

See the inputenc package documentation for explanation.
Type  H <return>  for immediate help.
 ...                                              
                                                  
l.18 ...æ¯ä¼ è¾“ã€åé¦ˆã€è€¦åˆä¸å¯é¿å…åœ°
                                                  ä¼šäº§ç”Ÿæ—¶æ»ã€‚é€šå¸¸ï¼...

You may provide a definition with
\DeclareUnicodeCharacter 


! Package inputenc Error: Unicode character ä¼š (U+4F1A)
(inputenc)                not set up for use with LaTeX.

See the inputenc package documentation for explanation.
Type  H <return>  for immediate help.
 ...                                              
                                                  
l.18 ...ä¼ è¾“ã€åé¦ˆã€è€¦åˆä¸å¯é¿å…åœ°ä¼š
                                                  äº§ç”Ÿæ—¶æ»ã€‚é€šå¸¸ï¼Œæ—...

You may provide a definition with
\DeclareUnicodeCharacter 


! Package inputenc Error: Unicode character äº§ (U+4EA7)
(inputenc)                not set up for use with LaTeX.

See the inputenc package documentation for explanation.
Type  H <return>  for immediate help.
 ...                                              
                                                  
l.18 ...è¾“ã€åé¦ˆã€è€¦åˆä¸å¯é¿å…åœ°ä¼šäº§
                                                  ç”Ÿæ—¶æ»ã€‚é€šå¸¸ï¼Œæ—¶æ»...

You may provide a definition with
\DeclareUnicodeCharacter 


! Package inputenc Error: Unicode character ç”Ÿ (U+751F)
(inputenc)                not set up for use with LaTeX.

See the inputenc package documentation for explanation.
Type  H <return>  for immediate help.
 ...                                              
                                                  
l.18 ...ã€åé¦ˆã€è€¦åˆä¸å¯é¿å…åœ°ä¼šäº§ç”Ÿ
                                                  æ—¶æ»ã€‚é€šå¸¸ï¼Œæ—¶æ»çš...

You may provide a definition with
\DeclareUnicodeCharacter 


! Package inputenc Error: Unicode character æ—¶ (U+65F6)
(inputenc)                not set up for use with LaTeX.

See the inputenc package documentation for explanation.
Type  H <return>  for immediate help.
 ...                                              
                                                  
l.18 ...åé¦ˆã€è€¦åˆä¸å¯é¿å…åœ°ä¼šäº§ç”Ÿæ—¶
                                                  æ»ã€‚é€šå¸¸ï¼Œæ—¶æ»çš„å­...

You may provide a definition with
\DeclareUnicodeCharacter 


! Package inputenc Error: Unicode character æ» (U+6EDE)
(inputenc)                not set up for use with LaTeX.

See the inputenc package documentation for explanation.
Type  H <return>  for immediate help.
 ...                                              
                                                  
l.18 ...é¦ˆã€è€¦åˆä¸å¯é¿å…åœ°ä¼šäº§ç”Ÿæ—¶æ»
                                                  ã€‚é€šå¸¸ï¼Œæ—¶æ»çš„å­˜åœ...
(That makes 100 errors; please try again.) 
Here is how much of TeX's memory you used:
 90 strings out of 492649
 847 string characters out of 6133384
 56400 words of memory out of 5000000
 4072 multiletter control sequences out of 15000+600000
 3640 words of font info for 14 fonts, out of 8000000 for 9000
 1141 hyphenation exceptions out of 8191
 11i,1n,11p,415b,79s stack positions out of 5000i,500n,10000p,200000b,80000s

!  ==> Fatal error occurred, no output PDF file produced!
