\BOOKMARK [0][-]{chapter.1}{\376\377\176\352\213\272}{}% 1
\BOOKMARK [1][-]{section.1.1}{\376\377\145\366\156\336\131\015\147\102\177\121\176\334\151\202\217\360}{chapter.1}% 2
\BOOKMARK [1][-]{section.1.2}{\376\377\145\366\156\336\131\015\147\102\177\121\176\334\122\250\122\233\133\146\166\204\170\024\172\166\200\314\146\157\123\312\163\260\162\266}{chapter.1}% 3
\BOOKMARK [2][-]{subsection.1.2.1}{\376\377\124\014\153\145\166\204\170\024\172\166\200\314\146\157\123\312\163\260\162\266}{section.1.2}% 4
\BOOKMARK [2][-]{subsection.1.2.2}{\376\377\116\000\201\364\140\047\166\204\170\024\172\166\200\314\146\157\123\312\163\260\162\266}{section.1.2}% 5
\BOOKMARK [1][-]{section.1.3}{\376\377\201\011\121\262\143\247\122\066\166\204\170\024\172\166\200\314\146\157\123\312\163\260\162\266}{chapter.1}% 6
\BOOKMARK [2][-]{subsection.1.3.1}{\376\377\201\011\121\262\143\247\122\066\166\204\170\024\172\166\200\314\146\157}{section.1.3}% 7
\BOOKMARK [2][-]{subsection.1.3.2}{\376\377\201\011\121\262\143\247\122\066\166\204\170\024\172\166\163\260\162\266}{section.1.3}% 8
\BOOKMARK [1][-]{section.1.4}{\376\377\230\204\131\007\167\345\213\306}{chapter.1}% 9
\BOOKMARK [2][-]{subsection.1.4.1}{\376\377\116\343\145\160\126\376\164\006\213\272}{section.1.4}% 10
\BOOKMARK [2][-]{subsection.1.4.2}{\376\377\167\351\226\065\164\006\213\272}{section.1.4}% 11
\BOOKMARK [1][-]{section.1.5}{\376\377\147\054\145\207\166\204\116\073\211\201\121\205\133\271\124\214\122\033\145\260\160\271}{chapter.1}% 12
\BOOKMARK [2][-]{subsection.1.5.1}{\376\377\116\073\211\201\170\024\172\166\121\205\133\271}{section.1.5}% 13
\BOOKMARK [2][-]{subsection.1.5.2}{\376\377\116\073\211\201\122\033\145\260\160\271}{section.1.5}% 14
\BOOKMARK [0][-]{chapter.2}{\376\377\116\044\171\315\127\372\116\216\000r\000\351\000n\000y\000i\161\265\166\204\122\006\145\160\226\066\175\057\213\241\122\151\117\131\145\366\225\364\136\217\122\027\136\246\221\317}{}% 15
\BOOKMARK [1][-]{section.2.1}{\376\377\137\025\212\000}{chapter.2}% 16
\BOOKMARK [1][-]{section.2.2}{\376\377\000R\000\351\000n\000y\000i\000\040\000c\000u\000m\000u\000l\000a\000t\000i\000v\000e\000\040\000r\000e\000s\000i\000d\000u\000a\000l\000\040\000k\000u\000l\000l\000b\000a\000c\000k\000-\000l\000e\000i\000b\000l\000u\000e\000r\000\040\000d\000i\000v\000e\000r\000g\000e\000n\000c\000e\123\312\121\166\140\047\215\050}{chapter.2}% 17
\BOOKMARK [1][-]{section.2.3}{\376\377\000R\000\351\000n\000y\000i\000\040\000c\000u\000m\000u\000l\000a\000t\000i\000v\000e\000\040\000r\000e\000s\000i\000d\000u\000a\000l\000\040\000t\000r\000a\000n\000s\000f\000e\000r\000\040\000e\000n\000t\000r\000o\000p\000y\123\312\121\166\140\047\215\050}{chapter.2}% 18
\BOOKMARK [1][-]{section.2.4}{\376\377\116\377\167\037\145\160\143\156\133\236\117\213}{chapter.2}% 19
\BOOKMARK [2][-]{subsection.2.4.1}{\376\377\000V\000A\000R\000\040\152\041\127\213}{section.2.4}% 20
\BOOKMARK [2][-]{subsection.2.4.2}{\376\377\000H\000\351\000n\000o\000n\146\040\134\004}{section.2.4}% 21
\BOOKMARK [2][-]{subsection.2.4.3}{\376\377\121\163\116\216\000\040\000R\000C\000R\000K\000L\000\040\166\204\116\377\167\037\133\236\232\214\176\323\147\234}{section.2.4}% 22
\BOOKMARK [2][-]{subsection.2.4.4}{\376\377\121\163\116\216\000\040\000R\000C\000R\000T\000E\000\040\166\204\116\377\167\037\133\236\232\214\176\323\147\234}{section.2.4}% 23
\BOOKMARK [1][-]{section.2.5}{\376\377\133\236\117\213\136\224\165\050}{chapter.2}% 24
\BOOKMARK [2][-]{subsection.2.5.1}{\376\377\127\372\116\216\000\040\000R\000C\000R\000K\000L\000\040\166\204\217\146\217\231\145\366\225\364\136\217\122\027\200\132\174\173\176\323\147\234\123\312\213\250\213\272}{section.2.5}% 25
\BOOKMARK [2][-]{subsection.2.5.2}{\376\377\127\372\116\216\000\040\000R\000C\000R\000T\000E\000\040\166\204\217\146\217\231\145\366\225\364\136\217\122\027\126\340\147\234\150\300\155\113\176\323\147\234\123\312\213\250\213\272}{section.2.5}% 26
\BOOKMARK [1][-]{section.2.6}{\376\377\134\017\176\323}{chapter.2}% 27
\BOOKMARK [0][-]{chapter.3}{\376\377\127\372\116\216\201\352\220\002\136\224\134\017\154\342\122\006\211\343\124\214\131\032\121\103\150\070\133\306\136\246\117\060\213\241\166\204\131\032\134\072\136\246\126\340\147\234\143\250\145\255}{}% 28
\BOOKMARK [1][-]{section.3.1}{\376\377\137\025\212\000}{chapter.3}% 29
\BOOKMARK [1][-]{section.3.2}{\376\377\152\041\127\213\143\317\217\360}{chapter.3}% 30
\BOOKMARK [2][-]{subsection.3.2.1}{\376\377\230\204\131\007\167\345\213\306}{section.3.2}% 31
\BOOKMARK [2][-]{subsection.3.2.2}{\376\377\127\372\116\216\201\352\177\026\170\001\126\150\166\204\201\352\220\002\136\224\171\273\145\143\134\017\154\342\122\006\211\343}{section.3.2}% 32
\BOOKMARK [2][-]{subsection.3.2.3}{\376\377\127\372\116\216\150\070\133\306\136\246\117\060\213\241\166\204\000r\000\351\000n\000y\000i\000\040\117\040\220\022\161\265}{section.3.2}% 33
\BOOKMARK [1][-]{section.3.3}{\376\377\133\236\232\214\176\323\147\234\123\312\213\250\213\272}{chapter.3}% 34
\BOOKMARK [2][-]{subsection.3.3.1}{\376\377\145\160\143\156\173\200\116\313}{section.3.3}% 35
\BOOKMARK [2][-]{subsection.3.3.2}{\376\377\127\372\121\306\145\160\143\156\226\306\000C\000a\000u\000s\000e\000E\000f\000f\000e\000c\000t\000P\000a\000i\000r\000s}{section.3.3}% 36
\BOOKMARK [2][-]{subsection.3.3.3}{\376\377\000R\000I\000O\000H\000T\000r\000a\000c\000k\145\160\143\156\226\306}{section.3.3}% 37
\BOOKMARK [2][-]{subsection.3.3.4}{\376\377\176\323\147\234\123\312\122\006\147\220}{section.3.3}% 38
\BOOKMARK [1][-]{section.3.4}{\376\377\134\017\176\323}{chapter.3}% 39
\BOOKMARK [0][-]{chapter.4}{\376\377\127\372\116\216\131\032\176\247\134\017\154\342\122\006\211\343\124\214\117\040\220\022\161\265\166\204\217\146\217\231\230\204\155\113\136\372\152\041\124\214\137\161\124\315\126\340\175\040\122\006\147\220\155\367\124\010\150\106\147\266}{}% 40
\BOOKMARK [1][-]{section.4.1}{\376\377\137\025\212\000}{chapter.4}% 41
\BOOKMARK [1][-]{section.4.2}{\376\377\166\370\121\163\135\345\117\134}{chapter.4}% 42
\BOOKMARK [2][-]{subsection.4.2.1}{\376\377\217\146\217\231\230\204\155\113\152\041\127\213}{section.4.2}% 43
\BOOKMARK [2][-]{subsection.4.2.2}{\376\377\215\357\227\142\147\120\145\231\124\214\176\323\147\204\166\204\227\136\172\063\140\001\145\366\225\364\136\217\122\027\230\204\155\113}{section.4.2}% 44
\BOOKMARK [1][-]{section.4.3}{\376\377\152\041\127\213\143\317\217\360}{chapter.4}% 45
\BOOKMARK [2][-]{subsection.4.3.1}{\376\377\145\366\225\364\136\217\122\027\230\204\155\113\152\041\127\213}{section.4.3}% 46
\BOOKMARK [2][-]{subsection.4.3.2}{\376\377\116\073\211\201\176\323\147\234}{section.4.3}% 47
\BOOKMARK [2][-]{subsection.4.3.3}{\376\377\145\160\120\074\133\236\117\213}{section.4.3}% 48
\BOOKMARK [1][-]{section.4.4}{\376\377\122\006\136\003\137\017\231\161\124\214\201\011\121\262\143\247\122\066\116\013\227\136\176\277\140\047\145\366\156\336\131\032\146\172\200\375\117\123\174\373\176\337\166\204\134\100\220\350\116\000\201\364\140\047}{chapter.4}% 49
\BOOKMARK [2][-]{subsection.4.4.1}{\376\377\152\041\127\213\143\317\217\360}{section.4.4}% 50
\BOOKMARK [2][-]{subsection.4.4.2}{\376\377\116\073\211\201\176\323\147\234}{section.4.4}% 51
\BOOKMARK [2][-]{subsection.4.4.3}{\376\377\117\030\123\026\225\356\230\230}{section.4.4}% 52
\BOOKMARK [2][-]{subsection.4.4.4}{\376\377\145\160\120\074\133\236\117\213}{section.4.4}% 53
\BOOKMARK [1][-]{section.4.5}{\376\377\134\017\176\323}{chapter.4}% 54
\BOOKMARK [0][-]{chapter.5}{\376\377\140\073\176\323\116\016\134\125\147\033}{}% 55
\BOOKMARK [1][-]{section.5.1}{\376\377\140\073\176\323}{chapter.5}% 56
\BOOKMARK [1][-]{section.5.2}{\376\377\134\125\147\033}{chapter.5}% 57
\BOOKMARK [0][-]{appendix.A}{\376\377\123\132\130\353\147\037\225\364\144\260\121\231\124\214\123\321\210\150\166\204\213\272\145\207}{}% 58
\BOOKMARK [0][-]{appendix.B}{\376\377\123\132\130\353\147\037\225\364\116\073\143\001\124\214\123\302\122\240\166\204\171\321\170\024\230\171\166\356\060\001\133\146\147\057\117\032\213\256\124\214\203\267\137\227\166\204\203\143\212\211}{}% 59
